13:54:22.335 [main] INFO  app.passwd.PasswdApplication - Starting PasswdApplication using Java 17.0.4 on smbldap with PID 10553 (/home/inono/Projects/school-passwd/target/classes started by inono in /home/inono/Projects/school-passwd)
13:54:22.342 [main] INFO  app.passwd.PasswdApplication - No active profile set, falling back to 1 default profile: "default"
13:54:23.753 [main] INFO  o.s.d.r.c.RepositoryConfigurationDelegate - Bootstrapping Spring Data JPA repositories in DEFAULT mode.
13:54:23.815 [main] INFO  o.s.d.r.c.RepositoryConfigurationDelegate - Finished Spring Data repository scanning in 51 ms. Found 2 JPA repository interfaces.
13:54:24.764 [main] INFO  o.s.b.w.e.tomcat.TomcatWebServer - Tomcat initialized with port(s): 8080 (http)
13:54:24.792 [main] INFO  o.a.coyote.http11.Http11NioProtocol - Initializing ProtocolHandler ["http-nio-8080"]
13:54:24.793 [main] INFO  o.a.catalina.core.StandardService - Starting service [Tomcat]
13:54:24.794 [main] INFO  o.a.catalina.core.StandardEngine - Starting Servlet engine: [Apache Tomcat/9.0.65]
13:54:24.958 [main] INFO  o.a.c.c.C.[Tomcat].[localhost].[/] - Initializing Spring embedded WebApplicationContext
13:54:24.959 [main] INFO  o.s.b.w.s.c.ServletWebServerApplicationContext - Root WebApplicationContext: initialization completed in 2528 ms
13:54:25.399 [main] INFO  com.zaxxer.hikari.HikariDataSource - HikariPool-1 - Starting...
13:54:25.615 [main] INFO  com.zaxxer.hikari.HikariDataSource - HikariPool-1 - Start completed.
13:54:25.729 [main] INFO  o.h.jpa.internal.util.LogHelper - HHH000204: Processing PersistenceUnitInfo [name: default]
13:54:25.805 [main] INFO  org.hibernate.Version - HHH000412: Hibernate ORM core version 5.6.10.Final
13:54:26.027 [main] INFO  o.h.annotations.common.Version - HCANN000001: Hibernate Commons Annotations {5.1.2.Final}
13:54:26.249 [main] INFO  org.hibernate.dialect.Dialect - HHH000400: Using dialect: org.hibernate.dialect.H2Dialect
13:54:26.974 [main] INFO  o.h.e.t.j.p.i.JtaPlatformInitiator - HHH000490: Using JtaPlatform implementation: [org.hibernate.engine.transaction.jta.platform.internal.NoJtaPlatform]
13:54:26.999 [main] INFO  o.s.o.j.LocalContainerEntityManagerFactoryBean - Initialized JPA EntityManagerFactory for persistence unit 'default'
13:54:27.535 [main] WARN  o.s.b.a.o.j.JpaBaseConfiguration$JpaWebConfiguration - spring.jpa.open-in-view is enabled by default. Therefore, database queries may be performed during view rendering. Explicitly configure spring.jpa.open-in-view to disable this warning
13:54:27.892 [main] WARN  o.t.templatemode.TemplateMode - [THYMELEAF][main] Template Mode 'LEGACYHTML5' is deprecated. Using Template Mode 'HTML' instead.
13:54:28.025 [main] INFO  o.s.l.c.s.AbstractContextSource - Property 'userDn' not set - anonymous context will be used for read-write operations
13:54:28.084 [main] INFO  o.a.coyote.http11.Http11NioProtocol - Starting ProtocolHandler ["http-nio-8080"]
13:54:28.124 [main] INFO  o.s.b.w.e.tomcat.TomcatWebServer - Tomcat started on port(s): 8080 (http) with context path ''
13:54:28.139 [main] INFO  app.passwd.PasswdApplication - Started PasswdApplication in 6.621 seconds (JVM running for 7.757)
13:54:28.341 [main] INFO  a.p.PasswdApplication$$EnhancerBySpringCGLIB$$ad3a41a4 - jws:
13:54:28.341 [main] INFO  a.p.PasswdApplication$$EnhancerBySpringCGLIB$$ad3a41a4 - eyJhbGciOiJIUzI1NiJ9.eyJzdWIiOiJpZ29nbyJ9.qbqwFe6EVpyfqzb0ropSM0P0h1ev9-st9vb9NuoR3Oc
13:54:28.342 [main] INFO  a.p.PasswdApplication$$EnhancerBySpringCGLIB$$ad3a41a4 - working dir:/home/inono/Projects/school-passwd
13:54:28.496 [main] INFO  a.p.PasswdApplication$$EnhancerBySpringCGLIB$$ad3a41a4 - 帳號整合服務成功啟動
13:59:38.815 [http-nio-8080-exec-1] INFO  o.a.c.c.C.[Tomcat].[localhost].[/] - Initializing Spring DispatcherServlet 'dispatcherServlet'
13:59:38.817 [http-nio-8080-exec-1] INFO  o.s.web.servlet.DispatcherServlet - Initializing Servlet 'dispatcherServlet'
13:59:38.819 [http-nio-8080-exec-1] INFO  o.s.web.servlet.DispatcherServlet - Completed initialization in 2 ms
14:25:05.605 [SpringApplicationShutdownHook] INFO  o.s.o.j.LocalContainerEntityManagerFactoryBean - Closing JPA EntityManagerFactory for persistence unit 'default'
14:25:05.615 [SpringApplicationShutdownHook] INFO  o.h.t.s.i.SchemaDropperImpl$DelayedDropActionImpl - HHH000477: Starting delayed evictData of schema as part of SessionFactory shut-down'
14:25:05.626 [SpringApplicationShutdownHook] INFO  com.zaxxer.hikari.HikariDataSource - HikariPool-1 - Shutdown initiated...
14:25:05.629 [SpringApplicationShutdownHook] INFO  com.zaxxer.hikari.HikariDataSource - HikariPool-1 - Shutdown completed.
