11:42:53.880 [main] INFO  app.passwd.PasswdApplication - Starting PasswdApplication using Java 17.0.5 on smbldap with PID 27654 (/home/inono/Projects/school-passwd/target/classes started by root in /home/inono/Projects/school-passwd)
11:42:53.885 [main] INFO  app.passwd.PasswdApplication - No active profile set, falling back to 1 default profile: "default"
11:42:55.932 [main] INFO  o.s.d.r.c.RepositoryConfigurationDelegate - Bootstrapping Spring Data JPA repositories in DEFAULT mode.
11:42:56.145 [main] INFO  o.s.d.r.c.RepositoryConfigurationDelegate - Finished Spring Data repository scanning in 147 ms. Found 2 JPA repository interfaces.
11:42:58.981 [main] INFO  o.s.b.w.e.tomcat.TomcatWebServer - Tomcat initialized with port(s): 80 (http)
11:42:59.040 [main] INFO  o.a.coyote.http11.Http11NioProtocol - Initializing ProtocolHandler ["http-nio-80"]
11:42:59.042 [main] INFO  o.a.catalina.core.StandardService - Starting service [Tomcat]
11:42:59.042 [main] INFO  o.a.catalina.core.StandardEngine - Starting Servlet engine: [Apache Tomcat/9.0.69]
11:42:59.661 [main] INFO  o.a.c.c.C.[Tomcat].[localhost].[/] - Initializing Spring embedded WebApplicationContext
11:42:59.665 [main] INFO  o.s.b.w.s.c.ServletWebServerApplicationContext - Root WebApplicationContext: initialization completed in 5693 ms
11:43:00.971 [main] INFO  com.zaxxer.hikari.HikariDataSource - HikariPool-1 - Starting...
11:43:01.988 [main] INFO  com.zaxxer.hikari.HikariDataSource - HikariPool-1 - Start completed.
11:43:02.437 [main] INFO  o.h.jpa.internal.util.LogHelper - HHH000204: Processing PersistenceUnitInfo [name: default]
11:43:03.477 [main] INFO  org.hibernate.Version - HHH000412: Hibernate ORM core version 5.6.14.Final
11:43:04.500 [main] INFO  o.h.annotations.common.Version - HCANN000001: Hibernate Commons Annotations {5.1.2.Final}
11:43:05.703 [main] INFO  org.hibernate.dialect.Dialect - HHH000400: Using dialect: org.hibernate.dialect.H2Dialect
11:43:07.896 [main] INFO  o.h.e.t.j.p.i.JtaPlatformInitiator - HHH000490: Using JtaPlatform implementation: [org.hibernate.engine.transaction.jta.platform.internal.NoJtaPlatform]
11:43:07.905 [main] INFO  o.s.o.j.LocalContainerEntityManagerFactoryBean - Initialized JPA EntityManagerFactory for persistence unit 'default'
11:43:08.710 [main] WARN  o.s.b.a.o.j.JpaBaseConfiguration$JpaWebConfiguration - spring.jpa.open-in-view is enabled by default. Therefore, database queries may be performed during view rendering. Explicitly configure spring.jpa.open-in-view to disable this warning
11:43:09.218 [main] WARN  o.t.templatemode.TemplateMode - [THYMELEAF][main] Template Mode 'LEGACYHTML5' is deprecated. Using Template Mode 'HTML' instead.
11:43:09.365 [main] INFO  o.s.l.c.s.AbstractContextSource - Property 'userDn' not set - anonymous context will be used for read-write operations
11:43:09.469 [main] INFO  o.a.coyote.http11.Http11NioProtocol - Starting ProtocolHandler ["http-nio-80"]
11:43:09.686 [main] INFO  o.s.b.w.e.tomcat.TomcatWebServer - Tomcat started on port(s): 80 (http) with context path ''
11:43:09.711 [main] INFO  app.passwd.PasswdApplication - Started PasswdApplication in 17.721 seconds (JVM running for 18.446)
11:43:09.718 [main] INFO  app.passwd.PasswdApplication - working dir:/home/inono/Projects/school-passwd
11:43:09.887 [main] INFO  app.passwd.PasswdApplication - 帳號整合服務成功啟動
11:43:31.937 [http-nio-80-exec-1] INFO  o.a.c.c.C.[Tomcat].[localhost].[/] - Initializing Spring DispatcherServlet 'dispatcherServlet'
11:43:31.938 [http-nio-80-exec-1] INFO  o.s.web.servlet.DispatcherServlet - Initializing Servlet 'dispatcherServlet'
11:43:31.941 [http-nio-80-exec-1] INFO  o.s.web.servlet.DispatcherServlet - Completed initialization in 0 ms
11:43:32.829 [http-nio-80-exec-1] INFO  a.passwd.controller.IndexController - 1.需請求取得認證授權,轉到 https://api.tc.edu.tw/school-oauth/authorize
11:43:59.430 [http-nio-80-exec-2] INFO  a.p.controller.CallbackController - b119ff903476b110924db01f8a6db60cd5b68f349df3d8104fd1fbc5e8b558bd
11:43:59.460 [http-nio-80-exec-2] INFO  a.p.controller.CallbackController - 3.取得code:{"school_no":"064757","username":"igogo","role":"teacher","name":"\u5433\u5609\u7965","edu_key":"","title_name":"\u79d1\u4efb\u6559\u5e2b","title_kind":"\u5c08\u4efb\u6559\u5e2b"}
11:43:59.544 [http-nio-80-exec-2] INFO  a.p.controller.CallbackController - {"school_no":"064757","username":"igogo","role":"teacher","name":"吳嘉祥","edu_key":"","title_name":"科任教師","title_kind":"專任教師"}
11:43:59.595 [http-nio-80-exec-2] INFO  app.passwd.service.Oauth2Client - 4. 進行client_credientials flow 取得token.
11:44:01.022 [http-nio-80-exec-2] INFO  a.p.controller.admin.AdminController - {"school_no":"064757","username":"igogo","adusername":"igogo","role":"teacher","name":"吳嘉祥","edu_key":""}
11:44:08.564 [http-nio-80-exec-6] INFO  app.passwd.service.SemesterData - 取得semester data - endpoint:https://api.tc.edu.tw/semester-data
11:47:12.994 [SpringApplicationShutdownHook] INFO  o.s.o.j.LocalContainerEntityManagerFactoryBean - Closing JPA EntityManagerFactory for persistence unit 'default'
11:47:12.998 [SpringApplicationShutdownHook] INFO  o.h.t.s.i.SchemaDropperImpl$DelayedDropActionImpl - HHH000477: Starting delayed evictData of schema as part of SessionFactory shut-down'
11:47:13.058 [SpringApplicationShutdownHook] INFO  com.zaxxer.hikari.HikariDataSource - HikariPool-1 - Shutdown initiated...
11:47:13.191 [SpringApplicationShutdownHook] INFO  com.zaxxer.hikari.HikariDataSource - HikariPool-1 - Shutdown completed.
11:47:34.215 [main] INFO  app.passwd.PasswdApplication - Starting PasswdApplication using Java 17.0.5 on smbldap with PID 29069 (/home/inono/Projects/school-passwd/target/classes started by root in /home/inono/Projects/school-passwd)
11:47:34.234 [main] INFO  app.passwd.PasswdApplication - No active profile set, falling back to 1 default profile: "default"
11:47:35.513 [main] INFO  o.s.d.r.c.RepositoryConfigurationDelegate - Bootstrapping Spring Data JPA repositories in DEFAULT mode.
11:47:35.649 [main] INFO  o.s.d.r.c.RepositoryConfigurationDelegate - Finished Spring Data repository scanning in 118 ms. Found 2 JPA repository interfaces.
11:47:36.727 [main] INFO  o.s.b.w.e.tomcat.TomcatWebServer - Tomcat initialized with port(s): 80 (http)
11:47:36.746 [main] INFO  o.a.coyote.http11.Http11NioProtocol - Initializing ProtocolHandler ["http-nio-80"]
11:47:36.747 [main] INFO  o.a.catalina.core.StandardService - Starting service [Tomcat]
11:47:36.748 [main] INFO  o.a.catalina.core.StandardEngine - Starting Servlet engine: [Apache Tomcat/9.0.69]
11:47:36.980 [main] INFO  o.a.c.c.C.[Tomcat].[localhost].[/] - Initializing Spring embedded WebApplicationContext
11:47:36.981 [main] INFO  o.s.b.w.s.c.ServletWebServerApplicationContext - Root WebApplicationContext: initialization completed in 2669 ms
11:47:37.542 [main] INFO  com.zaxxer.hikari.HikariDataSource - HikariPool-1 - Starting...
11:47:37.839 [main] INFO  com.zaxxer.hikari.HikariDataSource - HikariPool-1 - Start completed.
11:47:37.969 [main] INFO  o.h.jpa.internal.util.LogHelper - HHH000204: Processing PersistenceUnitInfo [name: default]
11:47:38.055 [main] INFO  org.hibernate.Version - HHH000412: Hibernate ORM core version 5.6.14.Final
11:47:38.251 [main] INFO  o.h.annotations.common.Version - HCANN000001: Hibernate Commons Annotations {5.1.2.Final}
11:47:38.509 [main] INFO  org.hibernate.dialect.Dialect - HHH000400: Using dialect: org.hibernate.dialect.H2Dialect
11:47:39.305 [main] INFO  o.h.e.t.j.p.i.JtaPlatformInitiator - HHH000490: Using JtaPlatform implementation: [org.hibernate.engine.transaction.jta.platform.internal.NoJtaPlatform]
11:47:39.326 [main] INFO  o.s.o.j.LocalContainerEntityManagerFactoryBean - Initialized JPA EntityManagerFactory for persistence unit 'default'
11:47:39.890 [main] WARN  o.s.b.a.o.j.JpaBaseConfiguration$JpaWebConfiguration - spring.jpa.open-in-view is enabled by default. Therefore, database queries may be performed during view rendering. Explicitly configure spring.jpa.open-in-view to disable this warning
11:47:40.217 [main] WARN  o.t.templatemode.TemplateMode - [THYMELEAF][main] Template Mode 'LEGACYHTML5' is deprecated. Using Template Mode 'HTML' instead.
11:47:40.333 [main] INFO  o.s.l.c.s.AbstractContextSource - Property 'userDn' not set - anonymous context will be used for read-write operations
11:47:40.409 [main] INFO  o.a.coyote.http11.Http11NioProtocol - Starting ProtocolHandler ["http-nio-80"]
11:47:40.444 [main] INFO  o.s.b.w.e.tomcat.TomcatWebServer - Tomcat started on port(s): 80 (http) with context path ''
11:47:40.475 [main] INFO  app.passwd.PasswdApplication - Started PasswdApplication in 7.274 seconds (JVM running for 8.007)
11:47:40.484 [main] INFO  app.passwd.PasswdApplication - working dir:/home/inono/Projects/school-passwd
11:47:40.705 [main] INFO  app.passwd.PasswdApplication - 帳號整合服務成功啟動
11:49:03.380 [http-nio-80-exec-1] INFO  o.a.c.c.C.[Tomcat].[localhost].[/] - Initializing Spring DispatcherServlet 'dispatcherServlet'
11:49:03.392 [http-nio-80-exec-1] INFO  o.s.web.servlet.DispatcherServlet - Initializing Servlet 'dispatcherServlet'
11:49:03.396 [http-nio-80-exec-1] INFO  o.s.web.servlet.DispatcherServlet - Completed initialization in 1 ms
11:49:04.178 [http-nio-80-exec-3] INFO  a.passwd.controller.IndexController - 1.需請求取得認證授權,轉到 https://api.tc.edu.tw/school-oauth/authorize
11:49:14.761 [http-nio-80-exec-4] INFO  a.p.controller.CallbackController - ef971a49af3d639f94ddcb48fdb9de85620a34f0b7167e2fc32a610aed96c993
11:49:14.779 [http-nio-80-exec-4] INFO  a.p.controller.CallbackController - 3.取得code:{"school_no":"064757","username":"igogo","role":"teacher","name":"\u5433\u5609\u7965","edu_key":"","title_name":"\u79d1\u4efb\u6559\u5e2b","title_kind":"\u5c08\u4efb\u6559\u5e2b"}
11:49:14.834 [http-nio-80-exec-4] INFO  a.p.controller.CallbackController - {"school_no":"064757","username":"igogo","role":"teacher","name":"吳嘉祥","edu_key":"","title_name":"科任教師","title_kind":"專任教師"}
11:49:14.845 [http-nio-80-exec-4] INFO  app.passwd.service.Oauth2Client - 4. 進行client_credientials flow 取得token.
11:49:16.284 [http-nio-80-exec-4] INFO  a.p.controller.admin.AdminController - {"school_no":"064757","username":"igogo","adusername":"igogo","role":"teacher","name":"吳嘉祥","edu_key":""}
11:49:20.272 [http-nio-80-exec-7] INFO  app.passwd.service.SemesterData - 取得semester data - endpoint:https://api.tc.edu.tw/semester-data
11:50:42.464 [SpringApplicationShutdownHook] INFO  o.s.o.j.LocalContainerEntityManagerFactoryBean - Closing JPA EntityManagerFactory for persistence unit 'default'
11:50:42.465 [SpringApplicationShutdownHook] INFO  o.h.t.s.i.SchemaDropperImpl$DelayedDropActionImpl - HHH000477: Starting delayed evictData of schema as part of SessionFactory shut-down'
11:50:42.475 [SpringApplicationShutdownHook] INFO  com.zaxxer.hikari.HikariDataSource - HikariPool-1 - Shutdown initiated...
11:50:42.484 [SpringApplicationShutdownHook] INFO  com.zaxxer.hikari.HikariDataSource - HikariPool-1 - Shutdown completed.
11:50:57.057 [main] INFO  app.passwd.PasswdApplication - Starting PasswdApplication using Java 17.0.5 on smbldap with PID 29832 (/home/inono/Projects/school-passwd/target/classes started by root in /home/inono/Projects/school-passwd)
11:50:57.063 [main] INFO  app.passwd.PasswdApplication - No active profile set, falling back to 1 default profile: "default"
11:50:58.068 [main] INFO  o.s.d.r.c.RepositoryConfigurationDelegate - Bootstrapping Spring Data JPA repositories in DEFAULT mode.
11:50:58.120 [main] INFO  o.s.d.r.c.RepositoryConfigurationDelegate - Finished Spring Data repository scanning in 42 ms. Found 2 JPA repository interfaces.
11:50:58.726 [main] INFO  o.s.b.w.e.tomcat.TomcatWebServer - Tomcat initialized with port(s): 80 (http)
11:50:58.736 [main] INFO  o.a.coyote.http11.Http11NioProtocol - Initializing ProtocolHandler ["http-nio-80"]
11:50:58.737 [main] INFO  o.a.catalina.core.StandardService - Starting service [Tomcat]
11:50:58.738 [main] INFO  o.a.catalina.core.StandardEngine - Starting Servlet engine: [Apache Tomcat/9.0.69]
11:50:58.865 [main] INFO  o.a.c.c.C.[Tomcat].[localhost].[/] - Initializing Spring embedded WebApplicationContext
11:50:58.866 [main] INFO  o.s.b.w.s.c.ServletWebServerApplicationContext - Root WebApplicationContext: initialization completed in 1660 ms
11:50:59.203 [main] INFO  com.zaxxer.hikari.HikariDataSource - HikariPool-1 - Starting...
11:50:59.371 [main] INFO  com.zaxxer.hikari.HikariDataSource - HikariPool-1 - Start completed.
11:50:59.432 [main] INFO  o.h.jpa.internal.util.LogHelper - HHH000204: Processing PersistenceUnitInfo [name: default]
11:50:59.493 [main] INFO  org.hibernate.Version - HHH000412: Hibernate ORM core version 5.6.14.Final
11:50:59.631 [main] INFO  o.h.annotations.common.Version - HCANN000001: Hibernate Commons Annotations {5.1.2.Final}
11:50:59.788 [main] INFO  org.hibernate.dialect.Dialect - HHH000400: Using dialect: org.hibernate.dialect.H2Dialect
11:51:00.358 [main] INFO  o.h.e.t.j.p.i.JtaPlatformInitiator - HHH000490: Using JtaPlatform implementation: [org.hibernate.engine.transaction.jta.platform.internal.NoJtaPlatform]
11:51:00.365 [main] INFO  o.s.o.j.LocalContainerEntityManagerFactoryBean - Initialized JPA EntityManagerFactory for persistence unit 'default'
11:51:01.147 [main] WARN  o.s.b.a.o.j.JpaBaseConfiguration$JpaWebConfiguration - spring.jpa.open-in-view is enabled by default. Therefore, database queries may be performed during view rendering. Explicitly configure spring.jpa.open-in-view to disable this warning
11:51:01.445 [main] WARN  o.t.templatemode.TemplateMode - [THYMELEAF][main] Template Mode 'LEGACYHTML5' is deprecated. Using Template Mode 'HTML' instead.
11:51:01.510 [main] INFO  o.s.l.c.s.AbstractContextSource - Property 'userDn' not set - anonymous context will be used for read-write operations
11:51:01.566 [main] INFO  o.a.coyote.http11.Http11NioProtocol - Starting ProtocolHandler ["http-nio-80"]
11:51:01.587 [main] INFO  o.s.b.w.e.tomcat.TomcatWebServer - Tomcat started on port(s): 80 (http) with context path ''
11:51:01.616 [main] INFO  app.passwd.PasswdApplication - Started PasswdApplication in 5.874 seconds (JVM running for 6.718)
11:51:01.622 [main] INFO  app.passwd.PasswdApplication - working dir:/home/inono/Projects/school-passwd
11:51:01.736 [main] INFO  app.passwd.PasswdApplication - 帳號整合服務成功啟動
11:51:37.253 [http-nio-80-exec-1] INFO  o.a.c.c.C.[Tomcat].[localhost].[/] - Initializing Spring DispatcherServlet 'dispatcherServlet'
11:51:37.264 [http-nio-80-exec-1] INFO  o.s.web.servlet.DispatcherServlet - Initializing Servlet 'dispatcherServlet'
11:51:37.279 [http-nio-80-exec-1] INFO  o.s.web.servlet.DispatcherServlet - Completed initialization in 11 ms
11:51:38.033 [http-nio-80-exec-2] INFO  a.passwd.controller.IndexController - 1.需請求取得認證授權,轉到 https://api.tc.edu.tw/school-oauth/authorize
11:51:44.334 [http-nio-80-exec-3] INFO  a.p.controller.CallbackController - 2fcc75ea5882af86c365ee81fe2a5df468241c7218d1fc74b18016b96182a51e
11:51:44.363 [http-nio-80-exec-3] INFO  a.p.controller.CallbackController - 3.取得code:{"school_no":"064757","username":"igogo","role":"teacher","name":"\u5433\u5609\u7965","edu_key":"","title_name":"\u79d1\u4efb\u6559\u5e2b","title_kind":"\u5c08\u4efb\u6559\u5e2b"}
11:51:44.402 [http-nio-80-exec-3] INFO  a.p.controller.CallbackController - {"school_no":"064757","username":"igogo","role":"teacher","name":"吳嘉祥","edu_key":"","title_name":"科任教師","title_kind":"專任教師"}
11:51:44.426 [http-nio-80-exec-3] INFO  app.passwd.service.Oauth2Client - 4. 進行client_credientials flow 取得token.
11:51:45.106 [http-nio-80-exec-4] INFO  a.p.controller.admin.AdminController - {"school_no":"064757","username":"igogo","adusername":"igogo","role":"teacher","name":"吳嘉祥","edu_key":""}
11:51:48.648 [http-nio-80-exec-7] INFO  app.passwd.service.SemesterData - 取得semester data - endpoint:https://api.tc.edu.tw/semester-data
11:53:31.658 [SpringApplicationShutdownHook] INFO  o.s.o.j.LocalContainerEntityManagerFactoryBean - Closing JPA EntityManagerFactory for persistence unit 'default'
11:53:31.670 [SpringApplicationShutdownHook] INFO  o.h.t.s.i.SchemaDropperImpl$DelayedDropActionImpl - HHH000477: Starting delayed evictData of schema as part of SessionFactory shut-down'
11:53:31.711 [SpringApplicationShutdownHook] INFO  com.zaxxer.hikari.HikariDataSource - HikariPool-1 - Shutdown initiated...
11:53:31.755 [SpringApplicationShutdownHook] INFO  com.zaxxer.hikari.HikariDataSource - HikariPool-1 - Shutdown completed.
11:53:47.194 [main] INFO  app.passwd.PasswdApplication - Starting PasswdApplication using Java 17.0.5 on smbldap with PID 30485 (/home/inono/Projects/school-passwd/target/classes started by root in /home/inono/Projects/school-passwd)
11:53:47.197 [main] INFO  app.passwd.PasswdApplication - No active profile set, falling back to 1 default profile: "default"
11:53:48.063 [main] INFO  o.s.d.r.c.RepositoryConfigurationDelegate - Bootstrapping Spring Data JPA repositories in DEFAULT mode.
11:53:48.125 [main] INFO  o.s.d.r.c.RepositoryConfigurationDelegate - Finished Spring Data repository scanning in 53 ms. Found 2 JPA repository interfaces.
11:53:48.748 [main] INFO  o.s.b.w.e.tomcat.TomcatWebServer - Tomcat initialized with port(s): 80 (http)
11:53:48.758 [main] INFO  o.a.coyote.http11.Http11NioProtocol - Initializing ProtocolHandler ["http-nio-80"]
11:53:48.759 [main] INFO  o.a.catalina.core.StandardService - Starting service [Tomcat]
11:53:48.759 [main] INFO  o.a.catalina.core.StandardEngine - Starting Servlet engine: [Apache Tomcat/9.0.69]
11:53:48.892 [main] INFO  o.a.c.c.C.[Tomcat].[localhost].[/] - Initializing Spring embedded WebApplicationContext
11:53:48.893 [main] INFO  o.s.b.w.s.c.ServletWebServerApplicationContext - Root WebApplicationContext: initialization completed in 1609 ms
11:53:49.203 [main] INFO  com.zaxxer.hikari.HikariDataSource - HikariPool-1 - Starting...
11:53:49.395 [main] INFO  com.zaxxer.hikari.HikariDataSource - HikariPool-1 - Start completed.
11:53:49.446 [main] INFO  o.h.jpa.internal.util.LogHelper - HHH000204: Processing PersistenceUnitInfo [name: default]
11:53:49.502 [main] INFO  org.hibernate.Version - HHH000412: Hibernate ORM core version 5.6.14.Final
11:53:49.652 [main] INFO  o.h.annotations.common.Version - HCANN000001: Hibernate Commons Annotations {5.1.2.Final}
11:53:49.810 [main] INFO  org.hibernate.dialect.Dialect - HHH000400: Using dialect: org.hibernate.dialect.H2Dialect
11:53:50.399 [main] INFO  o.h.e.t.j.p.i.JtaPlatformInitiator - HHH000490: Using JtaPlatform implementation: [org.hibernate.engine.transaction.jta.platform.internal.NoJtaPlatform]
11:53:50.429 [main] INFO  o.s.o.j.LocalContainerEntityManagerFactoryBean - Initialized JPA EntityManagerFactory for persistence unit 'default'
11:53:52.559 [main] WARN  o.s.b.a.o.j.JpaBaseConfiguration$JpaWebConfiguration - spring.jpa.open-in-view is enabled by default. Therefore, database queries may be performed during view rendering. Explicitly configure spring.jpa.open-in-view to disable this warning
11:53:53.526 [main] WARN  o.t.templatemode.TemplateMode - [THYMELEAF][main] Template Mode 'LEGACYHTML5' is deprecated. Using Template Mode 'HTML' instead.
11:53:53.624 [main] INFO  o.s.l.c.s.AbstractContextSource - Property 'userDn' not set - anonymous context will be used for read-write operations
11:53:53.671 [main] INFO  o.a.coyote.http11.Http11NioProtocol - Starting ProtocolHandler ["http-nio-80"]
11:53:53.691 [main] INFO  o.s.b.w.e.tomcat.TomcatWebServer - Tomcat started on port(s): 80 (http) with context path ''
11:53:53.704 [main] INFO  app.passwd.PasswdApplication - Started PasswdApplication in 7.096 seconds (JVM running for 8.26)
11:53:53.709 [main] INFO  app.passwd.PasswdApplication - working dir:/home/inono/Projects/school-passwd
11:53:53.802 [main] INFO  app.passwd.PasswdApplication - 帳號整合服務成功啟動
11:53:57.785 [http-nio-80-exec-1] INFO  o.a.c.c.C.[Tomcat].[localhost].[/] - Initializing Spring DispatcherServlet 'dispatcherServlet'
11:53:57.796 [http-nio-80-exec-1] INFO  o.s.web.servlet.DispatcherServlet - Initializing Servlet 'dispatcherServlet'
11:53:57.815 [http-nio-80-exec-1] INFO  o.s.web.servlet.DispatcherServlet - Completed initialization in 19 ms
11:53:58.128 [http-nio-80-exec-3] INFO  a.passwd.controller.IndexController - 1.需請求取得認證授權,轉到 https://api.tc.edu.tw/school-oauth/authorize
11:54:05.926 [http-nio-80-exec-4] INFO  a.p.controller.CallbackController - af0b817124b1f9c42d89511f5c3335a6380040c4f55bc68413b1eecda3063eb4
11:54:05.939 [http-nio-80-exec-4] INFO  a.p.controller.CallbackController - 3.取得code:{"school_no":"064757","username":"igogo","role":"teacher","name":"\u5433\u5609\u7965","edu_key":"","title_name":"\u79d1\u4efb\u6559\u5e2b","title_kind":"\u5c08\u4efb\u6559\u5e2b"}
11:54:06.011 [http-nio-80-exec-4] INFO  a.p.controller.CallbackController - {"school_no":"064757","username":"igogo","role":"teacher","name":"吳嘉祥","edu_key":"","title_name":"科任教師","title_kind":"專任教師"}
11:54:06.041 [http-nio-80-exec-4] INFO  app.passwd.service.Oauth2Client - 4. 進行client_credientials flow 取得token.
11:54:06.879 [http-nio-80-exec-4] INFO  a.p.controller.admin.AdminController - {"school_no":"064757","username":"igogo","adusername":"igogo","role":"teacher","name":"吳嘉祥","edu_key":""}
11:54:10.441 [http-nio-80-exec-7] INFO  app.passwd.service.SemesterData - 取得semester data - endpoint:https://api.tc.edu.tw/semester-data
11:56:04.271 [SpringApplicationShutdownHook] INFO  o.s.o.j.LocalContainerEntityManagerFactoryBean - Closing JPA EntityManagerFactory for persistence unit 'default'
11:56:04.274 [SpringApplicationShutdownHook] INFO  o.h.t.s.i.SchemaDropperImpl$DelayedDropActionImpl - HHH000477: Starting delayed evictData of schema as part of SessionFactory shut-down'
11:56:04.295 [SpringApplicationShutdownHook] INFO  com.zaxxer.hikari.HikariDataSource - HikariPool-1 - Shutdown initiated...
11:56:04.313 [SpringApplicationShutdownHook] INFO  com.zaxxer.hikari.HikariDataSource - HikariPool-1 - Shutdown completed.
11:56:19.084 [main] INFO  app.passwd.PasswdApplication - Starting PasswdApplication using Java 17.0.5 on smbldap with PID 31109 (/home/inono/Projects/school-passwd/target/classes started by root in /home/inono/Projects/school-passwd)
11:56:19.086 [main] INFO  app.passwd.PasswdApplication - No active profile set, falling back to 1 default profile: "default"
11:56:19.908 [main] INFO  o.s.d.r.c.RepositoryConfigurationDelegate - Bootstrapping Spring Data JPA repositories in DEFAULT mode.
11:56:19.964 [main] INFO  o.s.d.r.c.RepositoryConfigurationDelegate - Finished Spring Data repository scanning in 47 ms. Found 2 JPA repository interfaces.
11:56:20.622 [main] INFO  o.s.b.w.e.tomcat.TomcatWebServer - Tomcat initialized with port(s): 80 (http)
11:56:20.657 [main] INFO  o.a.coyote.http11.Http11NioProtocol - Initializing ProtocolHandler ["http-nio-80"]
11:56:20.660 [main] INFO  o.a.catalina.core.StandardService - Starting service [Tomcat]
11:56:20.663 [main] INFO  o.a.catalina.core.StandardEngine - Starting Servlet engine: [Apache Tomcat/9.0.69]
11:56:20.963 [main] INFO  o.a.c.c.C.[Tomcat].[localhost].[/] - Initializing Spring embedded WebApplicationContext
11:56:20.966 [main] INFO  o.s.b.w.s.c.ServletWebServerApplicationContext - Root WebApplicationContext: initialization completed in 1809 ms
11:56:21.373 [main] INFO  com.zaxxer.hikari.HikariDataSource - HikariPool-1 - Starting...
11:56:21.557 [main] INFO  com.zaxxer.hikari.HikariDataSource - HikariPool-1 - Start completed.
11:56:21.605 [main] INFO  o.h.jpa.internal.util.LogHelper - HHH000204: Processing PersistenceUnitInfo [name: default]
11:56:21.654 [main] INFO  org.hibernate.Version - HHH000412: Hibernate ORM core version 5.6.14.Final
11:56:21.800 [main] INFO  o.h.annotations.common.Version - HCANN000001: Hibernate Commons Annotations {5.1.2.Final}
11:56:21.947 [main] INFO  org.hibernate.dialect.Dialect - HHH000400: Using dialect: org.hibernate.dialect.H2Dialect
11:56:22.538 [main] INFO  o.h.e.t.j.p.i.JtaPlatformInitiator - HHH000490: Using JtaPlatform implementation: [org.hibernate.engine.transaction.jta.platform.internal.NoJtaPlatform]
11:56:22.548 [main] INFO  o.s.o.j.LocalContainerEntityManagerFactoryBean - Initialized JPA EntityManagerFactory for persistence unit 'default'
11:56:22.982 [main] WARN  o.s.b.a.o.j.JpaBaseConfiguration$JpaWebConfiguration - spring.jpa.open-in-view is enabled by default. Therefore, database queries may be performed during view rendering. Explicitly configure spring.jpa.open-in-view to disable this warning
11:56:23.287 [main] WARN  o.t.templatemode.TemplateMode - [THYMELEAF][main] Template Mode 'LEGACYHTML5' is deprecated. Using Template Mode 'HTML' instead.
11:56:23.367 [main] INFO  o.s.l.c.s.AbstractContextSource - Property 'userDn' not set - anonymous context will be used for read-write operations
11:56:23.429 [main] INFO  o.a.coyote.http11.Http11NioProtocol - Starting ProtocolHandler ["http-nio-80"]
11:56:23.445 [main] INFO  o.s.b.w.e.tomcat.TomcatWebServer - Tomcat started on port(s): 80 (http) with context path ''
11:56:23.473 [main] INFO  app.passwd.PasswdApplication - Started PasswdApplication in 4.98 seconds (JVM running for 5.708)
11:56:23.482 [main] INFO  app.passwd.PasswdApplication - working dir:/home/inono/Projects/school-passwd
11:56:23.604 [main] INFO  app.passwd.PasswdApplication - 帳號整合服務成功啟動
11:56:38.573 [http-nio-80-exec-1] INFO  o.a.c.c.C.[Tomcat].[localhost].[/] - Initializing Spring DispatcherServlet 'dispatcherServlet'
11:56:38.575 [http-nio-80-exec-1] INFO  o.s.web.servlet.DispatcherServlet - Initializing Servlet 'dispatcherServlet'
11:56:38.580 [http-nio-80-exec-1] INFO  o.s.web.servlet.DispatcherServlet - Completed initialization in 1 ms
11:56:39.783 [http-nio-80-exec-3] INFO  a.passwd.controller.IndexController - 1.需請求取得認證授權,轉到 https://api.tc.edu.tw/school-oauth/authorize
11:56:47.288 [http-nio-80-exec-4] INFO  a.p.controller.CallbackController - 076be7e35fecc5ceae1ef7a830f801157064ffb3f1f9e56a5d29ea2f84bcdd65
11:56:47.293 [http-nio-80-exec-4] INFO  a.p.controller.CallbackController - 3.取得code:{"school_no":"064757","username":"igogo","role":"teacher","name":"\u5433\u5609\u7965","edu_key":"","title_name":"\u79d1\u4efb\u6559\u5e2b","title_kind":"\u5c08\u4efb\u6559\u5e2b"}
11:56:47.340 [http-nio-80-exec-4] INFO  a.p.controller.CallbackController - {"school_no":"064757","username":"igogo","role":"teacher","name":"吳嘉祥","edu_key":"","title_name":"科任教師","title_kind":"專任教師"}
11:56:47.356 [http-nio-80-exec-4] INFO  app.passwd.service.Oauth2Client - 4. 進行client_credientials flow 取得token.
11:56:48.019 [http-nio-80-exec-4] INFO  a.p.controller.admin.AdminController - {"school_no":"064757","username":"igogo","adusername":"igogo","role":"teacher","name":"吳嘉祥","edu_key":""}
11:56:52.709 [http-nio-80-exec-7] INFO  app.passwd.service.SemesterData - 取得semester data - endpoint:https://api.tc.edu.tw/semester-data
12:30:18.581 [SpringApplicationShutdownHook] INFO  o.s.o.j.LocalContainerEntityManagerFactoryBean - Closing JPA EntityManagerFactory for persistence unit 'default'
12:30:18.584 [SpringApplicationShutdownHook] INFO  o.h.t.s.i.SchemaDropperImpl$DelayedDropActionImpl - HHH000477: Starting delayed evictData of schema as part of SessionFactory shut-down'
12:30:18.629 [SpringApplicationShutdownHook] INFO  com.zaxxer.hikari.HikariDataSource - HikariPool-1 - Shutdown initiated...
12:30:18.679 [SpringApplicationShutdownHook] INFO  com.zaxxer.hikari.HikariDataSource - HikariPool-1 - Shutdown completed.
12:31:00.205 [main] INFO  app.passwd.PasswdApplication - Starting PasswdApplication using Java 17.0.5 on smbldap with PID 37365 (/home/inono/Projects/school-passwd/target/classes started by root in /home/inono/Projects/school-passwd)
12:31:00.212 [main] INFO  app.passwd.PasswdApplication - No active profile set, falling back to 1 default profile: "default"
12:31:01.628 [main] INFO  o.s.d.r.c.RepositoryConfigurationDelegate - Bootstrapping Spring Data JPA repositories in DEFAULT mode.
12:31:01.679 [main] INFO  o.s.d.r.c.RepositoryConfigurationDelegate - Finished Spring Data repository scanning in 40 ms. Found 2 JPA repository interfaces.
12:31:02.251 [main] INFO  o.s.b.w.e.tomcat.TomcatWebServer - Tomcat initialized with port(s): 80 (http)
12:31:02.264 [main] INFO  o.a.coyote.http11.Http11NioProtocol - Initializing ProtocolHandler ["http-nio-80"]
12:31:02.265 [main] INFO  o.a.catalina.core.StandardService - Starting service [Tomcat]
12:31:02.265 [main] INFO  o.a.catalina.core.StandardEngine - Starting Servlet engine: [Apache Tomcat/9.0.69]
12:31:02.392 [main] INFO  o.a.c.c.C.[Tomcat].[localhost].[/] - Initializing Spring embedded WebApplicationContext
12:31:02.392 [main] INFO  o.s.b.w.s.c.ServletWebServerApplicationContext - Root WebApplicationContext: initialization completed in 2051 ms
12:31:02.690 [main] INFO  com.zaxxer.hikari.HikariDataSource - HikariPool-1 - Starting...
12:31:02.865 [main] INFO  com.zaxxer.hikari.HikariDataSource - HikariPool-1 - Start completed.
12:31:02.913 [main] INFO  o.h.jpa.internal.util.LogHelper - HHH000204: Processing PersistenceUnitInfo [name: default]
12:31:02.952 [main] INFO  org.hibernate.Version - HHH000412: Hibernate ORM core version 5.6.14.Final
12:31:03.095 [main] INFO  o.h.annotations.common.Version - HCANN000001: Hibernate Commons Annotations {5.1.2.Final}
12:31:03.230 [main] INFO  org.hibernate.dialect.Dialect - HHH000400: Using dialect: org.hibernate.dialect.H2Dialect
12:31:03.782 [main] INFO  o.h.e.t.j.p.i.JtaPlatformInitiator - HHH000490: Using JtaPlatform implementation: [org.hibernate.engine.transaction.jta.platform.internal.NoJtaPlatform]
12:31:03.790 [main] INFO  o.s.o.j.LocalContainerEntityManagerFactoryBean - Initialized JPA EntityManagerFactory for persistence unit 'default'
12:31:04.217 [main] WARN  o.s.b.a.o.j.JpaBaseConfiguration$JpaWebConfiguration - spring.jpa.open-in-view is enabled by default. Therefore, database queries may be performed during view rendering. Explicitly configure spring.jpa.open-in-view to disable this warning
12:31:04.492 [main] WARN  o.t.templatemode.TemplateMode - [THYMELEAF][main] Template Mode 'LEGACYHTML5' is deprecated. Using Template Mode 'HTML' instead.
12:31:04.558 [main] INFO  o.s.l.c.s.AbstractContextSource - Property 'userDn' not set - anonymous context will be used for read-write operations
12:31:04.598 [main] INFO  o.a.coyote.http11.Http11NioProtocol - Starting ProtocolHandler ["http-nio-80"]
12:31:04.618 [main] INFO  o.s.b.w.e.tomcat.TomcatWebServer - Tomcat started on port(s): 80 (http) with context path ''
12:31:04.635 [main] INFO  app.passwd.PasswdApplication - Started PasswdApplication in 5.468 seconds (JVM running for 6.186)
12:31:04.637 [main] INFO  app.passwd.PasswdApplication - working dir:/home/inono/Projects/school-passwd
12:31:04.726 [main] INFO  app.passwd.PasswdApplication - 帳號整合服務成功啟動
12:31:21.597 [http-nio-80-exec-1] INFO  o.a.c.c.C.[Tomcat].[localhost].[/] - Initializing Spring DispatcherServlet 'dispatcherServlet'
12:31:21.597 [http-nio-80-exec-1] INFO  o.s.web.servlet.DispatcherServlet - Initializing Servlet 'dispatcherServlet'
12:31:21.599 [http-nio-80-exec-1] INFO  o.s.web.servlet.DispatcherServlet - Completed initialization in 1 ms
12:31:21.912 [http-nio-80-exec-3] INFO  a.passwd.controller.IndexController - 1.需請求取得認證授權,轉到 https://api.tc.edu.tw/school-oauth/authorize
12:31:31.277 [http-nio-80-exec-4] INFO  a.p.controller.CallbackController - 0482848cd1352c1f433d56b2eeac9486c93ef9d7bc7c3b2909164f77879ec768
12:31:31.281 [http-nio-80-exec-4] INFO  a.p.controller.CallbackController - 3.取得code:{"school_no":"064757","username":"igogo","role":"teacher","name":"\u5433\u5609\u7965","edu_key":"","title_name":"\u79d1\u4efb\u6559\u5e2b","title_kind":"\u5c08\u4efb\u6559\u5e2b"}
12:31:31.344 [http-nio-80-exec-4] INFO  a.p.controller.CallbackController - {"school_no":"064757","username":"igogo","role":"teacher","name":"吳嘉祥","edu_key":"","title_name":"科任教師","title_kind":"專任教師"}
12:31:31.362 [http-nio-80-exec-4] INFO  app.passwd.service.Oauth2Client - 4. 進行client_credientials flow 取得token.
12:31:32.048 [http-nio-80-exec-4] INFO  a.p.controller.admin.AdminController - {"school_no":"064757","username":"igogo","adusername":"igogo","role":"teacher","name":"吳嘉祥","edu_key":""}
12:31:36.401 [http-nio-80-exec-7] INFO  app.passwd.service.SemesterData - 取得semester data - endpoint:https://api.tc.edu.tw/semester-data
12:32:58.702 [SpringApplicationShutdownHook] INFO  o.s.o.j.LocalContainerEntityManagerFactoryBean - Closing JPA EntityManagerFactory for persistence unit 'default'
12:32:58.704 [SpringApplicationShutdownHook] INFO  o.h.t.s.i.SchemaDropperImpl$DelayedDropActionImpl - HHH000477: Starting delayed evictData of schema as part of SessionFactory shut-down'
12:32:58.767 [SpringApplicationShutdownHook] INFO  com.zaxxer.hikari.HikariDataSource - HikariPool-1 - Shutdown initiated...
12:32:58.799 [SpringApplicationShutdownHook] INFO  com.zaxxer.hikari.HikariDataSource - HikariPool-1 - Shutdown completed.
12:33:13.179 [main] INFO  app.passwd.PasswdApplication - Starting PasswdApplication using Java 17.0.5 on smbldap with PID 37912 (/home/inono/Projects/school-passwd/target/classes started by root in /home/inono/Projects/school-passwd)
12:33:13.182 [main] INFO  app.passwd.PasswdApplication - No active profile set, falling back to 1 default profile: "default"
12:33:14.141 [main] INFO  o.s.d.r.c.RepositoryConfigurationDelegate - Bootstrapping Spring Data JPA repositories in DEFAULT mode.
12:33:14.192 [main] INFO  o.s.d.r.c.RepositoryConfigurationDelegate - Finished Spring Data repository scanning in 43 ms. Found 2 JPA repository interfaces.
12:33:14.774 [main] INFO  o.s.b.w.e.tomcat.TomcatWebServer - Tomcat initialized with port(s): 80 (http)
12:33:14.784 [main] INFO  o.a.coyote.http11.Http11NioProtocol - Initializing ProtocolHandler ["http-nio-80"]
12:33:14.785 [main] INFO  o.a.catalina.core.StandardService - Starting service [Tomcat]
12:33:14.785 [main] INFO  o.a.catalina.core.StandardEngine - Starting Servlet engine: [Apache Tomcat/9.0.69]
12:33:14.915 [main] INFO  o.a.c.c.C.[Tomcat].[localhost].[/] - Initializing Spring embedded WebApplicationContext
12:33:14.916 [main] INFO  o.s.b.w.s.c.ServletWebServerApplicationContext - Root WebApplicationContext: initialization completed in 1648 ms
12:33:15.237 [main] INFO  com.zaxxer.hikari.HikariDataSource - HikariPool-1 - Starting...
12:33:15.413 [main] INFO  com.zaxxer.hikari.HikariDataSource - HikariPool-1 - Start completed.
12:33:15.475 [main] INFO  o.h.jpa.internal.util.LogHelper - HHH000204: Processing PersistenceUnitInfo [name: default]
12:33:15.534 [main] INFO  org.hibernate.Version - HHH000412: Hibernate ORM core version 5.6.14.Final
12:33:15.744 [main] INFO  o.h.annotations.common.Version - HCANN000001: Hibernate Commons Annotations {5.1.2.Final}
12:33:16.144 [main] INFO  org.hibernate.dialect.Dialect - HHH000400: Using dialect: org.hibernate.dialect.H2Dialect
12:33:16.857 [main] INFO  o.h.e.t.j.p.i.JtaPlatformInitiator - HHH000490: Using JtaPlatform implementation: [org.hibernate.engine.transaction.jta.platform.internal.NoJtaPlatform]
12:33:16.865 [main] INFO  o.s.o.j.LocalContainerEntityManagerFactoryBean - Initialized JPA EntityManagerFactory for persistence unit 'default'
12:33:17.319 [main] WARN  o.s.b.a.o.j.JpaBaseConfiguration$JpaWebConfiguration - spring.jpa.open-in-view is enabled by default. Therefore, database queries may be performed during view rendering. Explicitly configure spring.jpa.open-in-view to disable this warning
12:33:17.620 [main] WARN  o.t.templatemode.TemplateMode - [THYMELEAF][main] Template Mode 'LEGACYHTML5' is deprecated. Using Template Mode 'HTML' instead.
12:33:17.692 [main] INFO  o.s.l.c.s.AbstractContextSource - Property 'userDn' not set - anonymous context will be used for read-write operations
12:33:17.749 [main] INFO  o.a.coyote.http11.Http11NioProtocol - Starting ProtocolHandler ["http-nio-80"]
12:33:17.769 [main] INFO  o.s.b.w.e.tomcat.TomcatWebServer - Tomcat started on port(s): 80 (http) with context path ''
12:33:17.798 [main] INFO  app.passwd.PasswdApplication - Started PasswdApplication in 5.208 seconds (JVM running for 5.723)
12:33:17.801 [main] INFO  app.passwd.PasswdApplication - working dir:/home/inono/Projects/school-passwd
12:33:17.920 [main] INFO  app.passwd.PasswdApplication - 帳號整合服務成功啟動
12:33:25.918 [http-nio-80-exec-1] INFO  o.a.c.c.C.[Tomcat].[localhost].[/] - Initializing Spring DispatcherServlet 'dispatcherServlet'
12:33:25.919 [http-nio-80-exec-1] INFO  o.s.web.servlet.DispatcherServlet - Initializing Servlet 'dispatcherServlet'
12:33:25.920 [http-nio-80-exec-1] INFO  o.s.web.servlet.DispatcherServlet - Completed initialization in 1 ms
12:33:27.295 [http-nio-80-exec-2] INFO  a.passwd.controller.IndexController - 1.需請求取得認證授權,轉到 https://api.tc.edu.tw/school-oauth/authorize
12:33:34.638 [http-nio-80-exec-3] INFO  a.p.controller.CallbackController - d399fb94370af5040dae5655b1fe973c1c5b8e227b53159feefe9096f83117f7
12:33:34.649 [http-nio-80-exec-3] INFO  a.p.controller.CallbackController - 3.取得code:{"school_no":"064757","username":"igogo","role":"teacher","name":"\u5433\u5609\u7965","edu_key":"","title_name":"\u79d1\u4efb\u6559\u5e2b","title_kind":"\u5c08\u4efb\u6559\u5e2b"}
12:33:34.783 [http-nio-80-exec-3] INFO  a.p.controller.CallbackController - {"school_no":"064757","username":"igogo","role":"teacher","name":"吳嘉祥","edu_key":"","title_name":"科任教師","title_kind":"專任教師"}
12:33:34.818 [http-nio-80-exec-3] INFO  app.passwd.service.Oauth2Client - 4. 進行client_credientials flow 取得token.
12:33:35.600 [http-nio-80-exec-4] INFO  a.p.controller.admin.AdminController - {"school_no":"064757","username":"igogo","adusername":"igogo","role":"teacher","name":"吳嘉祥","edu_key":""}
12:33:43.692 [http-nio-80-exec-7] INFO  app.passwd.service.SemesterData - 取得semester data - endpoint:https://api.tc.edu.tw/semester-data
12:34:31.563 [SpringApplicationShutdownHook] INFO  o.s.o.j.LocalContainerEntityManagerFactoryBean - Closing JPA EntityManagerFactory for persistence unit 'default'
12:34:31.567 [SpringApplicationShutdownHook] INFO  o.h.t.s.i.SchemaDropperImpl$DelayedDropActionImpl - HHH000477: Starting delayed evictData of schema as part of SessionFactory shut-down'
12:34:31.660 [SpringApplicationShutdownHook] INFO  com.zaxxer.hikari.HikariDataSource - HikariPool-1 - Shutdown initiated...
12:34:31.679 [SpringApplicationShutdownHook] INFO  com.zaxxer.hikari.HikariDataSource - HikariPool-1 - Shutdown completed.
12:34:45.178 [main] INFO  app.passwd.PasswdApplication - Starting PasswdApplication using Java 17.0.5 on smbldap with PID 38338 (/home/inono/Projects/school-passwd/target/classes started by root in /home/inono/Projects/school-passwd)
12:34:45.181 [main] INFO  app.passwd.PasswdApplication - No active profile set, falling back to 1 default profile: "default"
12:34:46.399 [main] INFO  o.s.d.r.c.RepositoryConfigurationDelegate - Bootstrapping Spring Data JPA repositories in DEFAULT mode.
12:34:46.459 [main] INFO  o.s.d.r.c.RepositoryConfigurationDelegate - Finished Spring Data repository scanning in 49 ms. Found 2 JPA repository interfaces.
12:34:47.099 [main] INFO  o.s.b.w.e.tomcat.TomcatWebServer - Tomcat initialized with port(s): 80 (http)
12:34:47.110 [main] INFO  o.a.coyote.http11.Http11NioProtocol - Initializing ProtocolHandler ["http-nio-80"]
12:34:47.111 [main] INFO  o.a.catalina.core.StandardService - Starting service [Tomcat]
12:34:47.112 [main] INFO  o.a.catalina.core.StandardEngine - Starting Servlet engine: [Apache Tomcat/9.0.69]
12:34:47.291 [main] INFO  o.a.c.c.C.[Tomcat].[localhost].[/] - Initializing Spring embedded WebApplicationContext
12:34:47.292 [main] INFO  o.s.b.w.s.c.ServletWebServerApplicationContext - Root WebApplicationContext: initialization completed in 2027 ms
12:34:47.595 [main] INFO  com.zaxxer.hikari.HikariDataSource - HikariPool-1 - Starting...
12:34:47.782 [main] INFO  com.zaxxer.hikari.HikariDataSource - HikariPool-1 - Start completed.
12:34:47.843 [main] INFO  o.h.jpa.internal.util.LogHelper - HHH000204: Processing PersistenceUnitInfo [name: default]
12:34:47.904 [main] INFO  org.hibernate.Version - HHH000412: Hibernate ORM core version 5.6.14.Final
12:34:48.044 [main] INFO  o.h.annotations.common.Version - HCANN000001: Hibernate Commons Annotations {5.1.2.Final}
12:34:48.188 [main] INFO  org.hibernate.dialect.Dialect - HHH000400: Using dialect: org.hibernate.dialect.H2Dialect
12:34:48.807 [main] INFO  o.h.e.t.j.p.i.JtaPlatformInitiator - HHH000490: Using JtaPlatform implementation: [org.hibernate.engine.transaction.jta.platform.internal.NoJtaPlatform]
12:34:48.815 [main] INFO  o.s.o.j.LocalContainerEntityManagerFactoryBean - Initialized JPA EntityManagerFactory for persistence unit 'default'
12:34:49.258 [main] WARN  o.s.b.a.o.j.JpaBaseConfiguration$JpaWebConfiguration - spring.jpa.open-in-view is enabled by default. Therefore, database queries may be performed during view rendering. Explicitly configure spring.jpa.open-in-view to disable this warning
12:34:49.572 [main] WARN  o.t.templatemode.TemplateMode - [THYMELEAF][main] Template Mode 'LEGACYHTML5' is deprecated. Using Template Mode 'HTML' instead.
12:34:49.644 [main] INFO  o.s.l.c.s.AbstractContextSource - Property 'userDn' not set - anonymous context will be used for read-write operations
12:34:49.717 [main] INFO  o.a.coyote.http11.Http11NioProtocol - Starting ProtocolHandler ["http-nio-80"]
12:34:49.747 [main] INFO  o.s.b.w.e.tomcat.TomcatWebServer - Tomcat started on port(s): 80 (http) with context path ''
12:34:49.762 [main] INFO  app.passwd.PasswdApplication - Started PasswdApplication in 5.187 seconds (JVM running for 5.893)
12:34:49.773 [main] INFO  app.passwd.PasswdApplication - working dir:/home/inono/Projects/school-passwd
12:34:49.887 [main] INFO  app.passwd.PasswdApplication - 帳號整合服務成功啟動
12:34:58.563 [http-nio-80-exec-1] INFO  o.a.c.c.C.[Tomcat].[localhost].[/] - Initializing Spring DispatcherServlet 'dispatcherServlet'
12:34:58.571 [http-nio-80-exec-1] INFO  o.s.web.servlet.DispatcherServlet - Initializing Servlet 'dispatcherServlet'
12:34:58.572 [http-nio-80-exec-1] INFO  o.s.web.servlet.DispatcherServlet - Completed initialization in 0 ms
12:34:59.134 [http-nio-80-exec-3] INFO  a.passwd.controller.IndexController - 1.需請求取得認證授權,轉到 https://api.tc.edu.tw/school-oauth/authorize
12:35:08.234 [http-nio-80-exec-4] INFO  a.p.controller.CallbackController - 6c0220473c496891c094f0ccf60c7e4a3a7d1769de81a0741a66afc7b3187ddd
12:35:08.249 [http-nio-80-exec-4] INFO  a.p.controller.CallbackController - 3.取得code:{"school_no":"064757","username":"igogo","role":"teacher","name":"\u5433\u5609\u7965","edu_key":"","title_name":"\u79d1\u4efb\u6559\u5e2b","title_kind":"\u5c08\u4efb\u6559\u5e2b"}
12:35:08.275 [http-nio-80-exec-4] INFO  a.p.controller.CallbackController - {"school_no":"064757","username":"igogo","role":"teacher","name":"吳嘉祥","edu_key":"","title_name":"科任教師","title_kind":"專任教師"}
12:35:08.288 [http-nio-80-exec-4] INFO  app.passwd.service.Oauth2Client - 4. 進行client_credientials flow 取得token.
12:35:08.989 [http-nio-80-exec-5] INFO  a.p.controller.admin.AdminController - {"school_no":"064757","username":"igogo","adusername":"igogo","role":"teacher","name":"吳嘉祥","edu_key":""}
12:35:12.788 [http-nio-80-exec-8] INFO  app.passwd.service.SemesterData - 取得semester data - endpoint:https://api.tc.edu.tw/semester-data
12:45:40.412 [SpringApplicationShutdownHook] INFO  o.s.o.j.LocalContainerEntityManagerFactoryBean - Closing JPA EntityManagerFactory for persistence unit 'default'
12:45:40.419 [SpringApplicationShutdownHook] INFO  o.h.t.s.i.SchemaDropperImpl$DelayedDropActionImpl - HHH000477: Starting delayed evictData of schema as part of SessionFactory shut-down'
12:45:40.428 [SpringApplicationShutdownHook] INFO  com.zaxxer.hikari.HikariDataSource - HikariPool-1 - Shutdown initiated...
12:45:40.442 [SpringApplicationShutdownHook] INFO  com.zaxxer.hikari.HikariDataSource - HikariPool-1 - Shutdown completed.
14:00:00.198 [main] INFO  app.passwd.PasswdApplication - Starting PasswdApplication using Java 17.0.5 on smbldap with PID 53709 (/home/inono/Projects/school-passwd/target/classes started by root in /home/inono/Projects/school-passwd)
14:00:00.201 [main] INFO  app.passwd.PasswdApplication - No active profile set, falling back to 1 default profile: "default"
14:00:01.194 [main] INFO  o.s.d.r.c.RepositoryConfigurationDelegate - Bootstrapping Spring Data JPA repositories in DEFAULT mode.
14:00:01.329 [main] INFO  o.s.d.r.c.RepositoryConfigurationDelegate - Finished Spring Data repository scanning in 114 ms. Found 2 JPA repository interfaces.
14:00:02.020 [main] INFO  o.s.b.w.e.tomcat.TomcatWebServer - Tomcat initialized with port(s): 80 (http)
14:00:02.030 [main] INFO  o.a.coyote.http11.Http11NioProtocol - Initializing ProtocolHandler ["http-nio-80"]
14:00:02.031 [main] INFO  o.a.catalina.core.StandardService - Starting service [Tomcat]
14:00:02.031 [main] INFO  o.a.catalina.core.StandardEngine - Starting Servlet engine: [Apache Tomcat/9.0.69]
14:00:02.175 [main] INFO  o.a.c.c.C.[Tomcat].[localhost].[/] - Initializing Spring embedded WebApplicationContext
14:00:02.176 [main] INFO  o.s.b.w.s.c.ServletWebServerApplicationContext - Root WebApplicationContext: initialization completed in 1903 ms
14:00:02.470 [main] INFO  com.zaxxer.hikari.HikariDataSource - HikariPool-1 - Starting...
14:00:02.666 [main] INFO  com.zaxxer.hikari.HikariDataSource - HikariPool-1 - Start completed.
14:00:02.714 [main] INFO  o.h.jpa.internal.util.LogHelper - HHH000204: Processing PersistenceUnitInfo [name: default]
14:00:02.764 [main] INFO  org.hibernate.Version - HHH000412: Hibernate ORM core version 5.6.14.Final
14:00:02.908 [main] INFO  o.h.annotations.common.Version - HCANN000001: Hibernate Commons Annotations {5.1.2.Final}
14:00:03.060 [main] INFO  org.hibernate.dialect.Dialect - HHH000400: Using dialect: org.hibernate.dialect.H2Dialect
14:00:03.634 [main] INFO  o.h.e.t.j.p.i.JtaPlatformInitiator - HHH000490: Using JtaPlatform implementation: [org.hibernate.engine.transaction.jta.platform.internal.NoJtaPlatform]
14:00:03.645 [main] INFO  o.s.o.j.LocalContainerEntityManagerFactoryBean - Initialized JPA EntityManagerFactory for persistence unit 'default'
14:00:04.096 [main] WARN  o.s.b.a.o.j.JpaBaseConfiguration$JpaWebConfiguration - spring.jpa.open-in-view is enabled by default. Therefore, database queries may be performed during view rendering. Explicitly configure spring.jpa.open-in-view to disable this warning
14:00:04.363 [main] WARN  o.t.templatemode.TemplateMode - [THYMELEAF][main] Template Mode 'LEGACYHTML5' is deprecated. Using Template Mode 'HTML' instead.
14:00:04.440 [main] INFO  o.s.l.c.s.AbstractContextSource - Property 'userDn' not set - anonymous context will be used for read-write operations
14:00:04.499 [main] INFO  o.a.coyote.http11.Http11NioProtocol - Starting ProtocolHandler ["http-nio-80"]
14:00:04.506 [main] WARN  o.s.b.w.s.c.AnnotationConfigServletWebServerApplicationContext - Exception encountered during context initialization - cancelling refresh attempt: org.springframework.context.ApplicationContextException: Failed to start bean 'webServerStartStop'; nested exception is org.springframework.boot.web.server.PortInUseException: Port 80 is already in use
14:00:04.510 [main] INFO  o.s.o.j.LocalContainerEntityManagerFactoryBean - Closing JPA EntityManagerFactory for persistence unit 'default'
14:00:04.511 [main] INFO  o.h.t.s.i.SchemaDropperImpl$DelayedDropActionImpl - HHH000477: Starting delayed evictData of schema as part of SessionFactory shut-down'
14:00:04.541 [main] INFO  com.zaxxer.hikari.HikariDataSource - HikariPool-1 - Shutdown initiated...
14:00:04.544 [main] INFO  com.zaxxer.hikari.HikariDataSource - HikariPool-1 - Shutdown completed.
14:00:04.546 [main] INFO  o.a.coyote.http11.Http11NioProtocol - Pausing ProtocolHandler ["http-nio-80"]
14:00:04.547 [main] INFO  o.a.catalina.core.StandardService - Stopping service [Tomcat]
14:00:04.550 [main] INFO  o.a.coyote.http11.Http11NioProtocol - Stopping ProtocolHandler ["http-nio-80"]
14:00:04.551 [main] INFO  o.a.coyote.http11.Http11NioProtocol - Destroying ProtocolHandler ["http-nio-80"]
14:00:04.580 [main] INFO  o.s.b.a.l.ConditionEvaluationReportLoggingListener - 

Error starting ApplicationContext. To display the conditions report re-run your application with 'debug' enabled.
14:00:04.804 [main] ERROR o.s.b.d.LoggingFailureAnalysisReporter - 

***************************
APPLICATION FAILED TO START
***************************

Description:

Web server failed to start. Port 80 was already in use.

Action:

Identify and stop the process that's listening on port 80 or configure this application to listen on another port.

14:00:58.637 [main] INFO  app.passwd.PasswdApplication - Starting PasswdApplication using Java 17.0.5 on smbldap with PID 53957 (/home/inono/Projects/school-passwd/target/classes started by root in /home/inono/Projects/school-passwd)
14:00:58.640 [main] INFO  app.passwd.PasswdApplication - No active profile set, falling back to 1 default profile: "default"
14:00:59.487 [main] INFO  o.s.d.r.c.RepositoryConfigurationDelegate - Bootstrapping Spring Data JPA repositories in DEFAULT mode.
14:00:59.539 [main] INFO  o.s.d.r.c.RepositoryConfigurationDelegate - Finished Spring Data repository scanning in 41 ms. Found 2 JPA repository interfaces.
14:01:00.133 [main] INFO  o.s.b.w.e.tomcat.TomcatWebServer - Tomcat initialized with port(s): 80 (http)
14:01:00.143 [main] INFO  o.a.coyote.http11.Http11NioProtocol - Initializing ProtocolHandler ["http-nio-80"]
14:01:00.144 [main] INFO  o.a.catalina.core.StandardService - Starting service [Tomcat]
14:01:00.144 [main] INFO  o.a.catalina.core.StandardEngine - Starting Servlet engine: [Apache Tomcat/9.0.69]
14:01:00.280 [main] INFO  o.a.c.c.C.[Tomcat].[localhost].[/] - Initializing Spring embedded WebApplicationContext
14:01:00.280 [main] INFO  o.s.b.w.s.c.ServletWebServerApplicationContext - Root WebApplicationContext: initialization completed in 1548 ms
14:01:00.606 [main] INFO  com.zaxxer.hikari.HikariDataSource - HikariPool-1 - Starting...
14:01:00.977 [main] INFO  com.zaxxer.hikari.HikariDataSource - HikariPool-1 - Start completed.
14:01:01.109 [main] INFO  o.h.jpa.internal.util.LogHelper - HHH000204: Processing PersistenceUnitInfo [name: default]
14:01:01.205 [main] INFO  org.hibernate.Version - HHH000412: Hibernate ORM core version 5.6.14.Final
14:01:01.566 [main] INFO  o.h.annotations.common.Version - HCANN000001: Hibernate Commons Annotations {5.1.2.Final}
14:01:01.700 [main] INFO  org.hibernate.dialect.Dialect - HHH000400: Using dialect: org.hibernate.dialect.H2Dialect
14:01:02.263 [main] INFO  o.h.e.t.j.p.i.JtaPlatformInitiator - HHH000490: Using JtaPlatform implementation: [org.hibernate.engine.transaction.jta.platform.internal.NoJtaPlatform]
14:01:02.270 [main] INFO  o.s.o.j.LocalContainerEntityManagerFactoryBean - Initialized JPA EntityManagerFactory for persistence unit 'default'
14:01:02.710 [main] WARN  o.s.b.a.o.j.JpaBaseConfiguration$JpaWebConfiguration - spring.jpa.open-in-view is enabled by default. Therefore, database queries may be performed during view rendering. Explicitly configure spring.jpa.open-in-view to disable this warning
14:01:02.976 [main] WARN  o.t.templatemode.TemplateMode - [THYMELEAF][main] Template Mode 'LEGACYHTML5' is deprecated. Using Template Mode 'HTML' instead.
14:01:03.069 [main] INFO  o.s.l.c.s.AbstractContextSource - Property 'userDn' not set - anonymous context will be used for read-write operations
14:01:03.112 [main] INFO  o.a.coyote.http11.Http11NioProtocol - Starting ProtocolHandler ["http-nio-80"]
14:01:03.128 [main] INFO  o.s.b.w.e.tomcat.TomcatWebServer - Tomcat started on port(s): 80 (http) with context path ''
14:01:03.163 [main] INFO  app.passwd.PasswdApplication - Started PasswdApplication in 5.157 seconds (JVM running for 5.772)
14:01:03.165 [main] INFO  app.passwd.PasswdApplication - working dir:/home/inono/Projects/school-passwd
14:01:03.273 [main] INFO  app.passwd.PasswdApplication - 帳號整合服務成功啟動
14:01:11.449 [http-nio-80-exec-1] INFO  o.a.c.c.C.[Tomcat].[localhost].[/] - Initializing Spring DispatcherServlet 'dispatcherServlet'
14:01:11.450 [http-nio-80-exec-1] INFO  o.s.web.servlet.DispatcherServlet - Initializing Servlet 'dispatcherServlet'
14:01:11.451 [http-nio-80-exec-1] INFO  o.s.web.servlet.DispatcherServlet - Completed initialization in 1 ms
14:01:12.659 [http-nio-80-exec-3] INFO  a.passwd.controller.IndexController - 1.需請求取得認證授權,轉到 https://api.tc.edu.tw/school-oauth/authorize
14:01:18.614 [http-nio-80-exec-4] INFO  a.p.controller.CallbackController - ab03080e97284f4253fe363c0b925d20bd5e3388dc27ad8623393e3050d0f6d4
14:01:18.617 [http-nio-80-exec-4] INFO  a.p.controller.CallbackController - 3.取得code:{"school_no":"064757","username":"igogo","role":"teacher","name":"\u5433\u5609\u7965","edu_key":"","title_name":"\u79d1\u4efb\u6559\u5e2b","title_kind":"\u5c08\u4efb\u6559\u5e2b"}
14:01:18.655 [http-nio-80-exec-4] INFO  a.p.controller.CallbackController - {"school_no":"064757","username":"igogo","role":"teacher","name":"吳嘉祥","edu_key":"","title_name":"科任教師","title_kind":"專任教師"}
14:01:18.666 [http-nio-80-exec-4] INFO  app.passwd.service.Oauth2Client - 4. 進行client_credientials flow 取得token.
14:01:19.527 [http-nio-80-exec-5] INFO  a.p.controller.admin.AdminController - {"school_no":"064757","username":"igogo","adusername":"igogo","role":"teacher","name":"吳嘉祥","edu_key":""}
14:01:22.961 [http-nio-80-exec-8] INFO  app.passwd.service.SemesterData - 取得semester data - endpoint:https://api.tc.edu.tw/semester-data
14:03:09.940 [SpringApplicationShutdownHook] INFO  o.s.o.j.LocalContainerEntityManagerFactoryBean - Closing JPA EntityManagerFactory for persistence unit 'default'
14:03:09.944 [SpringApplicationShutdownHook] INFO  o.h.t.s.i.SchemaDropperImpl$DelayedDropActionImpl - HHH000477: Starting delayed evictData of schema as part of SessionFactory shut-down'
14:03:09.972 [SpringApplicationShutdownHook] INFO  com.zaxxer.hikari.HikariDataSource - HikariPool-1 - Shutdown initiated...
14:03:09.990 [SpringApplicationShutdownHook] INFO  com.zaxxer.hikari.HikariDataSource - HikariPool-1 - Shutdown completed.
14:03:24.671 [main] INFO  app.passwd.PasswdApplication - Starting PasswdApplication using Java 17.0.5 on smbldap with PID 54598 (/home/inono/Projects/school-passwd/target/classes started by root in /home/inono/Projects/school-passwd)
14:03:24.674 [main] INFO  app.passwd.PasswdApplication - No active profile set, falling back to 1 default profile: "default"
14:03:25.487 [main] INFO  o.s.d.r.c.RepositoryConfigurationDelegate - Bootstrapping Spring Data JPA repositories in DEFAULT mode.
14:03:25.547 [main] INFO  o.s.d.r.c.RepositoryConfigurationDelegate - Finished Spring Data repository scanning in 48 ms. Found 2 JPA repository interfaces.
14:03:26.530 [main] INFO  o.s.b.w.e.tomcat.TomcatWebServer - Tomcat initialized with port(s): 80 (http)
14:03:26.540 [main] INFO  o.a.coyote.http11.Http11NioProtocol - Initializing ProtocolHandler ["http-nio-80"]
14:03:26.540 [main] INFO  o.a.catalina.core.StandardService - Starting service [Tomcat]
14:03:26.541 [main] INFO  o.a.catalina.core.StandardEngine - Starting Servlet engine: [Apache Tomcat/9.0.69]
14:03:26.670 [main] INFO  o.a.c.c.C.[Tomcat].[localhost].[/] - Initializing Spring embedded WebApplicationContext
14:03:26.671 [main] INFO  o.s.b.w.s.c.ServletWebServerApplicationContext - Root WebApplicationContext: initialization completed in 1919 ms
14:03:26.993 [main] INFO  com.zaxxer.hikari.HikariDataSource - HikariPool-1 - Starting...
14:03:27.170 [main] INFO  com.zaxxer.hikari.HikariDataSource - HikariPool-1 - Start completed.
14:03:27.231 [main] INFO  o.h.jpa.internal.util.LogHelper - HHH000204: Processing PersistenceUnitInfo [name: default]
14:03:27.292 [main] INFO  org.hibernate.Version - HHH000412: Hibernate ORM core version 5.6.14.Final
14:03:27.439 [main] INFO  o.h.annotations.common.Version - HCANN000001: Hibernate Commons Annotations {5.1.2.Final}
14:03:27.571 [main] INFO  org.hibernate.dialect.Dialect - HHH000400: Using dialect: org.hibernate.dialect.H2Dialect
14:03:28.144 [main] INFO  o.h.e.t.j.p.i.JtaPlatformInitiator - HHH000490: Using JtaPlatform implementation: [org.hibernate.engine.transaction.jta.platform.internal.NoJtaPlatform]
14:03:28.151 [main] INFO  o.s.o.j.LocalContainerEntityManagerFactoryBean - Initialized JPA EntityManagerFactory for persistence unit 'default'
14:03:28.579 [main] WARN  o.s.b.a.o.j.JpaBaseConfiguration$JpaWebConfiguration - spring.jpa.open-in-view is enabled by default. Therefore, database queries may be performed during view rendering. Explicitly configure spring.jpa.open-in-view to disable this warning
14:03:28.847 [main] WARN  o.t.templatemode.TemplateMode - [THYMELEAF][main] Template Mode 'LEGACYHTML5' is deprecated. Using Template Mode 'HTML' instead.
14:03:28.937 [main] INFO  o.s.l.c.s.AbstractContextSource - Property 'userDn' not set - anonymous context will be used for read-write operations
14:03:28.981 [main] INFO  o.a.coyote.http11.Http11NioProtocol - Starting ProtocolHandler ["http-nio-80"]
14:03:29.008 [main] INFO  o.s.b.w.e.tomcat.TomcatWebServer - Tomcat started on port(s): 80 (http) with context path ''
14:03:29.030 [main] INFO  app.passwd.PasswdApplication - Started PasswdApplication in 5.038 seconds (JVM running for 5.65)
14:03:29.032 [main] INFO  app.passwd.PasswdApplication - working dir:/home/inono/Projects/school-passwd
14:03:29.135 [main] INFO  app.passwd.PasswdApplication - 帳號整合服務成功啟動
14:03:54.987 [http-nio-80-exec-1] INFO  o.a.c.c.C.[Tomcat].[localhost].[/] - Initializing Spring DispatcherServlet 'dispatcherServlet'
14:03:55.005 [http-nio-80-exec-1] INFO  o.s.web.servlet.DispatcherServlet - Initializing Servlet 'dispatcherServlet'
14:03:55.008 [http-nio-80-exec-1] INFO  o.s.web.servlet.DispatcherServlet - Completed initialization in 1 ms
14:03:55.637 [http-nio-80-exec-3] INFO  a.passwd.controller.IndexController - 1.需請求取得認證授權,轉到 https://api.tc.edu.tw/school-oauth/authorize
14:04:09.307 [http-nio-80-exec-4] INFO  a.p.controller.CallbackController - 870332ed5be9f8fad16bc55d859ac5b9da0ba3f3907646f0d75695cd3bb73141
14:04:09.325 [http-nio-80-exec-4] INFO  a.p.controller.CallbackController - 3.取得code:{"school_no":"064757","username":"igogo","role":"teacher","name":"\u5433\u5609\u7965","edu_key":"","title_name":"\u79d1\u4efb\u6559\u5e2b","title_kind":"\u5c08\u4efb\u6559\u5e2b"}
14:04:09.367 [http-nio-80-exec-4] INFO  a.p.controller.CallbackController - {"school_no":"064757","username":"igogo","role":"teacher","name":"吳嘉祥","edu_key":"","title_name":"科任教師","title_kind":"專任教師"}
14:04:09.404 [http-nio-80-exec-4] INFO  app.passwd.service.Oauth2Client - 4. 進行client_credientials flow 取得token.
14:04:10.152 [http-nio-80-exec-4] INFO  a.p.controller.admin.AdminController - {"school_no":"064757","username":"igogo","adusername":"igogo","role":"teacher","name":"吳嘉祥","edu_key":""}
14:04:14.978 [http-nio-80-exec-7] INFO  app.passwd.service.SemesterData - 取得semester data - endpoint:https://api.tc.edu.tw/semester-data
14:05:11.944 [SpringApplicationShutdownHook] INFO  o.s.o.j.LocalContainerEntityManagerFactoryBean - Closing JPA EntityManagerFactory for persistence unit 'default'
14:05:11.946 [SpringApplicationShutdownHook] INFO  o.h.t.s.i.SchemaDropperImpl$DelayedDropActionImpl - HHH000477: Starting delayed evictData of schema as part of SessionFactory shut-down'
14:05:11.966 [SpringApplicationShutdownHook] INFO  com.zaxxer.hikari.HikariDataSource - HikariPool-1 - Shutdown initiated...
14:05:11.981 [SpringApplicationShutdownHook] INFO  com.zaxxer.hikari.HikariDataSource - HikariPool-1 - Shutdown completed.
14:05:26.222 [main] INFO  app.passwd.PasswdApplication - Starting PasswdApplication using Java 17.0.5 on smbldap with PID 55107 (/home/inono/Projects/school-passwd/target/classes started by root in /home/inono/Projects/school-passwd)
14:05:26.229 [main] INFO  app.passwd.PasswdApplication - No active profile set, falling back to 1 default profile: "default"
14:05:27.255 [main] INFO  o.s.d.r.c.RepositoryConfigurationDelegate - Bootstrapping Spring Data JPA repositories in DEFAULT mode.
14:05:27.313 [main] INFO  o.s.d.r.c.RepositoryConfigurationDelegate - Finished Spring Data repository scanning in 50 ms. Found 2 JPA repository interfaces.
14:05:27.918 [main] INFO  o.s.b.w.e.tomcat.TomcatWebServer - Tomcat initialized with port(s): 80 (http)
14:05:27.927 [main] INFO  o.a.coyote.http11.Http11NioProtocol - Initializing ProtocolHandler ["http-nio-80"]
14:05:27.928 [main] INFO  o.a.catalina.core.StandardService - Starting service [Tomcat]
14:05:27.929 [main] INFO  o.a.catalina.core.StandardEngine - Starting Servlet engine: [Apache Tomcat/9.0.69]
14:05:28.056 [main] INFO  o.a.c.c.C.[Tomcat].[localhost].[/] - Initializing Spring embedded WebApplicationContext
14:05:28.057 [main] INFO  o.s.b.w.s.c.ServletWebServerApplicationContext - Root WebApplicationContext: initialization completed in 1608 ms
14:05:28.368 [main] INFO  com.zaxxer.hikari.HikariDataSource - HikariPool-1 - Starting...
14:05:28.535 [main] INFO  com.zaxxer.hikari.HikariDataSource - HikariPool-1 - Start completed.
14:05:28.594 [main] INFO  o.h.jpa.internal.util.LogHelper - HHH000204: Processing PersistenceUnitInfo [name: default]
14:05:28.654 [main] INFO  org.hibernate.Version - HHH000412: Hibernate ORM core version 5.6.14.Final
14:05:28.804 [main] INFO  o.h.annotations.common.Version - HCANN000001: Hibernate Commons Annotations {5.1.2.Final}
14:05:28.937 [main] INFO  org.hibernate.dialect.Dialect - HHH000400: Using dialect: org.hibernate.dialect.H2Dialect
14:05:29.521 [main] INFO  o.h.e.t.j.p.i.JtaPlatformInitiator - HHH000490: Using JtaPlatform implementation: [org.hibernate.engine.transaction.jta.platform.internal.NoJtaPlatform]
14:05:29.527 [main] INFO  o.s.o.j.LocalContainerEntityManagerFactoryBean - Initialized JPA EntityManagerFactory for persistence unit 'default'
14:05:29.973 [main] WARN  o.s.b.a.o.j.JpaBaseConfiguration$JpaWebConfiguration - spring.jpa.open-in-view is enabled by default. Therefore, database queries may be performed during view rendering. Explicitly configure spring.jpa.open-in-view to disable this warning
14:05:30.271 [main] WARN  o.t.templatemode.TemplateMode - [THYMELEAF][main] Template Mode 'LEGACYHTML5' is deprecated. Using Template Mode 'HTML' instead.
14:05:30.338 [main] INFO  o.s.l.c.s.AbstractContextSource - Property 'userDn' not set - anonymous context will be used for read-write operations
14:05:30.395 [main] INFO  o.a.coyote.http11.Http11NioProtocol - Starting ProtocolHandler ["http-nio-80"]
14:05:30.457 [main] INFO  o.s.b.w.e.tomcat.TomcatWebServer - Tomcat started on port(s): 80 (http) with context path ''
14:05:30.506 [main] INFO  app.passwd.PasswdApplication - Started PasswdApplication in 5.1 seconds (JVM running for 5.791)
14:05:30.514 [main] INFO  app.passwd.PasswdApplication - working dir:/home/inono/Projects/school-passwd
14:05:30.651 [main] INFO  app.passwd.PasswdApplication - 帳號整合服務成功啟動
14:05:51.641 [http-nio-80-exec-1] INFO  o.a.c.c.C.[Tomcat].[localhost].[/] - Initializing Spring DispatcherServlet 'dispatcherServlet'
14:05:51.641 [http-nio-80-exec-1] INFO  o.s.web.servlet.DispatcherServlet - Initializing Servlet 'dispatcherServlet'
14:05:51.645 [http-nio-80-exec-1] INFO  o.s.web.servlet.DispatcherServlet - Completed initialization in 1 ms
14:05:51.875 [http-nio-80-exec-3] INFO  a.passwd.controller.IndexController - 1.需請求取得認證授權,轉到 https://api.tc.edu.tw/school-oauth/authorize
14:05:58.683 [http-nio-80-exec-4] INFO  a.p.controller.CallbackController - c5c9a8b80680f9d79cf38685da291e23a345d178928a3a176cee033de8910d8d
14:05:58.694 [http-nio-80-exec-4] INFO  a.p.controller.CallbackController - 3.取得code:{"school_no":"064757","username":"igogo","role":"teacher","name":"\u5433\u5609\u7965","edu_key":"","title_name":"\u79d1\u4efb\u6559\u5e2b","title_kind":"\u5c08\u4efb\u6559\u5e2b"}
14:05:58.727 [http-nio-80-exec-4] INFO  a.p.controller.CallbackController - {"school_no":"064757","username":"igogo","role":"teacher","name":"吳嘉祥","edu_key":"","title_name":"科任教師","title_kind":"專任教師"}
14:05:58.737 [http-nio-80-exec-4] INFO  app.passwd.service.Oauth2Client - 4. 進行client_credientials flow 取得token.
14:05:59.456 [http-nio-80-exec-5] INFO  a.p.controller.admin.AdminController - {"school_no":"064757","username":"igogo","adusername":"igogo","role":"teacher","name":"吳嘉祥","edu_key":""}
14:06:03.219 [http-nio-80-exec-8] INFO  app.passwd.service.SemesterData - 取得semester data - endpoint:https://api.tc.edu.tw/semester-data
14:06:25.194 [SpringApplicationShutdownHook] INFO  o.s.o.j.LocalContainerEntityManagerFactoryBean - Closing JPA EntityManagerFactory for persistence unit 'default'
14:06:25.195 [SpringApplicationShutdownHook] INFO  o.h.t.s.i.SchemaDropperImpl$DelayedDropActionImpl - HHH000477: Starting delayed evictData of schema as part of SessionFactory shut-down'
14:06:25.212 [SpringApplicationShutdownHook] INFO  com.zaxxer.hikari.HikariDataSource - HikariPool-1 - Shutdown initiated...
14:06:25.215 [SpringApplicationShutdownHook] INFO  com.zaxxer.hikari.HikariDataSource - HikariPool-1 - Shutdown completed.
15:52:11.589 [main] INFO  app.passwd.PasswdApplication - Starting PasswdApplication using Java 17.0.5 on smbldap with PID 74185 (/home/inono/Projects/school-passwd/target/classes started by root in /home/inono/Projects/school-passwd)
15:52:11.606 [main] INFO  app.passwd.PasswdApplication - No active profile set, falling back to 1 default profile: "default"
15:52:12.580 [main] INFO  o.s.d.r.c.RepositoryConfigurationDelegate - Bootstrapping Spring Data JPA repositories in DEFAULT mode.
15:52:12.634 [main] INFO  o.s.d.r.c.RepositoryConfigurationDelegate - Finished Spring Data repository scanning in 45 ms. Found 2 JPA repository interfaces.
15:52:13.219 [main] INFO  o.s.b.w.e.tomcat.TomcatWebServer - Tomcat initialized with port(s): 80 (http)
15:52:13.231 [main] INFO  o.a.coyote.http11.Http11NioProtocol - Initializing ProtocolHandler ["http-nio-80"]
15:52:13.232 [main] INFO  o.a.catalina.core.StandardService - Starting service [Tomcat]
15:52:13.233 [main] INFO  o.a.catalina.core.StandardEngine - Starting Servlet engine: [Apache Tomcat/9.0.69]
15:52:13.374 [main] INFO  o.a.c.c.C.[Tomcat].[localhost].[/] - Initializing Spring embedded WebApplicationContext
15:52:13.375 [main] INFO  o.s.b.w.s.c.ServletWebServerApplicationContext - Root WebApplicationContext: initialization completed in 1546 ms
15:52:13.689 [main] INFO  com.zaxxer.hikari.HikariDataSource - HikariPool-1 - Starting...
15:52:13.863 [main] INFO  com.zaxxer.hikari.HikariDataSource - HikariPool-1 - Start completed.
15:52:13.928 [main] INFO  o.h.jpa.internal.util.LogHelper - HHH000204: Processing PersistenceUnitInfo [name: default]
15:52:13.988 [main] INFO  org.hibernate.Version - HHH000412: Hibernate ORM core version 5.6.14.Final
15:52:14.142 [main] INFO  o.h.annotations.common.Version - HCANN000001: Hibernate Commons Annotations {5.1.2.Final}
15:52:14.325 [main] INFO  org.hibernate.dialect.Dialect - HHH000400: Using dialect: org.hibernate.dialect.H2Dialect
15:52:14.915 [main] INFO  o.h.e.t.j.p.i.JtaPlatformInitiator - HHH000490: Using JtaPlatform implementation: [org.hibernate.engine.transaction.jta.platform.internal.NoJtaPlatform]
15:52:14.922 [main] INFO  o.s.o.j.LocalContainerEntityManagerFactoryBean - Initialized JPA EntityManagerFactory for persistence unit 'default'
15:52:15.407 [main] WARN  o.s.b.a.o.j.JpaBaseConfiguration$JpaWebConfiguration - spring.jpa.open-in-view is enabled by default. Therefore, database queries may be performed during view rendering. Explicitly configure spring.jpa.open-in-view to disable this warning
15:52:15.698 [main] WARN  o.t.templatemode.TemplateMode - [THYMELEAF][main] Template Mode 'LEGACYHTML5' is deprecated. Using Template Mode 'HTML' instead.
15:52:15.763 [main] INFO  o.s.l.c.s.AbstractContextSource - Property 'userDn' not set - anonymous context will be used for read-write operations
15:52:15.819 [main] INFO  o.a.coyote.http11.Http11NioProtocol - Starting ProtocolHandler ["http-nio-80"]
15:52:15.852 [main] INFO  o.s.b.w.e.tomcat.TomcatWebServer - Tomcat started on port(s): 80 (http) with context path ''
15:52:15.874 [main] INFO  app.passwd.PasswdApplication - Started PasswdApplication in 5.139 seconds (JVM running for 5.842)
15:52:15.891 [main] INFO  app.passwd.PasswdApplication - working dir:/home/inono/Projects/school-passwd
15:52:16.002 [main] INFO  app.passwd.PasswdApplication - 帳號整合服務成功啟動
15:52:25.558 [http-nio-80-exec-1] INFO  o.a.c.c.C.[Tomcat].[localhost].[/] - Initializing Spring DispatcherServlet 'dispatcherServlet'
15:52:25.567 [http-nio-80-exec-1] INFO  o.s.web.servlet.DispatcherServlet - Initializing Servlet 'dispatcherServlet'
15:52:25.572 [http-nio-80-exec-1] INFO  o.s.web.servlet.DispatcherServlet - Completed initialization in 1 ms
15:52:26.448 [http-nio-80-exec-3] INFO  a.passwd.controller.IndexController - 1.需請求取得認證授權,轉到 https://api.tc.edu.tw/school-oauth/authorize
15:52:33.412 [http-nio-80-exec-4] INFO  a.p.controller.CallbackController - 9fb88673ded321b6727f2628554d8f8fc0b3c1b68197104b0ba63e837d44226e
15:52:33.422 [http-nio-80-exec-4] INFO  a.p.controller.CallbackController - 3.取得code:{"school_no":"064757","username":"igogo","role":"teacher","name":"\u5433\u5609\u7965","edu_key":"","title_name":"\u79d1\u4efb\u6559\u5e2b","title_kind":"\u5c08\u4efb\u6559\u5e2b"}
15:52:33.452 [http-nio-80-exec-4] INFO  a.p.controller.CallbackController - {"school_no":"064757","username":"igogo","role":"teacher","name":"吳嘉祥","edu_key":"","title_name":"科任教師","title_kind":"專任教師"}
15:52:33.471 [http-nio-80-exec-4] INFO  app.passwd.service.Oauth2Client - 4. 進行client_credientials flow 取得token.
15:52:34.469 [http-nio-80-exec-5] INFO  a.p.controller.admin.AdminController - {"school_no":"064757","username":"igogo","adusername":"igogo","role":"teacher","name":"吳嘉祥","edu_key":""}
15:52:39.055 [http-nio-80-exec-8] INFO  app.passwd.service.SemesterData - 取得semester data - endpoint:https://api.tc.edu.tw/semester-data
15:53:01.096 [http-nio-80-exec-9] INFO  a.passwd.api.UpdatePasswdController - 106-106079,26568669
15:59:46.957 [SpringApplicationShutdownHook] INFO  o.s.o.j.LocalContainerEntityManagerFactoryBean - Closing JPA EntityManagerFactory for persistence unit 'default'
15:59:46.959 [SpringApplicationShutdownHook] INFO  o.h.t.s.i.SchemaDropperImpl$DelayedDropActionImpl - HHH000477: Starting delayed evictData of schema as part of SessionFactory shut-down'
15:59:46.968 [SpringApplicationShutdownHook] INFO  com.zaxxer.hikari.HikariDataSource - HikariPool-1 - Shutdown initiated...
15:59:46.981 [SpringApplicationShutdownHook] INFO  com.zaxxer.hikari.HikariDataSource - HikariPool-1 - Shutdown completed.
16:00:06.618 [main] INFO  app.passwd.PasswdApplication - Starting PasswdApplication using Java 17.0.5 on smbldap with PID 75763 (/home/inono/Projects/school-passwd/target/classes started by root in /home/inono/Projects/school-passwd)
16:00:06.632 [main] INFO  app.passwd.PasswdApplication - No active profile set, falling back to 1 default profile: "default"
16:00:07.605 [main] INFO  o.s.d.r.c.RepositoryConfigurationDelegate - Bootstrapping Spring Data JPA repositories in DEFAULT mode.
16:00:07.654 [main] INFO  o.s.d.r.c.RepositoryConfigurationDelegate - Finished Spring Data repository scanning in 41 ms. Found 2 JPA repository interfaces.
16:00:08.224 [main] INFO  o.s.b.w.e.tomcat.TomcatWebServer - Tomcat initialized with port(s): 80 (http)
16:00:08.234 [main] INFO  o.a.coyote.http11.Http11NioProtocol - Initializing ProtocolHandler ["http-nio-80"]
16:00:08.234 [main] INFO  o.a.catalina.core.StandardService - Starting service [Tomcat]
16:00:08.235 [main] INFO  o.a.catalina.core.StandardEngine - Starting Servlet engine: [Apache Tomcat/9.0.69]
16:00:08.365 [main] INFO  o.a.c.c.C.[Tomcat].[localhost].[/] - Initializing Spring embedded WebApplicationContext
16:00:08.366 [main] INFO  o.s.b.w.s.c.ServletWebServerApplicationContext - Root WebApplicationContext: initialization completed in 1543 ms
16:00:08.673 [main] INFO  com.zaxxer.hikari.HikariDataSource - HikariPool-1 - Starting...
16:00:08.837 [main] INFO  com.zaxxer.hikari.HikariDataSource - HikariPool-1 - Start completed.
16:00:08.897 [main] INFO  o.h.jpa.internal.util.LogHelper - HHH000204: Processing PersistenceUnitInfo [name: default]
16:00:08.957 [main] INFO  org.hibernate.Version - HHH000412: Hibernate ORM core version 5.6.14.Final
16:00:09.091 [main] INFO  o.h.annotations.common.Version - HCANN000001: Hibernate Commons Annotations {5.1.2.Final}
16:00:09.225 [main] INFO  org.hibernate.dialect.Dialect - HHH000400: Using dialect: org.hibernate.dialect.H2Dialect
16:00:09.795 [main] INFO  o.h.e.t.j.p.i.JtaPlatformInitiator - HHH000490: Using JtaPlatform implementation: [org.hibernate.engine.transaction.jta.platform.internal.NoJtaPlatform]
16:00:09.802 [main] INFO  o.s.o.j.LocalContainerEntityManagerFactoryBean - Initialized JPA EntityManagerFactory for persistence unit 'default'
16:00:10.237 [main] WARN  o.s.b.a.o.j.JpaBaseConfiguration$JpaWebConfiguration - spring.jpa.open-in-view is enabled by default. Therefore, database queries may be performed during view rendering. Explicitly configure spring.jpa.open-in-view to disable this warning
16:00:10.522 [main] WARN  o.t.templatemode.TemplateMode - [THYMELEAF][main] Template Mode 'LEGACYHTML5' is deprecated. Using Template Mode 'HTML' instead.
16:00:10.586 [main] INFO  o.s.l.c.s.AbstractContextSource - Property 'userDn' not set - anonymous context will be used for read-write operations
16:00:10.640 [main] INFO  o.a.coyote.http11.Http11NioProtocol - Starting ProtocolHandler ["http-nio-80"]
16:00:10.662 [main] INFO  o.s.b.w.e.tomcat.TomcatWebServer - Tomcat started on port(s): 80 (http) with context path ''
16:00:10.690 [main] INFO  app.passwd.PasswdApplication - Started PasswdApplication in 4.943 seconds (JVM running for 5.569)
16:00:10.692 [main] INFO  app.passwd.PasswdApplication - working dir:/home/inono/Projects/school-passwd
16:00:10.794 [main] INFO  app.passwd.PasswdApplication - 帳號整合服務成功啟動
16:00:35.865 [http-nio-80-exec-1] INFO  o.a.c.c.C.[Tomcat].[localhost].[/] - Initializing Spring DispatcherServlet 'dispatcherServlet'
16:00:35.883 [http-nio-80-exec-1] INFO  o.s.web.servlet.DispatcherServlet - Initializing Servlet 'dispatcherServlet'
16:00:35.884 [http-nio-80-exec-1] INFO  o.s.web.servlet.DispatcherServlet - Completed initialization in 0 ms
16:00:37.160 [http-nio-80-exec-3] INFO  a.passwd.controller.IndexController - 1.需請求取得認證授權,轉到 https://api.tc.edu.tw/school-oauth/authorize
16:00:47.327 [http-nio-80-exec-4] INFO  a.p.controller.CallbackController - a774c8d07d60c4ca1d68c8a3c826f2c79130e66012944ec00828fad049b3bb15
16:00:47.349 [http-nio-80-exec-4] INFO  a.p.controller.CallbackController - 3.取得code:{"school_no":"064757","username":"igogo","role":"teacher","name":"\u5433\u5609\u7965","edu_key":"","title_name":"\u79d1\u4efb\u6559\u5e2b","title_kind":"\u5c08\u4efb\u6559\u5e2b"}
16:00:47.391 [http-nio-80-exec-4] INFO  a.p.controller.CallbackController - {"school_no":"064757","username":"igogo","role":"teacher","name":"吳嘉祥","edu_key":"","title_name":"科任教師","title_kind":"專任教師"}
16:00:47.464 [http-nio-80-exec-4] INFO  app.passwd.service.Oauth2Client - 4. 進行client_credientials flow 取得token.
16:00:48.157 [http-nio-80-exec-5] INFO  a.p.controller.admin.AdminController - {"school_no":"064757","username":"igogo","adusername":"igogo","role":"teacher","name":"吳嘉祥","edu_key":""}
16:00:52.775 [http-nio-80-exec-8] INFO  app.passwd.service.SemesterData - 取得semester data - endpoint:https://api.tc.edu.tw/semester-data
16:01:27.344 [http-nio-80-exec-9] INFO  a.passwd.api.UpdatePasswdController - 106-106079,26568669
16:01:27.345 [http-nio-80-exec-9] INFO  a.passwd.api.UpdatePasswdController - update user passwd
16:01:27.703 [http-nio-80-exec-9] INFO  a.passwd.api.UpdatePasswdController - {"_links":{"self":{"href":"https:\/\/api.tc.edu.tw\/change-password"}},"_embedded":{"change_password":[["106-106079 \u66f4\u6539\u4e86\u5bc6\u78bc{MD5}uKfe26r18b+mNJC1Pqhjfw=="]]},"total_items":1}
16:02:47.274 [SpringApplicationShutdownHook] INFO  o.s.o.j.LocalContainerEntityManagerFactoryBean - Closing JPA EntityManagerFactory for persistence unit 'default'
16:02:47.279 [SpringApplicationShutdownHook] INFO  o.h.t.s.i.SchemaDropperImpl$DelayedDropActionImpl - HHH000477: Starting delayed evictData of schema as part of SessionFactory shut-down'
16:02:47.290 [SpringApplicationShutdownHook] INFO  com.zaxxer.hikari.HikariDataSource - HikariPool-1 - Shutdown initiated...
16:02:47.297 [SpringApplicationShutdownHook] INFO  com.zaxxer.hikari.HikariDataSource - HikariPool-1 - Shutdown completed.
