08:45:19.893 [main] INFO  app.passwd.PasswdApplication - Starting PasswdApplication using Java 11.0.11 on smbldap with PID 3407 (/home/inono/Projects/school-passwd/target/classes started by inono in /home/inono/Projects/school-passwd)
08:45:19.896 [main] INFO  app.passwd.PasswdApplication - No active profile set, falling back to default profiles: default
08:45:20.546 [main] INFO  o.s.d.r.c.RepositoryConfigurationDelegate - Multiple Spring Data modules found, entering strict repository configuration mode!
08:45:20.547 [main] INFO  o.s.d.r.c.RepositoryConfigurationDelegate - Bootstrapping Spring Data MongoDB repositories in DEFAULT mode.
08:45:20.581 [main] INFO  o.s.d.r.c.RepositoryConfigurationExtensionSupport - Spring Data MongoDB - Could not safely identify store assignment for repository candidate interface app.passwd.repository.SystemConfigRepository. If you want this repository to be a MongoDB repository, consider annotating your entities with one of these annotations: org.springframework.data.mongodb.core.mapping.Document (preferred), or consider extending one of the following types with your repository: org.springframework.data.mongodb.repository.MongoRepository.
08:45:20.636 [main] INFO  o.s.d.r.c.RepositoryConfigurationDelegate - Finished Spring Data repository scanning in 83 ms. Found 3 MongoDB repository interfaces.
08:45:20.857 [main] INFO  o.s.d.r.c.RepositoryConfigurationDelegate - Multiple Spring Data modules found, entering strict repository configuration mode!
08:45:20.858 [main] INFO  o.s.d.r.c.RepositoryConfigurationDelegate - Bootstrapping Spring Data JPA repositories in DEFAULT mode.
08:45:20.878 [main] INFO  o.s.d.r.c.RepositoryConfigurationExtensionSupport - Spring Data JPA - Could not safely identify store assignment for repository candidate interface app.passwd.repository.SyncUseritemRepository. If you want this repository to be a JPA repository, consider annotating your entities with one of these annotations: javax.persistence.Entity, javax.persistence.MappedSuperclass (preferred), or consider extending one of the following types with your repository: org.springframework.data.jpa.repository.JpaRepository.
08:45:20.886 [main] INFO  o.s.d.r.c.RepositoryConfigurationExtensionSupport - Spring Data JPA - Could not safely identify store assignment for repository candidate interface app.passwd.repository.UserItemRepository. If you want this repository to be a JPA repository, consider annotating your entities with one of these annotations: javax.persistence.Entity, javax.persistence.MappedSuperclass (preferred), or consider extending one of the following types with your repository: org.springframework.data.jpa.repository.JpaRepository.
08:45:20.888 [main] INFO  o.s.d.r.c.RepositoryConfigurationExtensionSupport - Spring Data JPA - Could not safely identify store assignment for repository candidate interface app.passwd.repository.UserRepository. If you want this repository to be a JPA repository, consider annotating your entities with one of these annotations: javax.persistence.Entity, javax.persistence.MappedSuperclass (preferred), or consider extending one of the following types with your repository: org.springframework.data.jpa.repository.JpaRepository.
08:45:20.903 [main] INFO  o.s.d.r.c.RepositoryConfigurationDelegate - Finished Spring Data repository scanning in 41 ms. Found 1 JPA repository interfaces.
08:45:21.561 [main] INFO  o.s.b.w.e.tomcat.TomcatWebServer - Tomcat initialized with port(s): 8080 (http)
08:45:21.578 [main] INFO  o.a.coyote.http11.Http11NioProtocol - Initializing ProtocolHandler ["http-nio-8080"]
08:45:21.579 [main] INFO  o.a.catalina.core.StandardService - Starting service [Tomcat]
08:45:21.581 [main] INFO  o.a.catalina.core.StandardEngine - Starting Servlet engine: [Apache Tomcat/9.0.52]
08:45:21.729 [main] INFO  o.a.c.c.C.[Tomcat].[localhost].[/] - Initializing Spring embedded WebApplicationContext
08:45:21.730 [main] INFO  o.s.b.w.s.c.ServletWebServerApplicationContext - Root WebApplicationContext: initialization completed in 1771 ms
08:45:21.998 [main] INFO  com.zaxxer.hikari.HikariDataSource - HikariPool-1 - Starting...
08:45:22.090 [main] INFO  com.zaxxer.hikari.HikariDataSource - HikariPool-1 - Start completed.
08:45:22.135 [main] INFO  o.h.jpa.internal.util.LogHelper - HHH000204: Processing PersistenceUnitInfo [name: default]
08:45:22.180 [main] INFO  org.hibernate.Version - HHH000412: Hibernate ORM core version 5.4.32.Final
08:45:22.328 [main] INFO  o.h.annotations.common.Version - HCANN000001: Hibernate Commons Annotations {5.1.2.Final}
08:45:22.409 [main] INFO  org.hibernate.dialect.Dialect - HHH000400: Using dialect: org.hibernate.dialect.H2Dialect
08:45:22.866 [main] INFO  o.h.e.t.j.p.i.JtaPlatformInitiator - HHH000490: Using JtaPlatform implementation: [org.hibernate.engine.transaction.jta.platform.internal.NoJtaPlatform]
08:45:22.873 [main] INFO  o.s.o.j.LocalContainerEntityManagerFactoryBean - Initialized JPA EntityManagerFactory for persistence unit 'default'
08:45:23.214 [main] INFO  org.mongodb.driver.cluster - Cluster created with settings {hosts=[127.0.0.1:27017], mode=SINGLE, requiredClusterType=UNKNOWN, serverSelectionTimeout='30000 ms'}
08:45:23.318 [cluster-rtt-ClusterId{value='613e9f235f7bb340bab9f80a', description='null'}-127.0.0.1:27017] INFO  org.mongodb.driver.connection - Opened connection [connectionId{localValue:2, serverValue:6}] to 127.0.0.1:27017
08:45:23.318 [cluster-ClusterId{value='613e9f235f7bb340bab9f80a', description='null'}-127.0.0.1:27017] INFO  org.mongodb.driver.connection - Opened connection [connectionId{localValue:1, serverValue:7}] to 127.0.0.1:27017
08:45:23.323 [cluster-ClusterId{value='613e9f235f7bb340bab9f80a', description='null'}-127.0.0.1:27017] INFO  org.mongodb.driver.cluster - Monitor thread successfully connected to server with description ServerDescription{address=127.0.0.1:27017, type=STANDALONE, state=CONNECTED, ok=true, minWireVersion=0, maxWireVersion=8, maxDocumentSize=16777216, logicalSessionTimeoutMinutes=30, roundTripTimeNanos=40561896}
08:45:23.646 [main] WARN  o.s.b.a.o.j.JpaBaseConfiguration$JpaWebConfiguration - spring.jpa.open-in-view is enabled by default. Therefore, database queries may be performed during view rendering. Explicitly configure spring.jpa.open-in-view to disable this warning
08:45:23.950 [main] WARN  o.t.templatemode.TemplateMode - [THYMELEAF][main] Template Mode 'LEGACYHTML5' is deprecated. Using Template Mode 'HTML' instead.
08:45:24.066 [main] INFO  o.a.coyote.http11.Http11NioProtocol - Starting ProtocolHandler ["http-nio-8080"]
08:45:24.075 [main] INFO  o.s.b.w.e.tomcat.TomcatWebServer - Tomcat started on port(s): 8080 (http) with context path ''
08:45:24.096 [main] INFO  app.passwd.PasswdApplication - Started PasswdApplication in 4.827 seconds (JVM running for 5.275)
08:45:24.133 [main] INFO  org.mongodb.driver.connection - Opened connection [connectionId{localValue:3, serverValue:8}] to 127.0.0.1:27017
08:45:24.233 [main] INFO  app.passwd.PasswdApplication - 服務成功啟動
08:50:01.116 [scheduling-1] INFO  app.passwd.service.UseritemService - pastitem:igogo:全民督工宣導2.JPG
08:50:01.121 [scheduling-1] INFO  app.passwd.service.UseritemService - pastitem:tea41:110防詐小學堂-投資穩賺不賠篇005218940007.mp4
08:50:01.122 [scheduling-1] INFO  app.passwd.service.UseritemService - pastitem:igogo:blank.jpg
08:50:01.123 [scheduling-1] INFO  app.passwd.service.UseritemService - pastitem:igogo:blank.png
08:50:01.124 [scheduling-1] INFO  app.passwd.service.UseritemService - pastitem:john:110大德平面配置圖.jpg
08:50:01.125 [scheduling-1] INFO  app.passwd.service.UseritemService - pastitem:igogo:防疫宣導影片-快打市場 30秒.mp4
08:50:01.126 [scheduling-1] INFO  app.passwd.service.UseritemService - pastitem:igogo:全民督工宣導2.JPG
08:50:01.132 [scheduling-1] INFO  app.passwd.service.UseritemService - pastitem:igogo:全民督工宣導2.JPG
08:50:01.133 [scheduling-1] INFO  app.passwd.service.UseritemService - pastitem:igogo:全民督工宣導2.JPG
08:50:01.140 [scheduling-1] INFO  app.passwd.service.UseritemService - pastitem:igogo:109159.png
08:52:59.879 [http-nio-8080-exec-1] INFO  o.a.c.c.C.[Tomcat].[localhost].[/] - Initializing Spring DispatcherServlet 'dispatcherServlet'
08:52:59.880 [http-nio-8080-exec-1] INFO  o.s.web.servlet.DispatcherServlet - Initializing Servlet 'dispatcherServlet'
08:52:59.882 [http-nio-8080-exec-1] INFO  o.s.web.servlet.DispatcherServlet - Completed initialization in 2 ms
08:53:02.401 [http-nio-8080-exec-1] WARN  o.a.c.util.SessionIdGeneratorBase - Creation of SecureRandom instance for session ID generation using [SHA1PRNG] took [2,488] milliseconds.
08:53:02.523 [http-nio-8080-exec-1] INFO  a.p.publicdata.UserItemController - {"jpg":10,"mp4":4,"png":0}
08:53:41.381 [http-nio-8080-exec-7] INFO  org.mongodb.driver.connection - Opened connection [connectionId{localValue:5, serverValue:10}] to 127.0.0.1:27017
08:53:41.381 [http-nio-8080-exec-6] INFO  org.mongodb.driver.connection - Opened connection [connectionId{localValue:4, serverValue:9}] to 127.0.0.1:27017
08:53:41.390 [http-nio-8080-exec-8] INFO  org.mongodb.driver.connection - Opened connection [connectionId{localValue:6, serverValue:11}] to 127.0.0.1:27017
09:24:31.618 [http-nio-8080-exec-5] INFO  a.passwd.controller.IndexController - 1.需請求取得認證授權,轉到 https://api.tc.edu.tw/school-oauth/authorize
13:31:28.372 [http-nio-8080-exec-7] INFO  a.passwd.controller.IndexController - 1.需請求取得認證授權,轉到 https://api.tc.edu.tw/school-oauth/authorize
15:05:10.195 [http-nio-8080-exec-6] INFO  a.passwd.controller.IndexController - 1.需請求取得認證授權,轉到 https://api.tc.edu.tw/school-oauth/authorize
15:05:15.365 [http-nio-8080-exec-10] INFO  a.p.controller.CallbackController - 3.取得code:{"school_no":"064757","username":"igogo","role":"teacher","name":"\u5433\u5609\u7965","edu_key":"","title_name":"\u79d1\u4efb\u6559\u5e2b","title_kind":"\u5c08\u4efb\u6559\u5e2b"}
15:05:15.471 [http-nio-8080-exec-10] INFO  a.p.controller.CallbackController - role: teacher
15:05:15.590 [http-nio-8080-exec-10] INFO  app.passwd.service.Oauth2Client - 4. 進行client_credientials flow 取得token.
15:07:44.715 [SpringApplicationShutdownHook] INFO  o.s.o.j.LocalContainerEntityManagerFactoryBean - Closing JPA EntityManagerFactory for persistence unit 'default'
15:07:44.717 [SpringApplicationShutdownHook] INFO  o.h.t.s.i.SchemaDropperImpl$DelayedDropActionImpl - HHH000477: Starting delayed evictData of schema as part of SessionFactory shut-down'
15:07:44.835 [SpringApplicationShutdownHook] INFO  com.zaxxer.hikari.HikariDataSource - HikariPool-1 - Shutdown initiated...
15:07:44.869 [SpringApplicationShutdownHook] INFO  com.zaxxer.hikari.HikariDataSource - HikariPool-1 - Shutdown completed.
15:08:13.325 [main] INFO  app.passwd.PasswdApplication - Starting PasswdApplication using Java 11.0.11 on smbldap with PID 9163 (/home/inono/Projects/school-passwd/target/classes started by inono in /home/inono/Projects/school-passwd)
15:08:13.327 [main] INFO  app.passwd.PasswdApplication - No active profile set, falling back to default profiles: default
15:08:14.497 [main] INFO  o.s.d.r.c.RepositoryConfigurationDelegate - Multiple Spring Data modules found, entering strict repository configuration mode!
15:08:14.498 [main] INFO  o.s.d.r.c.RepositoryConfigurationDelegate - Bootstrapping Spring Data MongoDB repositories in DEFAULT mode.
15:08:14.563 [main] INFO  o.s.d.r.c.RepositoryConfigurationExtensionSupport - Spring Data MongoDB - Could not safely identify store assignment for repository candidate interface app.passwd.repository.SystemConfigRepository. If you want this repository to be a MongoDB repository, consider annotating your entities with one of these annotations: org.springframework.data.mongodb.core.mapping.Document (preferred), or consider extending one of the following types with your repository: org.springframework.data.mongodb.repository.MongoRepository.
15:08:14.605 [main] INFO  o.s.d.r.c.RepositoryConfigurationDelegate - Finished Spring Data repository scanning in 102 ms. Found 3 MongoDB repository interfaces.
15:08:14.885 [main] INFO  o.s.d.r.c.RepositoryConfigurationDelegate - Multiple Spring Data modules found, entering strict repository configuration mode!
15:08:14.886 [main] INFO  o.s.d.r.c.RepositoryConfigurationDelegate - Bootstrapping Spring Data JPA repositories in DEFAULT mode.
15:08:14.911 [main] INFO  o.s.d.r.c.RepositoryConfigurationExtensionSupport - Spring Data JPA - Could not safely identify store assignment for repository candidate interface app.passwd.repository.SyncUseritemRepository. If you want this repository to be a JPA repository, consider annotating your entities with one of these annotations: javax.persistence.Entity, javax.persistence.MappedSuperclass (preferred), or consider extending one of the following types with your repository: org.springframework.data.jpa.repository.JpaRepository.
15:08:14.923 [main] INFO  o.s.d.r.c.RepositoryConfigurationExtensionSupport - Spring Data JPA - Could not safely identify store assignment for repository candidate interface app.passwd.repository.UserItemRepository. If you want this repository to be a JPA repository, consider annotating your entities with one of these annotations: javax.persistence.Entity, javax.persistence.MappedSuperclass (preferred), or consider extending one of the following types with your repository: org.springframework.data.jpa.repository.JpaRepository.
15:08:14.928 [main] INFO  o.s.d.r.c.RepositoryConfigurationExtensionSupport - Spring Data JPA - Could not safely identify store assignment for repository candidate interface app.passwd.repository.UserRepository. If you want this repository to be a JPA repository, consider annotating your entities with one of these annotations: javax.persistence.Entity, javax.persistence.MappedSuperclass (preferred), or consider extending one of the following types with your repository: org.springframework.data.jpa.repository.JpaRepository.
15:08:14.955 [main] INFO  o.s.d.r.c.RepositoryConfigurationDelegate - Finished Spring Data repository scanning in 64 ms. Found 1 JPA repository interfaces.
15:08:15.852 [main] INFO  o.s.b.w.e.tomcat.TomcatWebServer - Tomcat initialized with port(s): 8080 (http)
15:08:15.863 [main] INFO  o.a.coyote.http11.Http11NioProtocol - Initializing ProtocolHandler ["http-nio-8080"]
15:08:15.864 [main] INFO  o.a.catalina.core.StandardService - Starting service [Tomcat]
15:08:15.864 [main] INFO  o.a.catalina.core.StandardEngine - Starting Servlet engine: [Apache Tomcat/9.0.52]
15:08:15.995 [main] INFO  o.a.c.c.C.[Tomcat].[localhost].[/] - Initializing Spring embedded WebApplicationContext
15:08:15.997 [main] INFO  o.s.b.w.s.c.ServletWebServerApplicationContext - Root WebApplicationContext: initialization completed in 2543 ms
15:08:16.445 [main] INFO  com.zaxxer.hikari.HikariDataSource - HikariPool-1 - Starting...
15:08:16.595 [main] INFO  com.zaxxer.hikari.HikariDataSource - HikariPool-1 - Start completed.
15:08:16.940 [main] INFO  o.h.jpa.internal.util.LogHelper - HHH000204: Processing PersistenceUnitInfo [name: default]
15:08:17.028 [main] INFO  org.hibernate.Version - HHH000412: Hibernate ORM core version 5.4.32.Final
15:08:17.258 [main] INFO  o.h.annotations.common.Version - HCANN000001: Hibernate Commons Annotations {5.1.2.Final}
15:08:17.353 [main] INFO  org.hibernate.dialect.Dialect - HHH000400: Using dialect: org.hibernate.dialect.H2Dialect
15:08:17.917 [main] INFO  o.h.e.t.j.p.i.JtaPlatformInitiator - HHH000490: Using JtaPlatform implementation: [org.hibernate.engine.transaction.jta.platform.internal.NoJtaPlatform]
15:08:17.927 [main] INFO  o.s.o.j.LocalContainerEntityManagerFactoryBean - Initialized JPA EntityManagerFactory for persistence unit 'default'
15:08:18.368 [main] INFO  org.mongodb.driver.cluster - Cluster created with settings {hosts=[127.0.0.1:27017], mode=SINGLE, requiredClusterType=UNKNOWN, serverSelectionTimeout='30000 ms'}
15:08:18.584 [cluster-ClusterId{value='613ef8e2875af3268e77b067', description='null'}-127.0.0.1:27017] INFO  org.mongodb.driver.connection - Opened connection [connectionId{localValue:1, serverValue:12}] to 127.0.0.1:27017
15:08:18.587 [cluster-ClusterId{value='613ef8e2875af3268e77b067', description='null'}-127.0.0.1:27017] INFO  org.mongodb.driver.cluster - Monitor thread successfully connected to server with description ServerDescription{address=127.0.0.1:27017, type=STANDALONE, state=CONNECTED, ok=true, minWireVersion=0, maxWireVersion=8, maxDocumentSize=16777216, logicalSessionTimeoutMinutes=30, roundTripTimeNanos=109601750}
15:08:18.589 [cluster-rtt-ClusterId{value='613ef8e2875af3268e77b067', description='null'}-127.0.0.1:27017] INFO  org.mongodb.driver.connection - Opened connection [connectionId{localValue:2, serverValue:13}] to 127.0.0.1:27017
15:08:18.889 [main] WARN  o.s.b.a.o.j.JpaBaseConfiguration$JpaWebConfiguration - spring.jpa.open-in-view is enabled by default. Therefore, database queries may be performed during view rendering. Explicitly configure spring.jpa.open-in-view to disable this warning
15:08:19.222 [main] WARN  o.t.templatemode.TemplateMode - [THYMELEAF][main] Template Mode 'LEGACYHTML5' is deprecated. Using Template Mode 'HTML' instead.
15:08:19.366 [main] INFO  o.a.coyote.http11.Http11NioProtocol - Starting ProtocolHandler ["http-nio-8080"]
15:08:19.382 [main] INFO  o.s.b.w.e.tomcat.TomcatWebServer - Tomcat started on port(s): 8080 (http) with context path ''
15:08:19.404 [main] INFO  app.passwd.PasswdApplication - Started PasswdApplication in 7.754 seconds (JVM running for 8.54)
15:08:19.456 [main] INFO  org.mongodb.driver.connection - Opened connection [connectionId{localValue:3, serverValue:14}] to 127.0.0.1:27017
15:08:19.570 [main] INFO  app.passwd.PasswdApplication - 服務成功啟動
15:08:22.754 [http-nio-8080-exec-1] INFO  o.a.c.c.C.[Tomcat].[localhost].[/] - Initializing Spring DispatcherServlet 'dispatcherServlet'
15:08:22.755 [http-nio-8080-exec-1] INFO  o.s.web.servlet.DispatcherServlet - Initializing Servlet 'dispatcherServlet'
15:08:22.757 [http-nio-8080-exec-1] INFO  o.s.web.servlet.DispatcherServlet - Completed initialization in 1 ms
15:08:22.982 [http-nio-8080-exec-3] INFO  a.passwd.controller.IndexController - 1.需請求取得認證授權,轉到 https://api.tc.edu.tw/school-oauth/authorize
15:08:26.911 [http-nio-8080-exec-4] INFO  a.p.controller.CallbackController - 3.取得code:{"school_no":"064757","username":"igogo","role":"teacher","name":"\u5433\u5609\u7965","edu_key":"","title_name":"\u79d1\u4efb\u6559\u5e2b","title_kind":"\u5c08\u4efb\u6559\u5e2b"}
15:08:26.960 [http-nio-8080-exec-4] INFO  a.p.controller.CallbackController - role: teacher
15:08:27.226 [http-nio-8080-exec-4] INFO  app.passwd.service.Oauth2Client - 4. 進行client_credientials flow 取得token.
15:08:41.124 [http-nio-8080-exec-7] INFO  a.p.controller.UserhomeController - audio/mpeg
15:08:41.124 [http-nio-8080-exec-7] INFO  a.p.controller.UserhomeController - upload item sucessfully
15:10:03.097 [scheduling-1] ERROR o.s.s.s.TaskUtils$LoggingErrorHandler - Unexpected error occurred in scheduled task
java.lang.NullPointerException: null
	at app.passwd.service.UseritemService.getUseritemsAndSaveFile(UseritemService.java:114)
	at app.passwd.config.ScheduleConfig.syncUserItem(ScheduleConfig.java:29)
	at java.base/jdk.internal.reflect.NativeMethodAccessorImpl.invoke0(Native Method)
	at java.base/jdk.internal.reflect.NativeMethodAccessorImpl.invoke(NativeMethodAccessorImpl.java:62)
	at java.base/jdk.internal.reflect.DelegatingMethodAccessorImpl.invoke(DelegatingMethodAccessorImpl.java:43)
	at java.base/java.lang.reflect.Method.invoke(Method.java:566)
	at org.springframework.scheduling.support.ScheduledMethodRunnable.run(ScheduledMethodRunnable.java:84)
	at org.springframework.scheduling.support.DelegatingErrorHandlingRunnable.run(DelegatingErrorHandlingRunnable.java:54)
	at org.springframework.scheduling.concurrent.ReschedulingRunnable.run(ReschedulingRunnable.java:95)
	at java.base/java.util.concurrent.Executors$RunnableAdapter.call(Executors.java:515)
	at java.base/java.util.concurrent.FutureTask.run(FutureTask.java:264)
	at java.base/java.util.concurrent.ScheduledThreadPoolExecutor$ScheduledFutureTask.run(ScheduledThreadPoolExecutor.java:304)
	at java.base/java.util.concurrent.ThreadPoolExecutor.runWorker(ThreadPoolExecutor.java:1128)
	at java.base/java.util.concurrent.ThreadPoolExecutor$Worker.run(ThreadPoolExecutor.java:628)
	at java.base/java.lang.Thread.run(Thread.java:829)
15:20:03.066 [scheduling-1] ERROR o.s.s.s.TaskUtils$LoggingErrorHandler - Unexpected error occurred in scheduled task
java.lang.NullPointerException: null
	at app.passwd.service.UseritemService.getUseritemsAndSaveFile(UseritemService.java:114)
	at app.passwd.config.ScheduleConfig.syncUserItem(ScheduleConfig.java:29)
	at java.base/jdk.internal.reflect.NativeMethodAccessorImpl.invoke0(Native Method)
	at java.base/jdk.internal.reflect.NativeMethodAccessorImpl.invoke(NativeMethodAccessorImpl.java:62)
	at java.base/jdk.internal.reflect.DelegatingMethodAccessorImpl.invoke(DelegatingMethodAccessorImpl.java:43)
	at java.base/java.lang.reflect.Method.invoke(Method.java:566)
	at org.springframework.scheduling.support.ScheduledMethodRunnable.run(ScheduledMethodRunnable.java:84)
	at org.springframework.scheduling.support.DelegatingErrorHandlingRunnable.run(DelegatingErrorHandlingRunnable.java:54)
	at org.springframework.scheduling.concurrent.ReschedulingRunnable.run(ReschedulingRunnable.java:95)
	at java.base/java.util.concurrent.Executors$RunnableAdapter.call(Executors.java:515)
	at java.base/java.util.concurrent.FutureTask.run(FutureTask.java:264)
	at java.base/java.util.concurrent.ScheduledThreadPoolExecutor$ScheduledFutureTask.run(ScheduledThreadPoolExecutor.java:304)
	at java.base/java.util.concurrent.ThreadPoolExecutor.runWorker(ThreadPoolExecutor.java:1128)
	at java.base/java.util.concurrent.ThreadPoolExecutor$Worker.run(ThreadPoolExecutor.java:628)
	at java.base/java.lang.Thread.run(Thread.java:829)
15:23:22.879 [SpringApplicationShutdownHook] INFO  o.s.o.j.LocalContainerEntityManagerFactoryBean - Closing JPA EntityManagerFactory for persistence unit 'default'
15:23:22.880 [SpringApplicationShutdownHook] INFO  o.h.t.s.i.SchemaDropperImpl$DelayedDropActionImpl - HHH000477: Starting delayed evictData of schema as part of SessionFactory shut-down'
15:23:22.890 [SpringApplicationShutdownHook] INFO  com.zaxxer.hikari.HikariDataSource - HikariPool-1 - Shutdown initiated...
15:23:22.896 [SpringApplicationShutdownHook] INFO  com.zaxxer.hikari.HikariDataSource - HikariPool-1 - Shutdown completed.
15:23:49.613 [main] INFO  app.passwd.PasswdApplication - Starting PasswdApplication using Java 11.0.11 on smbldap with PID 9542 (/home/inono/Projects/school-passwd/target/classes started by inono in /home/inono/Projects/school-passwd)
15:23:49.615 [main] INFO  app.passwd.PasswdApplication - No active profile set, falling back to default profiles: default
15:23:51.218 [main] INFO  o.s.d.r.c.RepositoryConfigurationDelegate - Multiple Spring Data modules found, entering strict repository configuration mode!
15:23:51.219 [main] INFO  o.s.d.r.c.RepositoryConfigurationDelegate - Bootstrapping Spring Data MongoDB repositories in DEFAULT mode.
15:23:51.307 [main] INFO  o.s.d.r.c.RepositoryConfigurationExtensionSupport - Spring Data MongoDB - Could not safely identify store assignment for repository candidate interface app.passwd.repository.SystemConfigRepository. If you want this repository to be a MongoDB repository, consider annotating your entities with one of these annotations: org.springframework.data.mongodb.core.mapping.Document (preferred), or consider extending one of the following types with your repository: org.springframework.data.mongodb.repository.MongoRepository.
15:23:51.394 [main] INFO  o.s.d.r.c.RepositoryConfigurationDelegate - Finished Spring Data repository scanning in 166 ms. Found 3 MongoDB repository interfaces.
15:23:51.871 [main] INFO  o.s.d.r.c.RepositoryConfigurationDelegate - Multiple Spring Data modules found, entering strict repository configuration mode!
15:23:51.877 [main] INFO  o.s.d.r.c.RepositoryConfigurationDelegate - Bootstrapping Spring Data JPA repositories in DEFAULT mode.
15:23:51.925 [main] INFO  o.s.d.r.c.RepositoryConfigurationExtensionSupport - Spring Data JPA - Could not safely identify store assignment for repository candidate interface app.passwd.repository.SyncUseritemRepository. If you want this repository to be a JPA repository, consider annotating your entities with one of these annotations: javax.persistence.Entity, javax.persistence.MappedSuperclass (preferred), or consider extending one of the following types with your repository: org.springframework.data.jpa.repository.JpaRepository.
15:23:51.927 [main] INFO  o.s.d.r.c.RepositoryConfigurationExtensionSupport - Spring Data JPA - Could not safely identify store assignment for repository candidate interface app.passwd.repository.UserItemRepository. If you want this repository to be a JPA repository, consider annotating your entities with one of these annotations: javax.persistence.Entity, javax.persistence.MappedSuperclass (preferred), or consider extending one of the following types with your repository: org.springframework.data.jpa.repository.JpaRepository.
15:23:51.932 [main] INFO  o.s.d.r.c.RepositoryConfigurationExtensionSupport - Spring Data JPA - Could not safely identify store assignment for repository candidate interface app.passwd.repository.UserRepository. If you want this repository to be a JPA repository, consider annotating your entities with one of these annotations: javax.persistence.Entity, javax.persistence.MappedSuperclass (preferred), or consider extending one of the following types with your repository: org.springframework.data.jpa.repository.JpaRepository.
15:23:51.958 [main] INFO  o.s.d.r.c.RepositoryConfigurationDelegate - Finished Spring Data repository scanning in 73 ms. Found 1 JPA repository interfaces.
15:23:53.296 [main] INFO  o.s.b.w.e.tomcat.TomcatWebServer - Tomcat initialized with port(s): 8080 (http)
15:23:53.324 [main] INFO  o.a.coyote.http11.Http11NioProtocol - Initializing ProtocolHandler ["http-nio-8080"]
15:23:53.325 [main] INFO  o.a.catalina.core.StandardService - Starting service [Tomcat]
15:23:53.325 [main] INFO  o.a.catalina.core.StandardEngine - Starting Servlet engine: [Apache Tomcat/9.0.52]
15:23:53.588 [main] INFO  o.a.c.c.C.[Tomcat].[localhost].[/] - Initializing Spring embedded WebApplicationContext
15:23:53.596 [main] INFO  o.s.b.w.s.c.ServletWebServerApplicationContext - Root WebApplicationContext: initialization completed in 3828 ms
15:23:54.086 [main] INFO  com.zaxxer.hikari.HikariDataSource - HikariPool-1 - Starting...
15:23:54.282 [main] INFO  com.zaxxer.hikari.HikariDataSource - HikariPool-1 - Start completed.
15:23:54.384 [main] INFO  o.h.jpa.internal.util.LogHelper - HHH000204: Processing PersistenceUnitInfo [name: default]
15:23:54.470 [main] INFO  org.hibernate.Version - HHH000412: Hibernate ORM core version 5.4.32.Final
15:23:54.651 [main] INFO  o.h.annotations.common.Version - HCANN000001: Hibernate Commons Annotations {5.1.2.Final}
15:23:54.811 [main] INFO  org.hibernate.dialect.Dialect - HHH000400: Using dialect: org.hibernate.dialect.H2Dialect
15:23:55.831 [main] INFO  o.h.e.t.j.p.i.JtaPlatformInitiator - HHH000490: Using JtaPlatform implementation: [org.hibernate.engine.transaction.jta.platform.internal.NoJtaPlatform]
15:23:55.862 [main] INFO  o.s.o.j.LocalContainerEntityManagerFactoryBean - Initialized JPA EntityManagerFactory for persistence unit 'default'
15:23:56.585 [main] INFO  org.mongodb.driver.cluster - Cluster created with settings {hosts=[127.0.0.1:27017], mode=SINGLE, requiredClusterType=UNKNOWN, serverSelectionTimeout='30000 ms'}
15:23:56.792 [cluster-ClusterId{value='613efc8c75b8c513c55722d7', description='null'}-127.0.0.1:27017] INFO  org.mongodb.driver.connection - Opened connection [connectionId{localValue:1, serverValue:15}] to 127.0.0.1:27017
15:23:56.794 [cluster-ClusterId{value='613efc8c75b8c513c55722d7', description='null'}-127.0.0.1:27017] INFO  org.mongodb.driver.cluster - Monitor thread successfully connected to server with description ServerDescription{address=127.0.0.1:27017, type=STANDALONE, state=CONNECTED, ok=true, minWireVersion=0, maxWireVersion=8, maxDocumentSize=16777216, logicalSessionTimeoutMinutes=30, roundTripTimeNanos=68976773}
15:23:56.785 [cluster-rtt-ClusterId{value='613efc8c75b8c513c55722d7', description='null'}-127.0.0.1:27017] INFO  org.mongodb.driver.connection - Opened connection [connectionId{localValue:2, serverValue:16}] to 127.0.0.1:27017
15:23:57.534 [main] WARN  o.s.b.a.o.j.JpaBaseConfiguration$JpaWebConfiguration - spring.jpa.open-in-view is enabled by default. Therefore, database queries may be performed during view rendering. Explicitly configure spring.jpa.open-in-view to disable this warning
15:23:58.124 [main] WARN  o.t.templatemode.TemplateMode - [THYMELEAF][main] Template Mode 'LEGACYHTML5' is deprecated. Using Template Mode 'HTML' instead.
15:23:58.351 [main] INFO  o.a.coyote.http11.Http11NioProtocol - Starting ProtocolHandler ["http-nio-8080"]
15:23:58.388 [main] INFO  o.s.b.w.e.tomcat.TomcatWebServer - Tomcat started on port(s): 8080 (http) with context path ''
15:23:58.434 [main] INFO  app.passwd.PasswdApplication - Started PasswdApplication in 10.217 seconds (JVM running for 11.457)
15:23:58.503 [main] INFO  org.mongodb.driver.connection - Opened connection [connectionId{localValue:3, serverValue:17}] to 127.0.0.1:27017
15:23:58.693 [main] INFO  app.passwd.PasswdApplication - 服務成功啟動
15:30:03.215 [scheduling-1] ERROR o.s.s.s.TaskUtils$LoggingErrorHandler - Unexpected error occurred in scheduled task
java.lang.NullPointerException: null
	at app.passwd.service.UseritemService.getUseritemsAndSaveFile(UseritemService.java:114)
	at app.passwd.config.ScheduleConfig.syncUserItem(ScheduleConfig.java:29)
	at java.base/jdk.internal.reflect.NativeMethodAccessorImpl.invoke0(Native Method)
	at java.base/jdk.internal.reflect.NativeMethodAccessorImpl.invoke(NativeMethodAccessorImpl.java:62)
	at java.base/jdk.internal.reflect.DelegatingMethodAccessorImpl.invoke(DelegatingMethodAccessorImpl.java:43)
	at java.base/java.lang.reflect.Method.invoke(Method.java:566)
	at org.springframework.scheduling.support.ScheduledMethodRunnable.run(ScheduledMethodRunnable.java:84)
	at org.springframework.scheduling.support.DelegatingErrorHandlingRunnable.run(DelegatingErrorHandlingRunnable.java:54)
	at org.springframework.scheduling.concurrent.ReschedulingRunnable.run(ReschedulingRunnable.java:95)
	at java.base/java.util.concurrent.Executors$RunnableAdapter.call(Executors.java:515)
	at java.base/java.util.concurrent.FutureTask.run(FutureTask.java:264)
	at java.base/java.util.concurrent.ScheduledThreadPoolExecutor$ScheduledFutureTask.run(ScheduledThreadPoolExecutor.java:304)
	at java.base/java.util.concurrent.ThreadPoolExecutor.runWorker(ThreadPoolExecutor.java:1128)
	at java.base/java.util.concurrent.ThreadPoolExecutor$Worker.run(ThreadPoolExecutor.java:628)
	at java.base/java.lang.Thread.run(Thread.java:829)
15:32:09.578 [SpringApplicationShutdownHook] INFO  o.s.o.j.LocalContainerEntityManagerFactoryBean - Closing JPA EntityManagerFactory for persistence unit 'default'
15:32:09.601 [SpringApplicationShutdownHook] INFO  o.h.t.s.i.SchemaDropperImpl$DelayedDropActionImpl - HHH000477: Starting delayed evictData of schema as part of SessionFactory shut-down'
15:32:09.614 [SpringApplicationShutdownHook] INFO  com.zaxxer.hikari.HikariDataSource - HikariPool-1 - Shutdown initiated...
15:32:09.621 [SpringApplicationShutdownHook] INFO  com.zaxxer.hikari.HikariDataSource - HikariPool-1 - Shutdown completed.
15:32:22.921 [main] INFO  app.passwd.PasswdApplication - Starting PasswdApplication using Java 11.0.11 on smbldap with PID 9673 (/home/inono/Projects/school-passwd/target/classes started by inono in /home/inono/Projects/school-passwd)
15:32:22.923 [main] INFO  app.passwd.PasswdApplication - No active profile set, falling back to default profiles: default
15:32:23.607 [main] INFO  o.s.d.r.c.RepositoryConfigurationDelegate - Multiple Spring Data modules found, entering strict repository configuration mode!
15:32:23.611 [main] INFO  o.s.d.r.c.RepositoryConfigurationDelegate - Bootstrapping Spring Data MongoDB repositories in DEFAULT mode.
15:32:23.649 [main] INFO  o.s.d.r.c.RepositoryConfigurationExtensionSupport - Spring Data MongoDB - Could not safely identify store assignment for repository candidate interface app.passwd.repository.SystemConfigRepository. If you want this repository to be a MongoDB repository, consider annotating your entities with one of these annotations: org.springframework.data.mongodb.core.mapping.Document (preferred), or consider extending one of the following types with your repository: org.springframework.data.mongodb.repository.MongoRepository.
15:32:23.698 [main] INFO  o.s.d.r.c.RepositoryConfigurationDelegate - Finished Spring Data repository scanning in 83 ms. Found 3 MongoDB repository interfaces.
15:32:23.921 [main] INFO  o.s.d.r.c.RepositoryConfigurationDelegate - Multiple Spring Data modules found, entering strict repository configuration mode!
15:32:23.922 [main] INFO  o.s.d.r.c.RepositoryConfigurationDelegate - Bootstrapping Spring Data JPA repositories in DEFAULT mode.
15:32:23.944 [main] INFO  o.s.d.r.c.RepositoryConfigurationExtensionSupport - Spring Data JPA - Could not safely identify store assignment for repository candidate interface app.passwd.repository.SyncUseritemRepository. If you want this repository to be a JPA repository, consider annotating your entities with one of these annotations: javax.persistence.Entity, javax.persistence.MappedSuperclass (preferred), or consider extending one of the following types with your repository: org.springframework.data.jpa.repository.JpaRepository.
15:32:23.951 [main] INFO  o.s.d.r.c.RepositoryConfigurationExtensionSupport - Spring Data JPA - Could not safely identify store assignment for repository candidate interface app.passwd.repository.UserItemRepository. If you want this repository to be a JPA repository, consider annotating your entities with one of these annotations: javax.persistence.Entity, javax.persistence.MappedSuperclass (preferred), or consider extending one of the following types with your repository: org.springframework.data.jpa.repository.JpaRepository.
15:32:23.957 [main] INFO  o.s.d.r.c.RepositoryConfigurationExtensionSupport - Spring Data JPA - Could not safely identify store assignment for repository candidate interface app.passwd.repository.UserRepository. If you want this repository to be a JPA repository, consider annotating your entities with one of these annotations: javax.persistence.Entity, javax.persistence.MappedSuperclass (preferred), or consider extending one of the following types with your repository: org.springframework.data.jpa.repository.JpaRepository.
15:32:23.971 [main] INFO  o.s.d.r.c.RepositoryConfigurationDelegate - Finished Spring Data repository scanning in 45 ms. Found 1 JPA repository interfaces.
15:32:24.726 [main] INFO  o.s.b.w.e.tomcat.TomcatWebServer - Tomcat initialized with port(s): 8080 (http)
15:32:24.734 [main] INFO  o.a.coyote.http11.Http11NioProtocol - Initializing ProtocolHandler ["http-nio-8080"]
15:32:24.735 [main] INFO  o.a.catalina.core.StandardService - Starting service [Tomcat]
15:32:24.735 [main] INFO  o.a.catalina.core.StandardEngine - Starting Servlet engine: [Apache Tomcat/9.0.52]
15:32:24.858 [main] INFO  o.a.c.c.C.[Tomcat].[localhost].[/] - Initializing Spring embedded WebApplicationContext
15:32:24.860 [main] INFO  o.s.b.w.s.c.ServletWebServerApplicationContext - Root WebApplicationContext: initialization completed in 1872 ms
15:32:25.111 [main] INFO  com.zaxxer.hikari.HikariDataSource - HikariPool-1 - Starting...
15:32:25.209 [main] INFO  com.zaxxer.hikari.HikariDataSource - HikariPool-1 - Start completed.
15:32:25.266 [main] INFO  o.h.jpa.internal.util.LogHelper - HHH000204: Processing PersistenceUnitInfo [name: default]
15:32:25.307 [main] INFO  org.hibernate.Version - HHH000412: Hibernate ORM core version 5.4.32.Final
15:32:25.429 [main] INFO  o.h.annotations.common.Version - HCANN000001: Hibernate Commons Annotations {5.1.2.Final}
15:32:25.516 [main] INFO  org.hibernate.dialect.Dialect - HHH000400: Using dialect: org.hibernate.dialect.H2Dialect
15:32:25.967 [main] INFO  o.h.e.t.j.p.i.JtaPlatformInitiator - HHH000490: Using JtaPlatform implementation: [org.hibernate.engine.transaction.jta.platform.internal.NoJtaPlatform]
15:32:25.981 [main] INFO  o.s.o.j.LocalContainerEntityManagerFactoryBean - Initialized JPA EntityManagerFactory for persistence unit 'default'
15:32:26.352 [main] INFO  org.mongodb.driver.cluster - Cluster created with settings {hosts=[127.0.0.1:27017], mode=SINGLE, requiredClusterType=UNKNOWN, serverSelectionTimeout='30000 ms'}
15:32:26.442 [cluster-ClusterId{value='613efe8ace40ef3916784e61', description='null'}-127.0.0.1:27017] INFO  org.mongodb.driver.connection - Opened connection [connectionId{localValue:1, serverValue:19}] to 127.0.0.1:27017
15:32:26.444 [cluster-ClusterId{value='613efe8ace40ef3916784e61', description='null'}-127.0.0.1:27017] INFO  org.mongodb.driver.cluster - Monitor thread successfully connected to server with description ServerDescription{address=127.0.0.1:27017, type=STANDALONE, state=CONNECTED, ok=true, minWireVersion=0, maxWireVersion=8, maxDocumentSize=16777216, logicalSessionTimeoutMinutes=30, roundTripTimeNanos=36227247}
15:32:26.445 [cluster-rtt-ClusterId{value='613efe8ace40ef3916784e61', description='null'}-127.0.0.1:27017] INFO  org.mongodb.driver.connection - Opened connection [connectionId{localValue:2, serverValue:18}] to 127.0.0.1:27017
15:32:26.814 [main] WARN  o.s.b.a.o.j.JpaBaseConfiguration$JpaWebConfiguration - spring.jpa.open-in-view is enabled by default. Therefore, database queries may be performed during view rendering. Explicitly configure spring.jpa.open-in-view to disable this warning
15:32:27.094 [main] WARN  o.t.templatemode.TemplateMode - [THYMELEAF][main] Template Mode 'LEGACYHTML5' is deprecated. Using Template Mode 'HTML' instead.
15:32:27.217 [main] INFO  o.a.coyote.http11.Http11NioProtocol - Starting ProtocolHandler ["http-nio-8080"]
15:32:27.227 [main] INFO  o.s.b.w.e.tomcat.TomcatWebServer - Tomcat started on port(s): 8080 (http) with context path ''
15:32:27.250 [main] INFO  app.passwd.PasswdApplication - Started PasswdApplication in 4.957 seconds (JVM running for 5.517)
15:32:27.292 [main] INFO  org.mongodb.driver.connection - Opened connection [connectionId{localValue:3, serverValue:20}] to 127.0.0.1:27017
15:32:27.400 [main] INFO  app.passwd.PasswdApplication - 服務成功啟動
15:40:03.230 [scheduling-1] ERROR o.s.s.s.TaskUtils$LoggingErrorHandler - Unexpected error occurred in scheduled task
java.lang.NullPointerException: null
	at app.passwd.service.UseritemService.getUseritemsAndSaveFile(UseritemService.java:115)
	at app.passwd.config.ScheduleConfig.syncUserItem(ScheduleConfig.java:29)
	at java.base/jdk.internal.reflect.NativeMethodAccessorImpl.invoke0(Native Method)
	at java.base/jdk.internal.reflect.NativeMethodAccessorImpl.invoke(NativeMethodAccessorImpl.java:62)
	at java.base/jdk.internal.reflect.DelegatingMethodAccessorImpl.invoke(DelegatingMethodAccessorImpl.java:43)
	at java.base/java.lang.reflect.Method.invoke(Method.java:566)
	at org.springframework.scheduling.support.ScheduledMethodRunnable.run(ScheduledMethodRunnable.java:84)
	at org.springframework.scheduling.support.DelegatingErrorHandlingRunnable.run(DelegatingErrorHandlingRunnable.java:54)
	at org.springframework.scheduling.concurrent.ReschedulingRunnable.run(ReschedulingRunnable.java:95)
	at java.base/java.util.concurrent.Executors$RunnableAdapter.call(Executors.java:515)
	at java.base/java.util.concurrent.FutureTask.run(FutureTask.java:264)
	at java.base/java.util.concurrent.ScheduledThreadPoolExecutor$ScheduledFutureTask.run(ScheduledThreadPoolExecutor.java:304)
	at java.base/java.util.concurrent.ThreadPoolExecutor.runWorker(ThreadPoolExecutor.java:1128)
	at java.base/java.util.concurrent.ThreadPoolExecutor$Worker.run(ThreadPoolExecutor.java:628)
	at java.base/java.lang.Thread.run(Thread.java:829)
15:45:18.666 [SpringApplicationShutdownHook] INFO  o.s.o.j.LocalContainerEntityManagerFactoryBean - Closing JPA EntityManagerFactory for persistence unit 'default'
15:45:18.666 [SpringApplicationShutdownHook] INFO  o.h.t.s.i.SchemaDropperImpl$DelayedDropActionImpl - HHH000477: Starting delayed evictData of schema as part of SessionFactory shut-down'
15:45:18.672 [SpringApplicationShutdownHook] INFO  com.zaxxer.hikari.HikariDataSource - HikariPool-1 - Shutdown initiated...
15:45:18.675 [SpringApplicationShutdownHook] INFO  com.zaxxer.hikari.HikariDataSource - HikariPool-1 - Shutdown completed.
15:45:32.288 [main] INFO  app.passwd.PasswdApplication - Starting PasswdApplication using Java 11.0.11 on smbldap with PID 9847 (/home/inono/Projects/school-passwd/target/classes started by inono in /home/inono/Projects/school-passwd)
15:45:32.293 [main] INFO  app.passwd.PasswdApplication - No active profile set, falling back to default profiles: default
15:45:33.013 [main] INFO  o.s.d.r.c.RepositoryConfigurationDelegate - Multiple Spring Data modules found, entering strict repository configuration mode!
15:45:33.014 [main] INFO  o.s.d.r.c.RepositoryConfigurationDelegate - Bootstrapping Spring Data MongoDB repositories in DEFAULT mode.
15:45:33.068 [main] INFO  o.s.d.r.c.RepositoryConfigurationExtensionSupport - Spring Data MongoDB - Could not safely identify store assignment for repository candidate interface app.passwd.repository.SystemConfigRepository. If you want this repository to be a MongoDB repository, consider annotating your entities with one of these annotations: org.springframework.data.mongodb.core.mapping.Document (preferred), or consider extending one of the following types with your repository: org.springframework.data.mongodb.repository.MongoRepository.
15:45:33.109 [main] INFO  o.s.d.r.c.RepositoryConfigurationDelegate - Finished Spring Data repository scanning in 91 ms. Found 3 MongoDB repository interfaces.
15:45:33.350 [main] INFO  o.s.d.r.c.RepositoryConfigurationDelegate - Multiple Spring Data modules found, entering strict repository configuration mode!
15:45:33.351 [main] INFO  o.s.d.r.c.RepositoryConfigurationDelegate - Bootstrapping Spring Data JPA repositories in DEFAULT mode.
15:45:33.367 [main] INFO  o.s.d.r.c.RepositoryConfigurationExtensionSupport - Spring Data JPA - Could not safely identify store assignment for repository candidate interface app.passwd.repository.SyncUseritemRepository. If you want this repository to be a JPA repository, consider annotating your entities with one of these annotations: javax.persistence.Entity, javax.persistence.MappedSuperclass (preferred), or consider extending one of the following types with your repository: org.springframework.data.jpa.repository.JpaRepository.
15:45:33.377 [main] INFO  o.s.d.r.c.RepositoryConfigurationExtensionSupport - Spring Data JPA - Could not safely identify store assignment for repository candidate interface app.passwd.repository.UserItemRepository. If you want this repository to be a JPA repository, consider annotating your entities with one of these annotations: javax.persistence.Entity, javax.persistence.MappedSuperclass (preferred), or consider extending one of the following types with your repository: org.springframework.data.jpa.repository.JpaRepository.
15:45:33.379 [main] INFO  o.s.d.r.c.RepositoryConfigurationExtensionSupport - Spring Data JPA - Could not safely identify store assignment for repository candidate interface app.passwd.repository.UserRepository. If you want this repository to be a JPA repository, consider annotating your entities with one of these annotations: javax.persistence.Entity, javax.persistence.MappedSuperclass (preferred), or consider extending one of the following types with your repository: org.springframework.data.jpa.repository.JpaRepository.
15:45:33.391 [main] INFO  o.s.d.r.c.RepositoryConfigurationDelegate - Finished Spring Data repository scanning in 35 ms. Found 1 JPA repository interfaces.
15:45:34.100 [main] INFO  o.s.b.w.e.tomcat.TomcatWebServer - Tomcat initialized with port(s): 8080 (http)
15:45:34.132 [main] INFO  o.a.coyote.http11.Http11NioProtocol - Initializing ProtocolHandler ["http-nio-8080"]
15:45:34.132 [main] INFO  o.a.catalina.core.StandardService - Starting service [Tomcat]
15:45:34.133 [main] INFO  o.a.catalina.core.StandardEngine - Starting Servlet engine: [Apache Tomcat/9.0.52]
15:45:34.269 [main] INFO  o.a.c.c.C.[Tomcat].[localhost].[/] - Initializing Spring embedded WebApplicationContext
15:45:34.270 [main] INFO  o.s.b.w.s.c.ServletWebServerApplicationContext - Root WebApplicationContext: initialization completed in 1904 ms
15:45:34.518 [main] INFO  com.zaxxer.hikari.HikariDataSource - HikariPool-1 - Starting...
15:45:34.614 [main] INFO  com.zaxxer.hikari.HikariDataSource - HikariPool-1 - Start completed.
15:45:34.653 [main] INFO  o.h.jpa.internal.util.LogHelper - HHH000204: Processing PersistenceUnitInfo [name: default]
15:45:34.697 [main] INFO  org.hibernate.Version - HHH000412: Hibernate ORM core version 5.4.32.Final
15:45:34.798 [main] INFO  o.h.annotations.common.Version - HCANN000001: Hibernate Commons Annotations {5.1.2.Final}
15:45:34.882 [main] INFO  org.hibernate.dialect.Dialect - HHH000400: Using dialect: org.hibernate.dialect.H2Dialect
15:45:35.338 [main] INFO  o.h.e.t.j.p.i.JtaPlatformInitiator - HHH000490: Using JtaPlatform implementation: [org.hibernate.engine.transaction.jta.platform.internal.NoJtaPlatform]
15:45:35.356 [main] INFO  o.s.o.j.LocalContainerEntityManagerFactoryBean - Initialized JPA EntityManagerFactory for persistence unit 'default'
15:45:35.723 [main] INFO  org.mongodb.driver.cluster - Cluster created with settings {hosts=[127.0.0.1:27017], mode=SINGLE, requiredClusterType=UNKNOWN, serverSelectionTimeout='30000 ms'}
15:45:35.815 [cluster-rtt-ClusterId{value='613f019f77d50318280d02a7', description='null'}-127.0.0.1:27017] INFO  org.mongodb.driver.connection - Opened connection [connectionId{localValue:2, serverValue:22}] to 127.0.0.1:27017
15:45:35.811 [cluster-ClusterId{value='613f019f77d50318280d02a7', description='null'}-127.0.0.1:27017] INFO  org.mongodb.driver.connection - Opened connection [connectionId{localValue:1, serverValue:21}] to 127.0.0.1:27017
15:45:35.820 [cluster-ClusterId{value='613f019f77d50318280d02a7', description='null'}-127.0.0.1:27017] INFO  org.mongodb.driver.cluster - Monitor thread successfully connected to server with description ServerDescription{address=127.0.0.1:27017, type=STANDALONE, state=CONNECTED, ok=true, minWireVersion=0, maxWireVersion=8, maxDocumentSize=16777216, logicalSessionTimeoutMinutes=30, roundTripTimeNanos=32214896}
15:45:36.193 [main] WARN  o.s.b.a.o.j.JpaBaseConfiguration$JpaWebConfiguration - spring.jpa.open-in-view is enabled by default. Therefore, database queries may be performed during view rendering. Explicitly configure spring.jpa.open-in-view to disable this warning
15:45:36.466 [main] WARN  o.t.templatemode.TemplateMode - [THYMELEAF][main] Template Mode 'LEGACYHTML5' is deprecated. Using Template Mode 'HTML' instead.
15:45:36.587 [main] INFO  o.a.coyote.http11.Http11NioProtocol - Starting ProtocolHandler ["http-nio-8080"]
15:45:36.601 [main] INFO  o.s.b.w.e.tomcat.TomcatWebServer - Tomcat started on port(s): 8080 (http) with context path ''
15:45:36.623 [main] INFO  app.passwd.PasswdApplication - Started PasswdApplication in 4.992 seconds (JVM running for 5.651)
15:45:36.672 [main] INFO  org.mongodb.driver.connection - Opened connection [connectionId{localValue:3, serverValue:23}] to 127.0.0.1:27017
15:45:36.769 [main] INFO  app.passwd.PasswdApplication - 服務成功啟動
15:50:03.975 [scheduling-1] INFO  app.passwd.service.UseritemUtils - copy successfully/home/public/led/設定/傳送門/1-tea41-反詐騙廣告.mp4
15:50:04.004 [scheduling-1] INFO  app.passwd.service.UseritemUtils - copy successfully/home/public/led/設定/傳送門/2-chialun0706-有獎徵答5.jpg
15:50:04.012 [scheduling-1] INFO  app.passwd.service.UseritemUtils - copy successfully/home/public/led/設定/傳送門/3-ljm-20210901新生入學_210901_55.jpg
15:50:04.018 [scheduling-1] INFO  app.passwd.service.UseritemUtils - copy successfully/home/public/led/設定/傳送門/4-ljm-20210901新生入學_210901_24.jpg
15:50:04.057 [scheduling-1] INFO  app.passwd.service.UseritemUtils - copy successfully/home/public/led/設定/傳送門/5-ljm-20210901新生入學_210901_26.jpg
15:50:04.067 [scheduling-1] INFO  app.passwd.service.UseritemUtils - copy successfully/home/public/led/設定/傳送門/6-ljm-20210901新生入學_210901_0.jpg
15:50:04.114 [scheduling-1] INFO  app.passwd.service.UseritemUtils - copy successfully/home/public/led/設定/傳送門/7-tea41-110防詐小學堂-投資穩賺不賠篇005218940007.mp4
15:50:04.132 [scheduling-1] INFO  app.passwd.service.UseritemUtils - copy successfully/home/public/led/設定/傳送門/8-tea41-行人穿越馬路注意事項-過路篇.wmv
15:50:04.214 [scheduling-1] INFO  app.passwd.service.UseritemUtils - copy successfully/home/public/led/設定/傳送門/9-tea41-反詐騙廣告.mp4
15:50:04.249 [scheduling-1] INFO  app.passwd.service.UseritemUtils - copy successfully/home/public/led/設定/傳送門/10-tea41-110防詐小學堂-投資穩賺不賠篇005218940007.mp4
15:50:04.251 [scheduling-1] INFO  app.passwd.service.UseritemUtils - copy successfully/home/public/led/設定/傳送門/11-green-LINE_ALBUM_110年度全國語文競賽臺中市第2區初賽_210907_12.jpg
15:50:04.253 [scheduling-1] INFO  app.passwd.service.UseritemUtils - copy successfully/home/public/led/設定/傳送門/12-green-LINE_ALBUM_110年度全國語文競賽臺中市第2區初賽_210907_6.jpg
15:50:04.261 [scheduling-1] INFO  app.passwd.service.UseritemUtils - copy successfully/home/public/led/設定/傳送門/13-green-LINE_ALBUM_110年度全國語文競賽臺中市第2區初賽_210907_3.jpg
15:50:04.265 [scheduling-1] INFO  app.passwd.service.UseritemUtils - copy successfully/home/public/led/設定/傳送門/14-green-LINE_ALBUM_110年度全國語文競賽臺中市第2區初賽_210907_1.jpg
15:50:04.268 [scheduling-1] INFO  app.passwd.service.UseritemUtils - copy successfully/home/public/led/設定/傳送門/15-green-143479.jpg
15:51:56.815 [SpringApplicationShutdownHook] INFO  o.s.o.j.LocalContainerEntityManagerFactoryBean - Closing JPA EntityManagerFactory for persistence unit 'default'
15:51:56.815 [SpringApplicationShutdownHook] INFO  o.h.t.s.i.SchemaDropperImpl$DelayedDropActionImpl - HHH000477: Starting delayed evictData of schema as part of SessionFactory shut-down'
15:51:56.823 [SpringApplicationShutdownHook] INFO  com.zaxxer.hikari.HikariDataSource - HikariPool-1 - Shutdown initiated...
15:51:56.825 [SpringApplicationShutdownHook] INFO  com.zaxxer.hikari.HikariDataSource - HikariPool-1 - Shutdown completed.
15:52:10.052 [main] INFO  app.passwd.PasswdApplication - Starting PasswdApplication using Java 11.0.11 on smbldap with PID 9957 (/home/inono/Projects/school-passwd/target/classes started by inono in /home/inono/Projects/school-passwd)
15:52:10.055 [main] INFO  app.passwd.PasswdApplication - No active profile set, falling back to default profiles: default
15:52:10.742 [main] INFO  o.s.d.r.c.RepositoryConfigurationDelegate - Multiple Spring Data modules found, entering strict repository configuration mode!
15:52:10.743 [main] INFO  o.s.d.r.c.RepositoryConfigurationDelegate - Bootstrapping Spring Data MongoDB repositories in DEFAULT mode.
15:52:10.791 [main] INFO  o.s.d.r.c.RepositoryConfigurationExtensionSupport - Spring Data MongoDB - Could not safely identify store assignment for repository candidate interface app.passwd.repository.SystemConfigRepository. If you want this repository to be a MongoDB repository, consider annotating your entities with one of these annotations: org.springframework.data.mongodb.core.mapping.Document (preferred), or consider extending one of the following types with your repository: org.springframework.data.mongodb.repository.MongoRepository.
15:52:10.821 [main] INFO  o.s.d.r.c.RepositoryConfigurationDelegate - Finished Spring Data repository scanning in 74 ms. Found 3 MongoDB repository interfaces.
15:52:11.089 [main] INFO  o.s.d.r.c.RepositoryConfigurationDelegate - Multiple Spring Data modules found, entering strict repository configuration mode!
15:52:11.089 [main] INFO  o.s.d.r.c.RepositoryConfigurationDelegate - Bootstrapping Spring Data JPA repositories in DEFAULT mode.
15:52:11.105 [main] INFO  o.s.d.r.c.RepositoryConfigurationExtensionSupport - Spring Data JPA - Could not safely identify store assignment for repository candidate interface app.passwd.repository.SyncUseritemRepository. If you want this repository to be a JPA repository, consider annotating your entities with one of these annotations: javax.persistence.Entity, javax.persistence.MappedSuperclass (preferred), or consider extending one of the following types with your repository: org.springframework.data.jpa.repository.JpaRepository.
15:52:11.115 [main] INFO  o.s.d.r.c.RepositoryConfigurationExtensionSupport - Spring Data JPA - Could not safely identify store assignment for repository candidate interface app.passwd.repository.UserItemRepository. If you want this repository to be a JPA repository, consider annotating your entities with one of these annotations: javax.persistence.Entity, javax.persistence.MappedSuperclass (preferred), or consider extending one of the following types with your repository: org.springframework.data.jpa.repository.JpaRepository.
15:52:11.117 [main] INFO  o.s.d.r.c.RepositoryConfigurationExtensionSupport - Spring Data JPA - Could not safely identify store assignment for repository candidate interface app.passwd.repository.UserRepository. If you want this repository to be a JPA repository, consider annotating your entities with one of these annotations: javax.persistence.Entity, javax.persistence.MappedSuperclass (preferred), or consider extending one of the following types with your repository: org.springframework.data.jpa.repository.JpaRepository.
15:52:11.131 [main] INFO  o.s.d.r.c.RepositoryConfigurationDelegate - Finished Spring Data repository scanning in 37 ms. Found 1 JPA repository interfaces.
15:52:11.805 [main] INFO  o.s.b.w.e.tomcat.TomcatWebServer - Tomcat initialized with port(s): 8080 (http)
15:52:11.818 [main] INFO  o.a.coyote.http11.Http11NioProtocol - Initializing ProtocolHandler ["http-nio-8080"]
15:52:11.819 [main] INFO  o.a.catalina.core.StandardService - Starting service [Tomcat]
15:52:11.819 [main] INFO  o.a.catalina.core.StandardEngine - Starting Servlet engine: [Apache Tomcat/9.0.52]
15:52:11.955 [main] INFO  o.a.c.c.C.[Tomcat].[localhost].[/] - Initializing Spring embedded WebApplicationContext
15:52:11.956 [main] INFO  o.s.b.w.s.c.ServletWebServerApplicationContext - Root WebApplicationContext: initialization completed in 1832 ms
15:52:12.199 [main] INFO  com.zaxxer.hikari.HikariDataSource - HikariPool-1 - Starting...
15:52:12.284 [main] INFO  com.zaxxer.hikari.HikariDataSource - HikariPool-1 - Start completed.
15:52:12.324 [main] INFO  o.h.jpa.internal.util.LogHelper - HHH000204: Processing PersistenceUnitInfo [name: default]
15:52:12.369 [main] INFO  org.hibernate.Version - HHH000412: Hibernate ORM core version 5.4.32.Final
15:52:12.476 [main] INFO  o.h.annotations.common.Version - HCANN000001: Hibernate Commons Annotations {5.1.2.Final}
15:52:12.561 [main] INFO  org.hibernate.dialect.Dialect - HHH000400: Using dialect: org.hibernate.dialect.H2Dialect
15:52:13.006 [main] INFO  o.h.e.t.j.p.i.JtaPlatformInitiator - HHH000490: Using JtaPlatform implementation: [org.hibernate.engine.transaction.jta.platform.internal.NoJtaPlatform]
15:52:13.013 [main] INFO  o.s.o.j.LocalContainerEntityManagerFactoryBean - Initialized JPA EntityManagerFactory for persistence unit 'default'
15:52:13.382 [main] INFO  org.mongodb.driver.cluster - Cluster created with settings {hosts=[127.0.0.1:27017], mode=SINGLE, requiredClusterType=UNKNOWN, serverSelectionTimeout='30000 ms'}
15:52:13.479 [cluster-ClusterId{value='613f032d2d9bbb21bbc544b0', description='null'}-127.0.0.1:27017] INFO  org.mongodb.driver.connection - Opened connection [connectionId{localValue:1, serverValue:24}] to 127.0.0.1:27017
15:52:13.480 [cluster-rtt-ClusterId{value='613f032d2d9bbb21bbc544b0', description='null'}-127.0.0.1:27017] INFO  org.mongodb.driver.connection - Opened connection [connectionId{localValue:2, serverValue:25}] to 127.0.0.1:27017
15:52:13.484 [cluster-ClusterId{value='613f032d2d9bbb21bbc544b0', description='null'}-127.0.0.1:27017] INFO  org.mongodb.driver.cluster - Monitor thread successfully connected to server with description ServerDescription{address=127.0.0.1:27017, type=STANDALONE, state=CONNECTED, ok=true, minWireVersion=0, maxWireVersion=8, maxDocumentSize=16777216, logicalSessionTimeoutMinutes=30, roundTripTimeNanos=37126908}
15:52:13.835 [main] WARN  o.s.b.a.o.j.JpaBaseConfiguration$JpaWebConfiguration - spring.jpa.open-in-view is enabled by default. Therefore, database queries may be performed during view rendering. Explicitly configure spring.jpa.open-in-view to disable this warning
15:52:14.150 [main] WARN  o.t.templatemode.TemplateMode - [THYMELEAF][main] Template Mode 'LEGACYHTML5' is deprecated. Using Template Mode 'HTML' instead.
15:52:14.251 [main] INFO  o.a.coyote.http11.Http11NioProtocol - Starting ProtocolHandler ["http-nio-8080"]
15:52:14.260 [main] INFO  o.s.b.w.e.tomcat.TomcatWebServer - Tomcat started on port(s): 8080 (http) with context path ''
15:52:14.284 [main] INFO  app.passwd.PasswdApplication - Started PasswdApplication in 4.861 seconds (JVM running for 5.363)
15:52:14.349 [main] INFO  org.mongodb.driver.connection - Opened connection [connectionId{localValue:3, serverValue:26}] to 127.0.0.1:27017
15:52:14.447 [main] INFO  app.passwd.PasswdApplication - 服務成功啟動
15:54:19.930 [http-nio-8080-exec-1] INFO  o.a.c.c.C.[Tomcat].[localhost].[/] - Initializing Spring DispatcherServlet 'dispatcherServlet'
15:54:19.932 [http-nio-8080-exec-1] INFO  o.s.web.servlet.DispatcherServlet - Initializing Servlet 'dispatcherServlet'
15:54:19.934 [http-nio-8080-exec-1] INFO  o.s.web.servlet.DispatcherServlet - Completed initialization in 2 ms
15:57:50.785 [SpringApplicationShutdownHook] INFO  o.s.o.j.LocalContainerEntityManagerFactoryBean - Closing JPA EntityManagerFactory for persistence unit 'default'
15:57:50.786 [SpringApplicationShutdownHook] INFO  o.h.t.s.i.SchemaDropperImpl$DelayedDropActionImpl - HHH000477: Starting delayed evictData of schema as part of SessionFactory shut-down'
15:57:50.797 [SpringApplicationShutdownHook] INFO  com.zaxxer.hikari.HikariDataSource - HikariPool-1 - Shutdown initiated...
15:57:50.807 [SpringApplicationShutdownHook] INFO  com.zaxxer.hikari.HikariDataSource - HikariPool-1 - Shutdown completed.
15:58:03.825 [main] INFO  app.passwd.PasswdApplication - Starting PasswdApplication using Java 11.0.11 on smbldap with PID 10091 (/home/inono/Projects/school-passwd/target/classes started by inono in /home/inono/Projects/school-passwd)
15:58:03.827 [main] INFO  app.passwd.PasswdApplication - No active profile set, falling back to default profiles: default
15:58:04.513 [main] INFO  o.s.d.r.c.RepositoryConfigurationDelegate - Multiple Spring Data modules found, entering strict repository configuration mode!
15:58:04.514 [main] INFO  o.s.d.r.c.RepositoryConfigurationDelegate - Bootstrapping Spring Data MongoDB repositories in DEFAULT mode.
15:58:04.563 [main] INFO  o.s.d.r.c.RepositoryConfigurationExtensionSupport - Spring Data MongoDB - Could not safely identify store assignment for repository candidate interface app.passwd.repository.SystemConfigRepository. If you want this repository to be a MongoDB repository, consider annotating your entities with one of these annotations: org.springframework.data.mongodb.core.mapping.Document (preferred), or consider extending one of the following types with your repository: org.springframework.data.mongodb.repository.MongoRepository.
15:58:04.599 [main] INFO  o.s.d.r.c.RepositoryConfigurationDelegate - Finished Spring Data repository scanning in 81 ms. Found 3 MongoDB repository interfaces.
15:58:04.826 [main] INFO  o.s.d.r.c.RepositoryConfigurationDelegate - Multiple Spring Data modules found, entering strict repository configuration mode!
15:58:04.827 [main] INFO  o.s.d.r.c.RepositoryConfigurationDelegate - Bootstrapping Spring Data JPA repositories in DEFAULT mode.
15:58:04.837 [main] INFO  o.s.d.r.c.RepositoryConfigurationExtensionSupport - Spring Data JPA - Could not safely identify store assignment for repository candidate interface app.passwd.repository.SyncUseritemRepository. If you want this repository to be a JPA repository, consider annotating your entities with one of these annotations: javax.persistence.Entity, javax.persistence.MappedSuperclass (preferred), or consider extending one of the following types with your repository: org.springframework.data.jpa.repository.JpaRepository.
15:58:04.851 [main] INFO  o.s.d.r.c.RepositoryConfigurationExtensionSupport - Spring Data JPA - Could not safely identify store assignment for repository candidate interface app.passwd.repository.UserItemRepository. If you want this repository to be a JPA repository, consider annotating your entities with one of these annotations: javax.persistence.Entity, javax.persistence.MappedSuperclass (preferred), or consider extending one of the following types with your repository: org.springframework.data.jpa.repository.JpaRepository.
15:58:04.853 [main] INFO  o.s.d.r.c.RepositoryConfigurationExtensionSupport - Spring Data JPA - Could not safely identify store assignment for repository candidate interface app.passwd.repository.UserRepository. If you want this repository to be a JPA repository, consider annotating your entities with one of these annotations: javax.persistence.Entity, javax.persistence.MappedSuperclass (preferred), or consider extending one of the following types with your repository: org.springframework.data.jpa.repository.JpaRepository.
15:58:04.875 [main] INFO  o.s.d.r.c.RepositoryConfigurationDelegate - Finished Spring Data repository scanning in 45 ms. Found 1 JPA repository interfaces.
15:58:05.541 [main] INFO  o.s.b.w.e.tomcat.TomcatWebServer - Tomcat initialized with port(s): 8080 (http)
15:58:05.579 [main] INFO  o.a.coyote.http11.Http11NioProtocol - Initializing ProtocolHandler ["http-nio-8080"]
15:58:05.579 [main] INFO  o.a.catalina.core.StandardService - Starting service [Tomcat]
15:58:05.580 [main] INFO  o.a.catalina.core.StandardEngine - Starting Servlet engine: [Apache Tomcat/9.0.52]
15:58:05.732 [main] INFO  o.a.c.c.C.[Tomcat].[localhost].[/] - Initializing Spring embedded WebApplicationContext
15:58:05.733 [main] INFO  o.s.b.w.s.c.ServletWebServerApplicationContext - Root WebApplicationContext: initialization completed in 1834 ms
15:58:05.972 [main] INFO  com.zaxxer.hikari.HikariDataSource - HikariPool-1 - Starting...
15:58:06.078 [main] INFO  com.zaxxer.hikari.HikariDataSource - HikariPool-1 - Start completed.
15:58:06.121 [main] INFO  o.h.jpa.internal.util.LogHelper - HHH000204: Processing PersistenceUnitInfo [name: default]
15:58:06.168 [main] INFO  org.hibernate.Version - HHH000412: Hibernate ORM core version 5.4.32.Final
15:58:06.269 [main] INFO  o.h.annotations.common.Version - HCANN000001: Hibernate Commons Annotations {5.1.2.Final}
15:58:06.362 [main] INFO  org.hibernate.dialect.Dialect - HHH000400: Using dialect: org.hibernate.dialect.H2Dialect
15:58:06.832 [main] INFO  o.h.e.t.j.p.i.JtaPlatformInitiator - HHH000490: Using JtaPlatform implementation: [org.hibernate.engine.transaction.jta.platform.internal.NoJtaPlatform]
15:58:06.843 [main] INFO  o.s.o.j.LocalContainerEntityManagerFactoryBean - Initialized JPA EntityManagerFactory for persistence unit 'default'
15:58:07.211 [main] INFO  org.mongodb.driver.cluster - Cluster created with settings {hosts=[127.0.0.1:27017], mode=SINGLE, requiredClusterType=UNKNOWN, serverSelectionTimeout='30000 ms'}
15:58:07.303 [cluster-rtt-ClusterId{value='613f048f5a60f448ded7d022', description='null'}-127.0.0.1:27017] INFO  org.mongodb.driver.connection - Opened connection [connectionId{localValue:2, serverValue:27}] to 127.0.0.1:27017
15:58:07.304 [cluster-ClusterId{value='613f048f5a60f448ded7d022', description='null'}-127.0.0.1:27017] INFO  org.mongodb.driver.connection - Opened connection [connectionId{localValue:1, serverValue:28}] to 127.0.0.1:27017
15:58:07.306 [cluster-ClusterId{value='613f048f5a60f448ded7d022', description='null'}-127.0.0.1:27017] INFO  org.mongodb.driver.cluster - Monitor thread successfully connected to server with description ServerDescription{address=127.0.0.1:27017, type=STANDALONE, state=CONNECTED, ok=true, minWireVersion=0, maxWireVersion=8, maxDocumentSize=16777216, logicalSessionTimeoutMinutes=30, roundTripTimeNanos=33400300}
15:58:07.671 [main] WARN  o.s.b.a.o.j.JpaBaseConfiguration$JpaWebConfiguration - spring.jpa.open-in-view is enabled by default. Therefore, database queries may be performed during view rendering. Explicitly configure spring.jpa.open-in-view to disable this warning
15:58:07.965 [main] WARN  o.t.templatemode.TemplateMode - [THYMELEAF][main] Template Mode 'LEGACYHTML5' is deprecated. Using Template Mode 'HTML' instead.
15:58:08.096 [main] INFO  o.a.coyote.http11.Http11NioProtocol - Starting ProtocolHandler ["http-nio-8080"]
15:58:08.106 [main] INFO  o.s.b.w.e.tomcat.TomcatWebServer - Tomcat started on port(s): 8080 (http) with context path ''
15:58:08.128 [main] INFO  app.passwd.PasswdApplication - Started PasswdApplication in 4.987 seconds (JVM running for 5.569)
15:58:08.173 [main] INFO  org.mongodb.driver.connection - Opened connection [connectionId{localValue:3, serverValue:29}] to 127.0.0.1:27017
15:58:08.281 [main] INFO  app.passwd.PasswdApplication - 服務成功啟動
15:59:02.471 [http-nio-8080-exec-1] INFO  o.a.c.c.C.[Tomcat].[localhost].[/] - Initializing Spring DispatcherServlet 'dispatcherServlet'
15:59:02.472 [http-nio-8080-exec-1] INFO  o.s.web.servlet.DispatcherServlet - Initializing Servlet 'dispatcherServlet'
15:59:02.473 [http-nio-8080-exec-1] INFO  o.s.web.servlet.DispatcherServlet - Completed initialization in 1 ms
15:59:02.755 [http-nio-8080-exec-3] INFO  a.passwd.controller.IndexController - 1.需請求取得認證授權,轉到 https://api.tc.edu.tw/school-oauth/authorize
15:59:24.438 [http-nio-8080-exec-4] INFO  a.p.controller.CallbackController - 3.取得code:{"school_no":"064757","username":"igogo","role":"teacher","name":"\u5433\u5609\u7965","edu_key":"","title_name":"\u79d1\u4efb\u6559\u5e2b","title_kind":"\u5c08\u4efb\u6559\u5e2b"}
15:59:24.463 [http-nio-8080-exec-4] INFO  a.p.controller.CallbackController - role: teacher
15:59:24.557 [http-nio-8080-exec-4] INFO  app.passwd.service.Oauth2Client - 4. 進行client_credientials flow 取得token.
16:07:32.150 [SpringApplicationShutdownHook] INFO  o.s.o.j.LocalContainerEntityManagerFactoryBean - Closing JPA EntityManagerFactory for persistence unit 'default'
16:07:32.151 [SpringApplicationShutdownHook] INFO  o.h.t.s.i.SchemaDropperImpl$DelayedDropActionImpl - HHH000477: Starting delayed evictData of schema as part of SessionFactory shut-down'
16:07:32.157 [SpringApplicationShutdownHook] INFO  com.zaxxer.hikari.HikariDataSource - HikariPool-1 - Shutdown initiated...
16:07:32.161 [SpringApplicationShutdownHook] INFO  com.zaxxer.hikari.HikariDataSource - HikariPool-1 - Shutdown completed.
