11:09:43.386 [main] INFO  app.passwd.PasswdApplication - Starting PasswdApplication using Java 17.0.4 on smbldap with PID 4159 (/home/inono/Projects/school-passwd/target/classes started by inono in /home/inono/Projects/school-passwd)
11:09:43.389 [main] INFO  app.passwd.PasswdApplication - No active profile set, falling back to default profiles: default
11:09:45.107 [main] INFO  o.s.d.r.c.RepositoryConfigurationDelegate - Bootstrapping Spring Data JPA repositories in DEFAULT mode.
11:09:45.195 [main] INFO  o.s.d.r.c.RepositoryConfigurationDelegate - Finished Spring Data repository scanning in 75 ms. Found 2 JPA repository interfaces.
11:09:46.329 [main] INFO  o.s.b.w.e.tomcat.TomcatWebServer - Tomcat initialized with port(s): 8080 (http)
11:09:46.384 [main] INFO  o.a.coyote.http11.Http11NioProtocol - Initializing ProtocolHandler ["http-nio-8080"]
11:09:46.386 [main] INFO  o.a.catalina.core.StandardService - Starting service [Tomcat]
11:09:46.386 [main] INFO  o.a.catalina.core.StandardEngine - Starting Servlet engine: [Apache Tomcat/9.0.56]
11:09:46.484 [main] INFO  o.a.c.c.C.[Tomcat].[localhost].[/] - Initializing Spring embedded WebApplicationContext
11:09:46.486 [main] INFO  o.s.b.w.s.c.ServletWebServerApplicationContext - Root WebApplicationContext: initialization completed in 3016 ms
11:09:47.200 [main] INFO  com.zaxxer.hikari.HikariDataSource - HikariPool-1 - Starting...
11:09:47.477 [main] INFO  com.zaxxer.hikari.HikariDataSource - HikariPool-1 - Start completed.
11:09:47.627 [main] INFO  o.h.jpa.internal.util.LogHelper - HHH000204: Processing PersistenceUnitInfo [name: default]
11:09:47.730 [main] INFO  org.hibernate.Version - HHH000412: Hibernate ORM core version 5.6.4.Final
11:09:48.002 [main] INFO  o.h.annotations.common.Version - HCANN000001: Hibernate Commons Annotations {5.1.2.Final}
11:09:48.283 [main] INFO  org.hibernate.dialect.Dialect - HHH000400: Using dialect: org.hibernate.dialect.H2Dialect
11:09:49.118 [main] INFO  o.h.e.t.j.p.i.JtaPlatformInitiator - HHH000490: Using JtaPlatform implementation: [org.hibernate.engine.transaction.jta.platform.internal.NoJtaPlatform]
11:09:49.137 [main] INFO  o.s.o.j.LocalContainerEntityManagerFactoryBean - Initialized JPA EntityManagerFactory for persistence unit 'default'
11:09:49.803 [main] WARN  o.s.b.a.o.j.JpaBaseConfiguration$JpaWebConfiguration - spring.jpa.open-in-view is enabled by default. Therefore, database queries may be performed during view rendering. Explicitly configure spring.jpa.open-in-view to disable this warning
11:09:50.151 [main] WARN  o.t.templatemode.TemplateMode - [THYMELEAF][main] Template Mode 'LEGACYHTML5' is deprecated. Using Template Mode 'HTML' instead.
11:09:50.248 [main] INFO  o.s.l.c.s.AbstractContextSource - Property 'userDn' not set - anonymous context will be used for read-write operations
11:09:50.322 [main] INFO  o.a.coyote.http11.Http11NioProtocol - Starting ProtocolHandler ["http-nio-8080"]
11:09:50.380 [main] WARN  o.s.b.w.s.c.AnnotationConfigServletWebServerApplicationContext - Exception encountered during context initialization - cancelling refresh attempt: org.springframework.context.ApplicationContextException: Failed to start bean 'webServerStartStop'; nested exception is org.springframework.boot.web.server.PortInUseException: Port 8080 is already in use
11:09:50.385 [main] INFO  o.s.o.j.LocalContainerEntityManagerFactoryBean - Closing JPA EntityManagerFactory for persistence unit 'default'
11:09:50.385 [main] INFO  o.h.t.s.i.SchemaDropperImpl$DelayedDropActionImpl - HHH000477: Starting delayed evictData of schema as part of SessionFactory shut-down'
11:09:50.395 [main] INFO  com.zaxxer.hikari.HikariDataSource - HikariPool-1 - Shutdown initiated...
11:09:50.404 [main] INFO  com.zaxxer.hikari.HikariDataSource - HikariPool-1 - Shutdown completed.
11:09:50.410 [main] INFO  o.a.coyote.http11.Http11NioProtocol - Pausing ProtocolHandler ["http-nio-8080"]
11:09:50.411 [main] INFO  o.a.catalina.core.StandardService - Stopping service [Tomcat]
11:09:50.419 [main] INFO  o.a.coyote.http11.Http11NioProtocol - Stopping ProtocolHandler ["http-nio-8080"]
11:09:50.420 [main] INFO  o.a.coyote.http11.Http11NioProtocol - Destroying ProtocolHandler ["http-nio-8080"]
11:09:50.431 [main] INFO  o.s.b.a.l.ConditionEvaluationReportLoggingListener - 

Error starting ApplicationContext. To display the conditions report re-run your application with 'debug' enabled.
11:09:50.481 [main] ERROR o.s.b.d.LoggingFailureAnalysisReporter - 

***************************
APPLICATION FAILED TO START
***************************

Description:

Web server failed to start. Port 8080 was already in use.

Action:

Identify and stop the process that's listening on port 8080 or configure this application to listen on another port.

11:11:30.127 [main] INFO  app.passwd.PasswdApplication - Starting PasswdApplication using Java 17.0.4 on smbldap with PID 4247 (/home/inono/Projects/school-passwd/target/classes started by inono in /home/inono/Projects/school-passwd)
11:11:30.129 [main] INFO  app.passwd.PasswdApplication - No active profile set, falling back to default profiles: default
11:11:30.999 [main] INFO  o.s.d.r.c.RepositoryConfigurationDelegate - Bootstrapping Spring Data JPA repositories in DEFAULT mode.
11:11:31.057 [main] INFO  o.s.d.r.c.RepositoryConfigurationDelegate - Finished Spring Data repository scanning in 47 ms. Found 2 JPA repository interfaces.
11:11:31.963 [main] INFO  o.s.b.w.e.tomcat.TomcatWebServer - Tomcat initialized with port(s): 8080 (http)
11:11:31.973 [main] INFO  o.a.coyote.http11.Http11NioProtocol - Initializing ProtocolHandler ["http-nio-8080"]
11:11:31.974 [main] INFO  o.a.catalina.core.StandardService - Starting service [Tomcat]
11:11:31.974 [main] INFO  o.a.catalina.core.StandardEngine - Starting Servlet engine: [Apache Tomcat/9.0.56]
11:11:32.050 [main] INFO  o.a.c.c.C.[Tomcat].[localhost].[/] - Initializing Spring embedded WebApplicationContext
11:11:32.051 [main] INFO  o.s.b.w.s.c.ServletWebServerApplicationContext - Root WebApplicationContext: initialization completed in 1847 ms
11:11:32.449 [main] INFO  com.zaxxer.hikari.HikariDataSource - HikariPool-1 - Starting...
11:11:32.598 [main] INFO  com.zaxxer.hikari.HikariDataSource - HikariPool-1 - Start completed.
11:11:32.658 [main] INFO  o.h.jpa.internal.util.LogHelper - HHH000204: Processing PersistenceUnitInfo [name: default]
11:11:32.722 [main] INFO  org.hibernate.Version - HHH000412: Hibernate ORM core version 5.6.4.Final
11:11:32.893 [main] INFO  o.h.annotations.common.Version - HCANN000001: Hibernate Commons Annotations {5.1.2.Final}
11:11:33.015 [main] INFO  org.hibernate.dialect.Dialect - HHH000400: Using dialect: org.hibernate.dialect.H2Dialect
11:11:33.675 [main] INFO  o.h.e.t.j.p.i.JtaPlatformInitiator - HHH000490: Using JtaPlatform implementation: [org.hibernate.engine.transaction.jta.platform.internal.NoJtaPlatform]
11:11:33.682 [main] INFO  o.s.o.j.LocalContainerEntityManagerFactoryBean - Initialized JPA EntityManagerFactory for persistence unit 'default'
11:11:34.155 [main] WARN  o.s.b.a.o.j.JpaBaseConfiguration$JpaWebConfiguration - spring.jpa.open-in-view is enabled by default. Therefore, database queries may be performed during view rendering. Explicitly configure spring.jpa.open-in-view to disable this warning
11:11:34.468 [main] WARN  o.t.templatemode.TemplateMode - [THYMELEAF][main] Template Mode 'LEGACYHTML5' is deprecated. Using Template Mode 'HTML' instead.
11:11:34.530 [main] INFO  o.s.l.c.s.AbstractContextSource - Property 'userDn' not set - anonymous context will be used for read-write operations
11:11:34.581 [main] INFO  o.a.coyote.http11.Http11NioProtocol - Starting ProtocolHandler ["http-nio-8080"]
11:11:34.608 [main] INFO  o.s.b.w.e.tomcat.TomcatWebServer - Tomcat started on port(s): 8080 (http) with context path ''
11:11:34.625 [main] INFO  app.passwd.PasswdApplication - Started PasswdApplication in 5.074 seconds (JVM running for 5.615)
11:11:34.628 [main] INFO  a.p.PasswdApplication$$EnhancerBySpringCGLIB$$8e81ac04 - working dir:/home/inono/Projects/school-passwd
11:11:36.418 [main] INFO  a.p.PasswdApplication$$EnhancerBySpringCGLIB$$8e81ac04 - account manager: igogo
11:11:36.419 [main] INFO  a.p.PasswdApplication$$EnhancerBySpringCGLIB$$8e81ac04 - 帳號整合服務成功啟動
11:12:17.030 [http-nio-8080-exec-1] INFO  o.a.c.c.C.[Tomcat].[localhost].[/] - Initializing Spring DispatcherServlet 'dispatcherServlet'
11:12:17.032 [http-nio-8080-exec-1] INFO  o.s.web.servlet.DispatcherServlet - Initializing Servlet 'dispatcherServlet'
11:12:17.033 [http-nio-8080-exec-1] INFO  o.s.web.servlet.DispatcherServlet - Completed initialization in 0 ms
11:12:17.368 [http-nio-8080-exec-2] INFO  a.passwd.controller.IndexController - 1.需請求取得認證授權,轉到 https://api.tc.edu.tw/school-oauth/authorize
11:12:24.217 [http-nio-8080-exec-3] INFO  a.p.controller.CallbackController - 3.取得code:{"school_no":"064757","username":"igogo","role":"teacher","name":"\u5433\u5609\u7965","edu_key":"","title_name":"\u79d1\u4efb\u6559\u5e2b","title_kind":"\u5c08\u4efb\u6559\u5e2b"}
11:12:24.296 [http-nio-8080-exec-3] INFO  app.passwd.service.Oauth2Client - 4. 進行client_credientials flow 取得token.
11:12:24.299 [http-nio-8080-exec-3] INFO  app.passwd.service.Oauth2Client - parameters
11:12:24.300 [http-nio-8080-exec-3] INFO  app.passwd.service.Oauth2Client - grant_type=client_credentials&client_secret=2f3a25d9a78c87231acd97f7c2145b96&client_id=c708a96dfe14454e9670dcc0ebbe463c
11:12:24.611 [http-nio-8080-exec-4] INFO  a.p.controller.admin.AdminController - 吳嘉祥
