10:10:02.420 [main] INFO  app.passwd.PasswdApplication - Starting PasswdApplication using Java 17.0.4 on smbldap with PID 7829 (/home/inono/Projects/school-passwd/target/classes started by inono in /home/inono/Projects/school-passwd)
10:10:02.430 [main] INFO  app.passwd.PasswdApplication - No active profile set, falling back to 1 default profile: "default"
10:10:06.472 [main] INFO  o.s.d.r.c.RepositoryConfigurationDelegate - Bootstrapping Spring Data JPA repositories in DEFAULT mode.
10:10:06.722 [main] INFO  o.s.d.r.c.RepositoryConfigurationDelegate - Finished Spring Data repository scanning in 220 ms. Found 2 JPA repository interfaces.
10:10:09.459 [main] INFO  o.s.b.w.e.tomcat.TomcatWebServer - Tomcat initialized with port(s): 8080 (http)
10:10:09.512 [main] INFO  o.a.coyote.http11.Http11NioProtocol - Initializing ProtocolHandler ["http-nio-8080"]
10:10:09.513 [main] INFO  o.a.catalina.core.StandardService - Starting service [Tomcat]
10:10:09.514 [main] INFO  o.a.catalina.core.StandardEngine - Starting Servlet engine: [Apache Tomcat/9.0.65]
10:10:09.819 [main] INFO  o.a.c.c.C.[Tomcat].[localhost].[/] - Initializing Spring embedded WebApplicationContext
10:10:09.824 [main] INFO  o.s.b.w.s.c.ServletWebServerApplicationContext - Root WebApplicationContext: initialization completed in 7047 ms
10:10:10.314 [main] INFO  com.zaxxer.hikari.HikariDataSource - HikariPool-1 - Starting...
10:10:10.599 [main] INFO  com.zaxxer.hikari.HikariDataSource - HikariPool-1 - Start completed.
10:10:10.702 [main] INFO  o.h.jpa.internal.util.LogHelper - HHH000204: Processing PersistenceUnitInfo [name: default]
10:10:10.781 [main] INFO  org.hibernate.Version - HHH000412: Hibernate ORM core version 5.6.10.Final
10:10:10.970 [main] INFO  o.h.annotations.common.Version - HCANN000001: Hibernate Commons Annotations {5.1.2.Final}
10:10:11.223 [main] INFO  org.hibernate.dialect.Dialect - HHH000400: Using dialect: org.hibernate.dialect.H2Dialect
10:10:11.887 [main] INFO  o.h.e.t.j.p.i.JtaPlatformInitiator - HHH000490: Using JtaPlatform implementation: [org.hibernate.engine.transaction.jta.platform.internal.NoJtaPlatform]
10:10:11.899 [main] INFO  o.s.o.j.LocalContainerEntityManagerFactoryBean - Initialized JPA EntityManagerFactory for persistence unit 'default'
10:10:12.433 [main] WARN  o.s.b.a.o.j.JpaBaseConfiguration$JpaWebConfiguration - spring.jpa.open-in-view is enabled by default. Therefore, database queries may be performed during view rendering. Explicitly configure spring.jpa.open-in-view to disable this warning
10:10:12.753 [main] WARN  o.t.templatemode.TemplateMode - [THYMELEAF][main] Template Mode 'LEGACYHTML5' is deprecated. Using Template Mode 'HTML' instead.
10:10:12.903 [main] INFO  o.s.l.c.s.AbstractContextSource - Property 'userDn' not set - anonymous context will be used for read-write operations
10:10:12.982 [main] INFO  o.a.coyote.http11.Http11NioProtocol - Starting ProtocolHandler ["http-nio-8080"]
10:10:13.116 [main] INFO  o.s.b.w.e.tomcat.TomcatWebServer - Tomcat started on port(s): 8080 (http) with context path ''
10:10:13.127 [main] INFO  app.passwd.PasswdApplication - Started PasswdApplication in 13.692 seconds (JVM running for 16.51)
10:10:13.241 [main] INFO  a.p.PasswdApplication$$EnhancerBySpringCGLIB$$6ef7a96a - jws:
10:10:13.242 [main] INFO  a.p.PasswdApplication$$EnhancerBySpringCGLIB$$6ef7a96a - eyJhbGciOiJIUzI1NiJ9.eyJzdWIiOiJpZ29nbyJ9.i_wztUKHoDzErU3leUxThznKrqgdQ_QUJq_WwmysWOM
10:10:13.243 [main] INFO  a.p.PasswdApplication$$EnhancerBySpringCGLIB$$6ef7a96a - working dir:/home/inono/Projects/school-passwd
10:10:13.355 [main] INFO  a.p.PasswdApplication$$EnhancerBySpringCGLIB$$6ef7a96a - 帳號整合服務成功啟動
10:10:58.934 [http-nio-8080-exec-1] INFO  o.a.c.c.C.[Tomcat].[localhost].[/] - Initializing Spring DispatcherServlet 'dispatcherServlet'
10:10:58.935 [http-nio-8080-exec-1] INFO  o.s.web.servlet.DispatcherServlet - Initializing Servlet 'dispatcherServlet'
10:10:58.939 [http-nio-8080-exec-1] INFO  o.s.web.servlet.DispatcherServlet - Completed initialization in 2 ms
10:10:59.043 [http-nio-8080-exec-1] INFO  a.passwd.controller.IndexController - 10
10:10:59.669 [http-nio-8080-exec-2] INFO  a.passwd.controller.IndexController - 1.需請求取得認證授權,轉到 https://api.tc.edu.tw/school-oauth/authorize
10:15:26.107 [SpringApplicationShutdownHook] INFO  o.s.o.j.LocalContainerEntityManagerFactoryBean - Closing JPA EntityManagerFactory for persistence unit 'default'
10:15:26.112 [SpringApplicationShutdownHook] INFO  o.h.t.s.i.SchemaDropperImpl$DelayedDropActionImpl - HHH000477: Starting delayed evictData of schema as part of SessionFactory shut-down'
10:15:26.132 [SpringApplicationShutdownHook] INFO  com.zaxxer.hikari.HikariDataSource - HikariPool-1 - Shutdown initiated...
10:15:26.148 [SpringApplicationShutdownHook] INFO  com.zaxxer.hikari.HikariDataSource - HikariPool-1 - Shutdown completed.
10:15:43.149 [main] INFO  app.passwd.PasswdApplication - Starting PasswdApplication using Java 17.0.4 on smbldap with PID 8382 (/home/inono/Projects/school-passwd/target/classes started by inono in /home/inono/Projects/school-passwd)
10:15:43.151 [main] INFO  app.passwd.PasswdApplication - No active profile set, falling back to 1 default profile: "default"
10:15:43.931 [main] INFO  o.s.d.r.c.RepositoryConfigurationDelegate - Bootstrapping Spring Data JPA repositories in DEFAULT mode.
10:15:43.988 [main] INFO  o.s.d.r.c.RepositoryConfigurationDelegate - Finished Spring Data repository scanning in 46 ms. Found 2 JPA repository interfaces.
10:15:44.571 [main] INFO  o.s.b.w.e.tomcat.TomcatWebServer - Tomcat initialized with port(s): 8080 (http)
10:15:44.580 [main] INFO  o.a.coyote.http11.Http11NioProtocol - Initializing ProtocolHandler ["http-nio-8080"]
10:15:44.580 [main] INFO  o.a.catalina.core.StandardService - Starting service [Tomcat]
10:15:44.581 [main] INFO  o.a.catalina.core.StandardEngine - Starting Servlet engine: [Apache Tomcat/9.0.65]
10:15:44.722 [main] INFO  o.a.c.c.C.[Tomcat].[localhost].[/] - Initializing Spring embedded WebApplicationContext
10:15:44.723 [main] INFO  o.s.b.w.s.c.ServletWebServerApplicationContext - Root WebApplicationContext: initialization completed in 1503 ms
10:15:45.002 [main] INFO  com.zaxxer.hikari.HikariDataSource - HikariPool-1 - Starting...
10:15:45.182 [main] INFO  com.zaxxer.hikari.HikariDataSource - HikariPool-1 - Start completed.
10:15:45.237 [main] INFO  o.h.jpa.internal.util.LogHelper - HHH000204: Processing PersistenceUnitInfo [name: default]
10:15:45.276 [main] INFO  org.hibernate.Version - HHH000412: Hibernate ORM core version 5.6.10.Final
10:15:45.411 [main] INFO  o.h.annotations.common.Version - HCANN000001: Hibernate Commons Annotations {5.1.2.Final}
10:15:45.549 [main] INFO  org.hibernate.dialect.Dialect - HHH000400: Using dialect: org.hibernate.dialect.H2Dialect
10:15:46.089 [main] INFO  o.h.e.t.j.p.i.JtaPlatformInitiator - HHH000490: Using JtaPlatform implementation: [org.hibernate.engine.transaction.jta.platform.internal.NoJtaPlatform]
10:15:46.096 [main] INFO  o.s.o.j.LocalContainerEntityManagerFactoryBean - Initialized JPA EntityManagerFactory for persistence unit 'default'
10:15:46.499 [main] WARN  o.s.b.a.o.j.JpaBaseConfiguration$JpaWebConfiguration - spring.jpa.open-in-view is enabled by default. Therefore, database queries may be performed during view rendering. Explicitly configure spring.jpa.open-in-view to disable this warning
10:15:46.783 [main] WARN  o.t.templatemode.TemplateMode - [THYMELEAF][main] Template Mode 'LEGACYHTML5' is deprecated. Using Template Mode 'HTML' instead.
10:15:46.842 [main] INFO  o.s.l.c.s.AbstractContextSource - Property 'userDn' not set - anonymous context will be used for read-write operations
10:15:46.897 [main] INFO  o.a.coyote.http11.Http11NioProtocol - Starting ProtocolHandler ["http-nio-8080"]
10:15:46.915 [main] INFO  o.s.b.w.e.tomcat.TomcatWebServer - Tomcat started on port(s): 8080 (http) with context path ''
10:15:46.941 [main] INFO  app.passwd.PasswdApplication - Started PasswdApplication in 4.363 seconds (JVM running for 4.935)
10:15:47.005 [main] INFO  a.p.PasswdApplication$$EnhancerBySpringCGLIB$$bc92aea9 - jws:
10:15:47.010 [main] INFO  a.p.PasswdApplication$$EnhancerBySpringCGLIB$$bc92aea9 - eyJhbGciOiJIUzI1NiJ9.eyJzdWIiOiJpZ29nbyJ9.AyuC6eRiKIt63y6LCt0dPFdTmLoQRbfBd_7VCzaU6q0
10:15:47.011 [main] INFO  a.p.PasswdApplication$$EnhancerBySpringCGLIB$$bc92aea9 - working dir:/home/inono/Projects/school-passwd
10:15:47.114 [main] INFO  a.p.PasswdApplication$$EnhancerBySpringCGLIB$$bc92aea9 - 帳號整合服務成功啟動
10:58:54.801 [http-nio-8080-exec-1] INFO  o.a.c.c.C.[Tomcat].[localhost].[/] - Initializing Spring DispatcherServlet 'dispatcherServlet'
10:58:54.802 [http-nio-8080-exec-1] INFO  o.s.web.servlet.DispatcherServlet - Initializing Servlet 'dispatcherServlet'
10:58:54.804 [http-nio-8080-exec-1] INFO  o.s.web.servlet.DispatcherServlet - Completed initialization in 1 ms
10:59:07.625 [http-nio-8080-exec-3] INFO  a.passwd.controller.IndexController - 1.需請求取得認證授權,轉到 https://api.tc.edu.tw/school-oauth/authorize
13:41:18.262 [http-nio-8080-exec-8] INFO  a.passwd.controller.IndexController - 1.需請求取得認證授權,轉到 https://api.tc.edu.tw/school-oauth/authorize
13:41:25.567 [http-nio-8080-exec-9] INFO  a.p.controller.CallbackController - 3.取得code:{"school_no":"064757","username":"tea41","role":"teacher","name":"\u9673\u5efa\u5b8f","edu_key":"2f07473f672c87c23e5f70e5a11b292800b43138973da033d4bd5f8421ddd4cf","title_name":"\u751f\u6559\u7d44\u9577","title_kind":"\u6559\u5e2b\u517c\u7d44\u9577"}
13:41:25.798 [http-nio-8080-exec-9] INFO  app.passwd.service.Oauth2Client - 4. 進行client_credientials flow 取得token.
14:25:17.619 [http-nio-8080-exec-3] INFO  a.passwd.controller.IndexController - 1.需請求取得認證授權,轉到 https://api.tc.edu.tw/school-oauth/authorize
14:25:28.986 [http-nio-8080-exec-4] INFO  a.p.controller.CallbackController - 3.取得code:{"school_no":"064757","username":"igogo","role":"teacher","name":"\u5433\u5609\u7965","edu_key":"","title_name":"\u79d1\u4efb\u6559\u5e2b","title_kind":"\u5c08\u4efb\u6559\u5e2b"}
14:25:28.992 [http-nio-8080-exec-4] INFO  app.passwd.service.Oauth2Client - 4. 進行client_credientials flow 取得token.
14:25:29.193 [http-nio-8080-exec-5] INFO  a.p.controller.admin.AdminController - 吳嘉祥
14:25:29.209 [http-nio-8080-exec-5] INFO  a.p.controller.admin.AdminController - is sync to winad:false
16:14:20.987 [SpringApplicationShutdownHook] INFO  o.s.o.j.LocalContainerEntityManagerFactoryBean - Closing JPA EntityManagerFactory for persistence unit 'default'
16:14:20.988 [SpringApplicationShutdownHook] INFO  o.h.t.s.i.SchemaDropperImpl$DelayedDropActionImpl - HHH000477: Starting delayed evictData of schema as part of SessionFactory shut-down'
16:14:20.994 [SpringApplicationShutdownHook] INFO  com.zaxxer.hikari.HikariDataSource - HikariPool-1 - Shutdown initiated...
16:14:20.997 [SpringApplicationShutdownHook] INFO  com.zaxxer.hikari.HikariDataSource - HikariPool-1 - Shutdown completed.
