10:26:16.741 [main] INFO  app.passwd.PasswdApplication - Starting PasswdApplication using Java 17.0.4 on smbldap with PID 5944 (/home/inono/Projects/school-passwd/target/classes started by inono in /home/inono/Projects/school-passwd)
10:26:16.748 [main] INFO  app.passwd.PasswdApplication - No active profile set, falling back to 1 default profile: "default"
10:26:18.091 [main] INFO  o.s.d.r.c.RepositoryConfigurationDelegate - Bootstrapping Spring Data JPA repositories in DEFAULT mode.
10:26:18.149 [main] INFO  o.s.d.r.c.RepositoryConfigurationDelegate - Finished Spring Data repository scanning in 46 ms. Found 2 JPA repository interfaces.
10:26:18.967 [main] INFO  o.s.b.w.e.tomcat.TomcatWebServer - Tomcat initialized with port(s): 8080 (http)
10:26:18.994 [main] INFO  o.a.coyote.http11.Http11NioProtocol - Initializing ProtocolHandler ["http-nio-8080"]
10:26:18.998 [main] INFO  o.a.catalina.core.StandardService - Starting service [Tomcat]
10:26:19.002 [main] INFO  o.a.catalina.core.StandardEngine - Starting Servlet engine: [Apache Tomcat/9.0.65]
10:26:19.295 [main] INFO  o.a.c.c.C.[Tomcat].[localhost].[/] - Initializing Spring embedded WebApplicationContext
10:26:19.296 [main] INFO  o.s.b.w.s.c.ServletWebServerApplicationContext - Root WebApplicationContext: initialization completed in 2453 ms
10:26:19.763 [main] INFO  com.zaxxer.hikari.HikariDataSource - HikariPool-1 - Starting...
10:26:20.055 [main] INFO  com.zaxxer.hikari.HikariDataSource - HikariPool-1 - Start completed.
10:26:20.162 [main] INFO  o.h.jpa.internal.util.LogHelper - HHH000204: Processing PersistenceUnitInfo [name: default]
10:26:20.248 [main] INFO  org.hibernate.Version - HHH000412: Hibernate ORM core version 5.6.10.Final
10:26:20.475 [main] INFO  o.h.annotations.common.Version - HCANN000001: Hibernate Commons Annotations {5.1.2.Final}
10:26:20.693 [main] INFO  org.hibernate.dialect.Dialect - HHH000400: Using dialect: org.hibernate.dialect.H2Dialect
10:26:21.288 [main] INFO  o.h.e.t.j.p.i.JtaPlatformInitiator - HHH000490: Using JtaPlatform implementation: [org.hibernate.engine.transaction.jta.platform.internal.NoJtaPlatform]
10:26:21.298 [main] INFO  o.s.o.j.LocalContainerEntityManagerFactoryBean - Initialized JPA EntityManagerFactory for persistence unit 'default'
10:26:21.764 [main] WARN  o.s.b.a.o.j.JpaBaseConfiguration$JpaWebConfiguration - spring.jpa.open-in-view is enabled by default. Therefore, database queries may be performed during view rendering. Explicitly configure spring.jpa.open-in-view to disable this warning
10:26:22.119 [main] WARN  o.t.templatemode.TemplateMode - [THYMELEAF][main] Template Mode 'LEGACYHTML5' is deprecated. Using Template Mode 'HTML' instead.
10:26:22.218 [main] INFO  o.s.l.c.s.AbstractContextSource - Property 'userDn' not set - anonymous context will be used for read-write operations
10:26:22.275 [main] INFO  o.a.coyote.http11.Http11NioProtocol - Starting ProtocolHandler ["http-nio-8080"]
10:26:22.319 [main] INFO  o.s.b.w.e.tomcat.TomcatWebServer - Tomcat started on port(s): 8080 (http) with context path ''
10:26:22.331 [main] INFO  app.passwd.PasswdApplication - Started PasswdApplication in 6.536 seconds (JVM running for 7.578)
10:26:22.458 [main] INFO  a.p.PasswdApplication$$EnhancerBySpringCGLIB$$ad3a41a4 - jws:
10:26:22.459 [main] INFO  a.p.PasswdApplication$$EnhancerBySpringCGLIB$$ad3a41a4 - eyJhbGciOiJIUzI1NiJ9.eyJzdWIiOiJpZ29nbyJ9.14siP0ylY-64tMiCWB1oe5G0_blLVHLGFm0StIp-sCo
10:26:22.460 [main] INFO  a.p.PasswdApplication$$EnhancerBySpringCGLIB$$ad3a41a4 - working dir:/home/inono/Projects/school-passwd
10:26:22.582 [main] INFO  a.p.PasswdApplication$$EnhancerBySpringCGLIB$$ad3a41a4 - 帳號整合服務成功啟動
10:44:50.781 [http-nio-8080-exec-1] INFO  o.a.c.c.C.[Tomcat].[localhost].[/] - Initializing Spring DispatcherServlet 'dispatcherServlet'
10:44:50.783 [http-nio-8080-exec-1] INFO  o.s.web.servlet.DispatcherServlet - Initializing Servlet 'dispatcherServlet'
10:44:50.786 [http-nio-8080-exec-1] INFO  o.s.web.servlet.DispatcherServlet - Completed initialization in 3 ms
10:44:52.157 [http-nio-8080-exec-2] INFO  a.passwd.controller.IndexController - 1.需請求取得認證授權,轉到 https://api.tc.edu.tw/school-oauth/authorize
10:49:49.308 [SpringApplicationShutdownHook] INFO  o.s.o.j.LocalContainerEntityManagerFactoryBean - Closing JPA EntityManagerFactory for persistence unit 'default'
10:49:49.314 [SpringApplicationShutdownHook] INFO  o.h.t.s.i.SchemaDropperImpl$DelayedDropActionImpl - HHH000477: Starting delayed evictData of schema as part of SessionFactory shut-down'
10:49:49.326 [SpringApplicationShutdownHook] INFO  com.zaxxer.hikari.HikariDataSource - HikariPool-1 - Shutdown initiated...
10:49:49.345 [SpringApplicationShutdownHook] INFO  com.zaxxer.hikari.HikariDataSource - HikariPool-1 - Shutdown completed.
10:50:03.313 [main] INFO  app.passwd.PasswdApplication - Starting PasswdApplication using Java 17.0.4 on smbldap with PID 6279 (/home/inono/Projects/school-passwd/target/classes started by inono in /home/inono/Projects/school-passwd)
10:50:03.316 [main] INFO  app.passwd.PasswdApplication - No active profile set, falling back to 1 default profile: "default"
10:50:04.133 [main] INFO  o.s.d.r.c.RepositoryConfigurationDelegate - Bootstrapping Spring Data JPA repositories in DEFAULT mode.
10:50:04.183 [main] INFO  o.s.d.r.c.RepositoryConfigurationDelegate - Finished Spring Data repository scanning in 42 ms. Found 2 JPA repository interfaces.
10:50:04.829 [main] INFO  o.s.b.w.e.tomcat.TomcatWebServer - Tomcat initialized with port(s): 8080 (http)
10:50:04.845 [main] INFO  o.a.coyote.http11.Http11NioProtocol - Initializing ProtocolHandler ["http-nio-8080"]
10:50:04.850 [main] INFO  o.a.catalina.core.StandardService - Starting service [Tomcat]
10:50:04.853 [main] INFO  o.a.catalina.core.StandardEngine - Starting Servlet engine: [Apache Tomcat/9.0.65]
10:50:04.984 [main] INFO  o.a.c.c.C.[Tomcat].[localhost].[/] - Initializing Spring embedded WebApplicationContext
10:50:04.985 [main] INFO  o.s.b.w.s.c.ServletWebServerApplicationContext - Root WebApplicationContext: initialization completed in 1600 ms
10:50:05.274 [main] INFO  com.zaxxer.hikari.HikariDataSource - HikariPool-1 - Starting...
10:50:05.435 [main] INFO  com.zaxxer.hikari.HikariDataSource - HikariPool-1 - Start completed.
10:50:05.491 [main] INFO  o.h.jpa.internal.util.LogHelper - HHH000204: Processing PersistenceUnitInfo [name: default]
10:50:05.556 [main] INFO  org.hibernate.Version - HHH000412: Hibernate ORM core version 5.6.10.Final
10:50:05.686 [main] INFO  o.h.annotations.common.Version - HCANN000001: Hibernate Commons Annotations {5.1.2.Final}
10:50:05.811 [main] INFO  org.hibernate.dialect.Dialect - HHH000400: Using dialect: org.hibernate.dialect.H2Dialect
10:50:06.351 [main] INFO  o.h.e.t.j.p.i.JtaPlatformInitiator - HHH000490: Using JtaPlatform implementation: [org.hibernate.engine.transaction.jta.platform.internal.NoJtaPlatform]
10:50:06.358 [main] INFO  o.s.o.j.LocalContainerEntityManagerFactoryBean - Initialized JPA EntityManagerFactory for persistence unit 'default'
10:50:06.786 [main] WARN  o.s.b.a.o.j.JpaBaseConfiguration$JpaWebConfiguration - spring.jpa.open-in-view is enabled by default. Therefore, database queries may be performed during view rendering. Explicitly configure spring.jpa.open-in-view to disable this warning
10:50:07.068 [main] WARN  o.t.templatemode.TemplateMode - [THYMELEAF][main] Template Mode 'LEGACYHTML5' is deprecated. Using Template Mode 'HTML' instead.
10:50:07.138 [main] INFO  o.s.l.c.s.AbstractContextSource - Property 'userDn' not set - anonymous context will be used for read-write operations
10:50:07.195 [main] INFO  o.a.coyote.http11.Http11NioProtocol - Starting ProtocolHandler ["http-nio-8080"]
10:50:07.215 [main] INFO  o.s.b.w.e.tomcat.TomcatWebServer - Tomcat started on port(s): 8080 (http) with context path ''
10:50:07.241 [main] INFO  app.passwd.PasswdApplication - Started PasswdApplication in 4.483 seconds (JVM running for 5.032)
10:50:07.309 [main] INFO  a.p.PasswdApplication$$EnhancerBySpringCGLIB$$c2177eae - jws:
10:50:07.310 [main] INFO  a.p.PasswdApplication$$EnhancerBySpringCGLIB$$c2177eae - eyJhbGciOiJIUzI1NiJ9.eyJzdWIiOiJpZ29nbyJ9.Bi-SVGOfUK0e1xvHWwEubj0ejP2yALZG5GlBCjgWHH8
10:50:07.310 [main] INFO  a.p.PasswdApplication$$EnhancerBySpringCGLIB$$c2177eae - working dir:/home/inono/Projects/school-passwd
10:50:07.403 [main] INFO  a.p.PasswdApplication$$EnhancerBySpringCGLIB$$c2177eae - 帳號整合服務成功啟動
10:55:52.685 [http-nio-8080-exec-1] INFO  o.a.c.c.C.[Tomcat].[localhost].[/] - Initializing Spring DispatcherServlet 'dispatcherServlet'
10:55:52.695 [http-nio-8080-exec-1] INFO  o.s.web.servlet.DispatcherServlet - Initializing Servlet 'dispatcherServlet'
10:55:52.702 [http-nio-8080-exec-1] INFO  o.s.web.servlet.DispatcherServlet - Completed initialization in 1 ms
10:55:53.633 [http-nio-8080-exec-2] INFO  a.passwd.controller.IndexController - 1.需請求取得認證授權,轉到 https://api.tc.edu.tw/school-oauth/authorize
10:55:59.641 [http-nio-8080-exec-3] INFO  a.p.controller.CallbackController - 3.取得code:{"school_no":"064757","username":"igogo","role":"teacher","name":"\u5433\u5609\u7965","edu_key":"","title_name":"\u79d1\u4efb\u6559\u5e2b","title_kind":"\u5c08\u4efb\u6559\u5e2b"}
10:55:59.796 [http-nio-8080-exec-3] INFO  app.passwd.service.Oauth2Client - 4. 進行client_credientials flow 取得token.
10:56:01.075 [http-nio-8080-exec-4] INFO  a.p.controller.admin.AdminController - 吳嘉祥
10:56:01.084 [http-nio-8080-exec-4] INFO  a.p.controller.admin.AdminController - is sync to winad:false
11:23:56.613 [SpringApplicationShutdownHook] INFO  o.s.o.j.LocalContainerEntityManagerFactoryBean - Closing JPA EntityManagerFactory for persistence unit 'default'
11:23:56.620 [SpringApplicationShutdownHook] INFO  o.h.t.s.i.SchemaDropperImpl$DelayedDropActionImpl - HHH000477: Starting delayed evictData of schema as part of SessionFactory shut-down'
11:23:56.723 [SpringApplicationShutdownHook] INFO  com.zaxxer.hikari.HikariDataSource - HikariPool-1 - Shutdown initiated...
11:23:56.766 [SpringApplicationShutdownHook] INFO  com.zaxxer.hikari.HikariDataSource - HikariPool-1 - Shutdown completed.
11:24:08.732 [main] INFO  app.passwd.PasswdApplication - Starting PasswdApplication using Java 17.0.4 on smbldap with PID 6657 (/home/inono/Projects/school-passwd/target/classes started by inono in /home/inono/Projects/school-passwd)
11:24:08.734 [main] INFO  app.passwd.PasswdApplication - No active profile set, falling back to 1 default profile: "default"
11:24:09.521 [main] INFO  o.s.d.r.c.RepositoryConfigurationDelegate - Bootstrapping Spring Data JPA repositories in DEFAULT mode.
11:24:09.575 [main] INFO  o.s.d.r.c.RepositoryConfigurationDelegate - Finished Spring Data repository scanning in 45 ms. Found 2 JPA repository interfaces.
11:24:10.141 [main] INFO  o.s.b.w.e.tomcat.TomcatWebServer - Tomcat initialized with port(s): 8080 (http)
11:24:10.150 [main] INFO  o.a.coyote.http11.Http11NioProtocol - Initializing ProtocolHandler ["http-nio-8080"]
11:24:10.151 [main] INFO  o.a.catalina.core.StandardService - Starting service [Tomcat]
11:24:10.151 [main] INFO  o.a.catalina.core.StandardEngine - Starting Servlet engine: [Apache Tomcat/9.0.65]
11:24:10.272 [main] INFO  o.a.c.c.C.[Tomcat].[localhost].[/] - Initializing Spring embedded WebApplicationContext
11:24:10.272 [main] INFO  o.s.b.w.s.c.ServletWebServerApplicationContext - Root WebApplicationContext: initialization completed in 1468 ms
11:24:10.560 [main] INFO  com.zaxxer.hikari.HikariDataSource - HikariPool-1 - Starting...
11:24:10.737 [main] INFO  com.zaxxer.hikari.HikariDataSource - HikariPool-1 - Start completed.
11:24:10.783 [main] INFO  o.h.jpa.internal.util.LogHelper - HHH000204: Processing PersistenceUnitInfo [name: default]
11:24:10.826 [main] INFO  org.hibernate.Version - HHH000412: Hibernate ORM core version 5.6.10.Final
11:24:10.959 [main] INFO  o.h.annotations.common.Version - HCANN000001: Hibernate Commons Annotations {5.1.2.Final}
11:24:11.099 [main] INFO  org.hibernate.dialect.Dialect - HHH000400: Using dialect: org.hibernate.dialect.H2Dialect
11:24:11.656 [main] INFO  o.h.e.t.j.p.i.JtaPlatformInitiator - HHH000490: Using JtaPlatform implementation: [org.hibernate.engine.transaction.jta.platform.internal.NoJtaPlatform]
11:24:11.671 [main] INFO  o.s.o.j.LocalContainerEntityManagerFactoryBean - Initialized JPA EntityManagerFactory for persistence unit 'default'
11:24:12.094 [main] WARN  o.s.b.a.o.j.JpaBaseConfiguration$JpaWebConfiguration - spring.jpa.open-in-view is enabled by default. Therefore, database queries may be performed during view rendering. Explicitly configure spring.jpa.open-in-view to disable this warning
11:24:12.380 [main] WARN  o.t.templatemode.TemplateMode - [THYMELEAF][main] Template Mode 'LEGACYHTML5' is deprecated. Using Template Mode 'HTML' instead.
11:24:12.441 [main] INFO  o.s.l.c.s.AbstractContextSource - Property 'userDn' not set - anonymous context will be used for read-write operations
11:24:12.494 [main] INFO  o.a.coyote.http11.Http11NioProtocol - Starting ProtocolHandler ["http-nio-8080"]
11:24:12.522 [main] INFO  o.s.b.w.e.tomcat.TomcatWebServer - Tomcat started on port(s): 8080 (http) with context path ''
11:24:12.537 [main] INFO  app.passwd.PasswdApplication - Started PasswdApplication in 4.371 seconds (JVM running for 4.801)
11:24:12.603 [main] INFO  a.p.PasswdApplication$$EnhancerBySpringCGLIB$$c2177eae - jws:
11:24:12.603 [main] INFO  a.p.PasswdApplication$$EnhancerBySpringCGLIB$$c2177eae - eyJhbGciOiJIUzI1NiJ9.eyJzdWIiOiJpZ29nbyJ9.UOsz6ExCrI_JE8bQN8fvEzvfzJCL3ACBls78Tg91u-U
11:24:12.604 [main] INFO  a.p.PasswdApplication$$EnhancerBySpringCGLIB$$c2177eae - working dir:/home/inono/Projects/school-passwd
11:24:12.710 [main] INFO  a.p.PasswdApplication$$EnhancerBySpringCGLIB$$c2177eae - 帳號整合服務成功啟動
11:32:46.779 [SpringApplicationShutdownHook] INFO  o.s.o.j.LocalContainerEntityManagerFactoryBean - Closing JPA EntityManagerFactory for persistence unit 'default'
11:32:46.782 [SpringApplicationShutdownHook] INFO  o.h.t.s.i.SchemaDropperImpl$DelayedDropActionImpl - HHH000477: Starting delayed evictData of schema as part of SessionFactory shut-down'
11:32:46.790 [SpringApplicationShutdownHook] INFO  com.zaxxer.hikari.HikariDataSource - HikariPool-1 - Shutdown initiated...
11:32:46.811 [SpringApplicationShutdownHook] INFO  com.zaxxer.hikari.HikariDataSource - HikariPool-1 - Shutdown completed.
11:32:57.436 [main] INFO  app.passwd.PasswdApplication - Starting PasswdApplication using Java 17.0.4 on smbldap with PID 6753 (/home/inono/Projects/school-passwd/target/classes started by inono in /home/inono/Projects/school-passwd)
11:32:57.442 [main] INFO  app.passwd.PasswdApplication - No active profile set, falling back to 1 default profile: "default"
11:32:58.506 [main] INFO  o.s.d.r.c.RepositoryConfigurationDelegate - Bootstrapping Spring Data JPA repositories in DEFAULT mode.
11:32:58.558 [main] INFO  o.s.d.r.c.RepositoryConfigurationDelegate - Finished Spring Data repository scanning in 44 ms. Found 2 JPA repository interfaces.
11:32:59.105 [main] INFO  o.s.b.w.e.tomcat.TomcatWebServer - Tomcat initialized with port(s): 8080 (http)
11:32:59.120 [main] INFO  o.a.coyote.http11.Http11NioProtocol - Initializing ProtocolHandler ["http-nio-8080"]
11:32:59.120 [main] INFO  o.a.catalina.core.StandardService - Starting service [Tomcat]
11:32:59.121 [main] INFO  o.a.catalina.core.StandardEngine - Starting Servlet engine: [Apache Tomcat/9.0.65]
11:32:59.249 [main] INFO  o.a.c.c.C.[Tomcat].[localhost].[/] - Initializing Spring embedded WebApplicationContext
11:32:59.249 [main] INFO  o.s.b.w.s.c.ServletWebServerApplicationContext - Root WebApplicationContext: initialization completed in 1695 ms
11:32:59.536 [main] INFO  com.zaxxer.hikari.HikariDataSource - HikariPool-1 - Starting...
11:32:59.701 [main] INFO  com.zaxxer.hikari.HikariDataSource - HikariPool-1 - Start completed.
11:32:59.874 [main] INFO  o.h.jpa.internal.util.LogHelper - HHH000204: Processing PersistenceUnitInfo [name: default]
11:32:59.916 [main] INFO  org.hibernate.Version - HHH000412: Hibernate ORM core version 5.6.10.Final
11:33:00.037 [main] INFO  o.h.annotations.common.Version - HCANN000001: Hibernate Commons Annotations {5.1.2.Final}
11:33:00.167 [main] INFO  org.hibernate.dialect.Dialect - HHH000400: Using dialect: org.hibernate.dialect.H2Dialect
11:33:00.693 [main] INFO  o.h.e.t.j.p.i.JtaPlatformInitiator - HHH000490: Using JtaPlatform implementation: [org.hibernate.engine.transaction.jta.platform.internal.NoJtaPlatform]
11:33:00.699 [main] INFO  o.s.o.j.LocalContainerEntityManagerFactoryBean - Initialized JPA EntityManagerFactory for persistence unit 'default'
11:33:01.128 [main] WARN  o.s.b.a.o.j.JpaBaseConfiguration$JpaWebConfiguration - spring.jpa.open-in-view is enabled by default. Therefore, database queries may be performed during view rendering. Explicitly configure spring.jpa.open-in-view to disable this warning
11:33:01.397 [main] WARN  o.t.templatemode.TemplateMode - [THYMELEAF][main] Template Mode 'LEGACYHTML5' is deprecated. Using Template Mode 'HTML' instead.
11:33:01.470 [main] INFO  o.s.l.c.s.AbstractContextSource - Property 'userDn' not set - anonymous context will be used for read-write operations
11:33:01.523 [main] INFO  o.a.coyote.http11.Http11NioProtocol - Starting ProtocolHandler ["http-nio-8080"]
11:33:01.553 [main] INFO  o.s.b.w.e.tomcat.TomcatWebServer - Tomcat started on port(s): 8080 (http) with context path ''
11:33:01.565 [main] INFO  app.passwd.PasswdApplication - Started PasswdApplication in 4.686 seconds (JVM running for 5.231)
11:33:01.625 [main] INFO  a.p.PasswdApplication$$EnhancerBySpringCGLIB$$c2177eae - jws:
11:33:01.625 [main] INFO  a.p.PasswdApplication$$EnhancerBySpringCGLIB$$c2177eae - eyJhbGciOiJIUzI1NiJ9.eyJzdWIiOiJpZ29nbyJ9.8D7Moo91JoArmb39N8iy089oc0-MEk8rU-JmmADuQGQ
11:33:01.626 [main] INFO  a.p.PasswdApplication$$EnhancerBySpringCGLIB$$c2177eae - working dir:/home/inono/Projects/school-passwd
11:33:01.730 [main] INFO  a.p.PasswdApplication$$EnhancerBySpringCGLIB$$c2177eae - 帳號整合服務成功啟動
11:37:08.601 [http-nio-8080-exec-1] INFO  o.a.c.c.C.[Tomcat].[localhost].[/] - Initializing Spring DispatcherServlet 'dispatcherServlet'
11:37:08.602 [http-nio-8080-exec-1] INFO  o.s.web.servlet.DispatcherServlet - Initializing Servlet 'dispatcherServlet'
11:37:08.604 [http-nio-8080-exec-1] INFO  o.s.web.servlet.DispatcherServlet - Completed initialization in 1 ms
11:37:08.790 [http-nio-8080-exec-2] INFO  a.passwd.controller.IndexController - 1.需請求取得認證授權,轉到 https://api.tc.edu.tw/school-oauth/authorize
11:37:12.682 [http-nio-8080-exec-3] INFO  a.p.controller.CallbackController - 3.取得code:{"school_no":"064757","username":"igogo","role":"teacher","name":"\u5433\u5609\u7965","edu_key":"","title_name":"\u79d1\u4efb\u6559\u5e2b","title_kind":"\u5c08\u4efb\u6559\u5e2b"}
11:37:12.844 [http-nio-8080-exec-3] INFO  app.passwd.service.Oauth2Client - 4. 進行client_credientials flow 取得token.
11:37:13.891 [http-nio-8080-exec-4] INFO  a.p.controller.admin.AdminController - 吳嘉祥
11:37:13.926 [http-nio-8080-exec-4] INFO  a.p.controller.admin.AdminController - is sync to winad:false
11:37:13.941 [http-nio-8080-exec-4] INFO  a.p.controller.admin.AdminController - get all students
11:37:16.045 [http-nio-8080-exec-8] INFO  app.passwd.service.SemesterData - 取得semester data - endpoint:https://api.tc.edu.tw/semester-data
11:37:18.498 [http-nio-8080-exec-8] ERROR o.a.c.c.C.[.[.[.[dispatcherServlet] - Servlet.service() for servlet [dispatcherServlet] in context with path [] threw exception [Request processing failed; nested exception is java.lang.NullPointerException: Cannot invoke "app.passwd.model.LdapClient.getStuidRegular()" because the return value of "app.passwd.repository.LdapRepository.findBySn(int)" is null] with root cause
java.lang.NullPointerException: Cannot invoke "app.passwd.model.LdapClient.getStuidRegular()" because the return value of "app.passwd.repository.LdapRepository.findBySn(int)" is null
	at app.passwd.service.AccountService.getAllCSStudentUser(AccountService.java:114)
	at app.passwd.api.AccountController.getWinADEmptyAccount(AccountController.java:56)
	at app.passwd.api.AccountController.getWinADEmptyAccountProxyPass(AccountController.java:65)
	at java.base/jdk.internal.reflect.NativeMethodAccessorImpl.invoke0(Native Method)
	at java.base/jdk.internal.reflect.NativeMethodAccessorImpl.invoke(NativeMethodAccessorImpl.java:77)
	at java.base/jdk.internal.reflect.DelegatingMethodAccessorImpl.invoke(DelegatingMethodAccessorImpl.java:43)
	at java.base/java.lang.reflect.Method.invoke(Method.java:568)
	at org.springframework.web.method.support.InvocableHandlerMethod.doInvoke(InvocableHandlerMethod.java:205)
	at org.springframework.web.method.support.InvocableHandlerMethod.invokeForRequest(InvocableHandlerMethod.java:150)
	at org.springframework.web.servlet.mvc.method.annotation.ServletInvocableHandlerMethod.invokeAndHandle(ServletInvocableHandlerMethod.java:117)
	at org.springframework.web.servlet.mvc.method.annotation.RequestMappingHandlerAdapter.invokeHandlerMethod(RequestMappingHandlerAdapter.java:895)
	at org.springframework.web.servlet.mvc.method.annotation.RequestMappingHandlerAdapter.handleInternal(RequestMappingHandlerAdapter.java:808)
	at org.springframework.web.servlet.mvc.method.AbstractHandlerMethodAdapter.handle(AbstractHandlerMethodAdapter.java:87)
	at org.springframework.web.servlet.DispatcherServlet.doDispatch(DispatcherServlet.java:1070)
	at org.springframework.web.servlet.DispatcherServlet.doService(DispatcherServlet.java:963)
	at org.springframework.web.servlet.FrameworkServlet.processRequest(FrameworkServlet.java:1006)
	at org.springframework.web.servlet.FrameworkServlet.doGet(FrameworkServlet.java:898)
	at javax.servlet.http.HttpServlet.service(HttpServlet.java:655)
	at org.springframework.web.servlet.FrameworkServlet.service(FrameworkServlet.java:883)
	at javax.servlet.http.HttpServlet.service(HttpServlet.java:764)
	at org.apache.catalina.core.ApplicationFilterChain.internalDoFilter(ApplicationFilterChain.java:227)
	at org.apache.catalina.core.ApplicationFilterChain.doFilter(ApplicationFilterChain.java:162)
	at org.apache.tomcat.websocket.server.WsFilter.doFilter(WsFilter.java:53)
	at org.apache.catalina.core.ApplicationFilterChain.internalDoFilter(ApplicationFilterChain.java:189)
	at org.apache.catalina.core.ApplicationFilterChain.doFilter(ApplicationFilterChain.java:162)
	at org.springframework.web.filter.RequestContextFilter.doFilterInternal(RequestContextFilter.java:100)
	at org.springframework.web.filter.OncePerRequestFilter.doFilter(OncePerRequestFilter.java:117)
	at org.apache.catalina.core.ApplicationFilterChain.internalDoFilter(ApplicationFilterChain.java:189)
	at org.apache.catalina.core.ApplicationFilterChain.doFilter(ApplicationFilterChain.java:162)
	at org.springframework.web.filter.FormContentFilter.doFilterInternal(FormContentFilter.java:93)
	at org.springframework.web.filter.OncePerRequestFilter.doFilter(OncePerRequestFilter.java:117)
	at org.apache.catalina.core.ApplicationFilterChain.internalDoFilter(ApplicationFilterChain.java:189)
	at org.apache.catalina.core.ApplicationFilterChain.doFilter(ApplicationFilterChain.java:162)
	at org.springframework.web.filter.CharacterEncodingFilter.doFilterInternal(CharacterEncodingFilter.java:201)
	at org.springframework.web.filter.OncePerRequestFilter.doFilter(OncePerRequestFilter.java:117)
	at org.apache.catalina.core.ApplicationFilterChain.internalDoFilter(ApplicationFilterChain.java:189)
	at org.apache.catalina.core.ApplicationFilterChain.doFilter(ApplicationFilterChain.java:162)
	at org.apache.catalina.core.StandardWrapperValve.invoke(StandardWrapperValve.java:197)
	at org.apache.catalina.core.StandardContextValve.invoke(StandardContextValve.java:97)
	at org.apache.catalina.authenticator.AuthenticatorBase.invoke(AuthenticatorBase.java:541)
	at org.apache.catalina.core.StandardHostValve.invoke(StandardHostValve.java:135)
	at org.apache.catalina.valves.ErrorReportValve.invoke(ErrorReportValve.java:92)
	at org.apache.catalina.core.StandardEngineValve.invoke(StandardEngineValve.java:78)
	at org.apache.catalina.connector.CoyoteAdapter.service(CoyoteAdapter.java:360)
	at org.apache.coyote.http11.Http11Processor.service(Http11Processor.java:399)
	at org.apache.coyote.AbstractProcessorLight.process(AbstractProcessorLight.java:65)
	at org.apache.coyote.AbstractProtocol$ConnectionHandler.process(AbstractProtocol.java:890)
	at org.apache.tomcat.util.net.NioEndpoint$SocketProcessor.doRun(NioEndpoint.java:1789)
	at org.apache.tomcat.util.net.SocketProcessorBase.run(SocketProcessorBase.java:49)
	at org.apache.tomcat.util.threads.ThreadPoolExecutor.runWorker(ThreadPoolExecutor.java:1191)
	at org.apache.tomcat.util.threads.ThreadPoolExecutor$Worker.run(ThreadPoolExecutor.java:659)
	at org.apache.tomcat.util.threads.TaskThread$WrappingRunnable.run(TaskThread.java:61)
	at java.base/java.lang.Thread.run(Thread.java:833)
11:38:25.778 [SpringApplicationShutdownHook] INFO  o.s.o.j.LocalContainerEntityManagerFactoryBean - Closing JPA EntityManagerFactory for persistence unit 'default'
11:38:25.786 [SpringApplicationShutdownHook] INFO  o.h.t.s.i.SchemaDropperImpl$DelayedDropActionImpl - HHH000477: Starting delayed evictData of schema as part of SessionFactory shut-down'
11:38:25.798 [SpringApplicationShutdownHook] INFO  com.zaxxer.hikari.HikariDataSource - HikariPool-1 - Shutdown initiated...
11:38:25.804 [SpringApplicationShutdownHook] INFO  com.zaxxer.hikari.HikariDataSource - HikariPool-1 - Shutdown completed.
11:38:36.936 [main] INFO  app.passwd.PasswdApplication - Starting PasswdApplication using Java 17.0.4 on smbldap with PID 6941 (/home/inono/Projects/school-passwd/target/classes started by inono in /home/inono/Projects/school-passwd)
11:38:36.938 [main] INFO  app.passwd.PasswdApplication - No active profile set, falling back to 1 default profile: "default"
11:38:37.731 [main] INFO  o.s.d.r.c.RepositoryConfigurationDelegate - Bootstrapping Spring Data JPA repositories in DEFAULT mode.
11:38:37.779 [main] INFO  o.s.d.r.c.RepositoryConfigurationDelegate - Finished Spring Data repository scanning in 41 ms. Found 2 JPA repository interfaces.
11:38:38.341 [main] INFO  o.s.b.w.e.tomcat.TomcatWebServer - Tomcat initialized with port(s): 8080 (http)
11:38:38.349 [main] INFO  o.a.coyote.http11.Http11NioProtocol - Initializing ProtocolHandler ["http-nio-8080"]
11:38:38.350 [main] INFO  o.a.catalina.core.StandardService - Starting service [Tomcat]
11:38:38.351 [main] INFO  o.a.catalina.core.StandardEngine - Starting Servlet engine: [Apache Tomcat/9.0.65]
11:38:38.482 [main] INFO  o.a.c.c.C.[Tomcat].[localhost].[/] - Initializing Spring embedded WebApplicationContext
11:38:38.482 [main] INFO  o.s.b.w.s.c.ServletWebServerApplicationContext - Root WebApplicationContext: initialization completed in 1476 ms
11:38:38.776 [main] INFO  com.zaxxer.hikari.HikariDataSource - HikariPool-1 - Starting...
11:38:38.930 [main] INFO  com.zaxxer.hikari.HikariDataSource - HikariPool-1 - Start completed.
11:38:38.979 [main] INFO  o.h.jpa.internal.util.LogHelper - HHH000204: Processing PersistenceUnitInfo [name: default]
11:38:39.026 [main] INFO  org.hibernate.Version - HHH000412: Hibernate ORM core version 5.6.10.Final
11:38:39.172 [main] INFO  o.h.annotations.common.Version - HCANN000001: Hibernate Commons Annotations {5.1.2.Final}
11:38:39.298 [main] INFO  org.hibernate.dialect.Dialect - HHH000400: Using dialect: org.hibernate.dialect.H2Dialect
11:38:39.835 [main] INFO  o.h.e.t.j.p.i.JtaPlatformInitiator - HHH000490: Using JtaPlatform implementation: [org.hibernate.engine.transaction.jta.platform.internal.NoJtaPlatform]
11:38:39.842 [main] INFO  o.s.o.j.LocalContainerEntityManagerFactoryBean - Initialized JPA EntityManagerFactory for persistence unit 'default'
11:38:40.257 [main] WARN  o.s.b.a.o.j.JpaBaseConfiguration$JpaWebConfiguration - spring.jpa.open-in-view is enabled by default. Therefore, database queries may be performed during view rendering. Explicitly configure spring.jpa.open-in-view to disable this warning
11:38:40.523 [main] WARN  o.t.templatemode.TemplateMode - [THYMELEAF][main] Template Mode 'LEGACYHTML5' is deprecated. Using Template Mode 'HTML' instead.
11:38:40.608 [main] INFO  o.s.l.c.s.AbstractContextSource - Property 'userDn' not set - anonymous context will be used for read-write operations
11:38:40.651 [main] INFO  o.a.coyote.http11.Http11NioProtocol - Starting ProtocolHandler ["http-nio-8080"]
11:38:40.678 [main] INFO  o.s.b.w.e.tomcat.TomcatWebServer - Tomcat started on port(s): 8080 (http) with context path ''
11:38:40.693 [main] INFO  app.passwd.PasswdApplication - Started PasswdApplication in 4.314 seconds (JVM running for 4.82)
11:38:40.753 [main] INFO  a.p.PasswdApplication$$EnhancerBySpringCGLIB$$c2177eae - jws:
11:38:40.758 [main] INFO  a.p.PasswdApplication$$EnhancerBySpringCGLIB$$c2177eae - eyJhbGciOiJIUzI1NiJ9.eyJzdWIiOiJpZ29nbyJ9.g90RRVa_-VKdlSCCmiUqfbVjKzs4JXR0Q6tQMHyVv-4
11:38:40.758 [main] INFO  a.p.PasswdApplication$$EnhancerBySpringCGLIB$$c2177eae - working dir:/home/inono/Projects/school-passwd
11:38:40.845 [main] INFO  a.p.PasswdApplication$$EnhancerBySpringCGLIB$$c2177eae - 帳號整合服務成功啟動
11:38:49.751 [http-nio-8080-exec-1] INFO  o.a.c.c.C.[Tomcat].[localhost].[/] - Initializing Spring DispatcherServlet 'dispatcherServlet'
11:38:49.799 [http-nio-8080-exec-1] INFO  o.s.web.servlet.DispatcherServlet - Initializing Servlet 'dispatcherServlet'
11:38:49.801 [http-nio-8080-exec-1] INFO  o.s.web.servlet.DispatcherServlet - Completed initialization in 1 ms
11:38:50.156 [http-nio-8080-exec-2] INFO  a.passwd.controller.IndexController - 1.需請求取得認證授權,轉到 https://api.tc.edu.tw/school-oauth/authorize
11:42:41.566 [http-nio-8080-exec-3] INFO  a.p.controller.CallbackController - 403 forbidden
11:43:17.082 [SpringApplicationShutdownHook] INFO  o.s.o.j.LocalContainerEntityManagerFactoryBean - Closing JPA EntityManagerFactory for persistence unit 'default'
11:43:17.083 [SpringApplicationShutdownHook] INFO  o.h.t.s.i.SchemaDropperImpl$DelayedDropActionImpl - HHH000477: Starting delayed evictData of schema as part of SessionFactory shut-down'
11:43:17.092 [SpringApplicationShutdownHook] INFO  com.zaxxer.hikari.HikariDataSource - HikariPool-1 - Shutdown initiated...
11:43:17.100 [SpringApplicationShutdownHook] INFO  com.zaxxer.hikari.HikariDataSource - HikariPool-1 - Shutdown completed.
11:43:28.139 [main] INFO  app.passwd.PasswdApplication - Starting PasswdApplication using Java 17.0.4 on smbldap with PID 7146 (/home/inono/Projects/school-passwd/target/classes started by inono in /home/inono/Projects/school-passwd)
11:43:28.142 [main] INFO  app.passwd.PasswdApplication - No active profile set, falling back to 1 default profile: "default"
11:43:28.925 [main] INFO  o.s.d.r.c.RepositoryConfigurationDelegate - Bootstrapping Spring Data JPA repositories in DEFAULT mode.
11:43:28.976 [main] INFO  o.s.d.r.c.RepositoryConfigurationDelegate - Finished Spring Data repository scanning in 38 ms. Found 2 JPA repository interfaces.
11:43:29.545 [main] INFO  o.s.b.w.e.tomcat.TomcatWebServer - Tomcat initialized with port(s): 8080 (http)
11:43:29.554 [main] INFO  o.a.coyote.http11.Http11NioProtocol - Initializing ProtocolHandler ["http-nio-8080"]
11:43:29.554 [main] INFO  o.a.catalina.core.StandardService - Starting service [Tomcat]
11:43:29.555 [main] INFO  o.a.catalina.core.StandardEngine - Starting Servlet engine: [Apache Tomcat/9.0.65]
11:43:29.682 [main] INFO  o.a.c.c.C.[Tomcat].[localhost].[/] - Initializing Spring embedded WebApplicationContext
11:43:29.683 [main] INFO  o.s.b.w.s.c.ServletWebServerApplicationContext - Root WebApplicationContext: initialization completed in 1475 ms
11:43:30.014 [main] INFO  com.zaxxer.hikari.HikariDataSource - HikariPool-1 - Starting...
11:43:30.173 [main] INFO  com.zaxxer.hikari.HikariDataSource - HikariPool-1 - Start completed.
11:43:30.226 [main] INFO  o.h.jpa.internal.util.LogHelper - HHH000204: Processing PersistenceUnitInfo [name: default]
11:43:30.306 [main] INFO  org.hibernate.Version - HHH000412: Hibernate ORM core version 5.6.10.Final
11:43:30.441 [main] INFO  o.h.annotations.common.Version - HCANN000001: Hibernate Commons Annotations {5.1.2.Final}
11:43:30.574 [main] INFO  org.hibernate.dialect.Dialect - HHH000400: Using dialect: org.hibernate.dialect.H2Dialect
11:43:31.105 [main] INFO  o.h.e.t.j.p.i.JtaPlatformInitiator - HHH000490: Using JtaPlatform implementation: [org.hibernate.engine.transaction.jta.platform.internal.NoJtaPlatform]
11:43:31.114 [main] INFO  o.s.o.j.LocalContainerEntityManagerFactoryBean - Initialized JPA EntityManagerFactory for persistence unit 'default'
11:43:31.521 [main] WARN  o.s.b.a.o.j.JpaBaseConfiguration$JpaWebConfiguration - spring.jpa.open-in-view is enabled by default. Therefore, database queries may be performed during view rendering. Explicitly configure spring.jpa.open-in-view to disable this warning
11:43:31.777 [main] WARN  o.t.templatemode.TemplateMode - [THYMELEAF][main] Template Mode 'LEGACYHTML5' is deprecated. Using Template Mode 'HTML' instead.
11:43:31.852 [main] INFO  o.s.l.c.s.AbstractContextSource - Property 'userDn' not set - anonymous context will be used for read-write operations
11:43:31.894 [main] INFO  o.a.coyote.http11.Http11NioProtocol - Starting ProtocolHandler ["http-nio-8080"]
11:43:31.918 [main] INFO  o.s.b.w.e.tomcat.TomcatWebServer - Tomcat started on port(s): 8080 (http) with context path ''
11:43:31.933 [main] INFO  app.passwd.PasswdApplication - Started PasswdApplication in 4.36 seconds (JVM running for 4.937)
11:43:31.989 [main] INFO  a.p.PasswdApplication$$EnhancerBySpringCGLIB$$c2177eae - jws:
11:43:31.994 [main] INFO  a.p.PasswdApplication$$EnhancerBySpringCGLIB$$c2177eae - eyJhbGciOiJIUzI1NiJ9.eyJzdWIiOiJpZ29nbyJ9.PRN3iBfk4FLb5XhnYezZor4VguvNarG43A8ozY-mSxE
11:43:31.994 [main] INFO  a.p.PasswdApplication$$EnhancerBySpringCGLIB$$c2177eae - working dir:/home/inono/Projects/school-passwd
11:43:32.080 [main] INFO  a.p.PasswdApplication$$EnhancerBySpringCGLIB$$c2177eae - 帳號整合服務成功啟動
11:47:20.372 [http-nio-8080-exec-1] INFO  o.a.c.c.C.[Tomcat].[localhost].[/] - Initializing Spring DispatcherServlet 'dispatcherServlet'
11:47:20.375 [http-nio-8080-exec-1] INFO  o.s.web.servlet.DispatcherServlet - Initializing Servlet 'dispatcherServlet'
11:47:20.379 [http-nio-8080-exec-1] INFO  o.s.web.servlet.DispatcherServlet - Completed initialization in 2 ms
11:47:20.585 [http-nio-8080-exec-2] INFO  a.passwd.controller.IndexController - 1.需請求取得認證授權,轉到 https://api.tc.edu.tw/school-oauth/authorize
11:47:25.978 [http-nio-8080-exec-3] INFO  a.p.controller.CallbackController - 403 forbidden
11:47:56.143 [SpringApplicationShutdownHook] INFO  o.s.o.j.LocalContainerEntityManagerFactoryBean - Closing JPA EntityManagerFactory for persistence unit 'default'
11:47:56.144 [SpringApplicationShutdownHook] INFO  o.h.t.s.i.SchemaDropperImpl$DelayedDropActionImpl - HHH000477: Starting delayed evictData of schema as part of SessionFactory shut-down'
11:47:56.158 [SpringApplicationShutdownHook] INFO  com.zaxxer.hikari.HikariDataSource - HikariPool-1 - Shutdown initiated...
11:47:56.177 [SpringApplicationShutdownHook] INFO  com.zaxxer.hikari.HikariDataSource - HikariPool-1 - Shutdown completed.
11:48:07.143 [main] INFO  app.passwd.PasswdApplication - Starting PasswdApplication using Java 17.0.4 on smbldap with PID 7284 (/home/inono/Projects/school-passwd/target/classes started by inono in /home/inono/Projects/school-passwd)
11:48:07.146 [main] INFO  app.passwd.PasswdApplication - No active profile set, falling back to 1 default profile: "default"
11:48:07.939 [main] INFO  o.s.d.r.c.RepositoryConfigurationDelegate - Bootstrapping Spring Data JPA repositories in DEFAULT mode.
11:48:07.988 [main] INFO  o.s.d.r.c.RepositoryConfigurationDelegate - Finished Spring Data repository scanning in 39 ms. Found 2 JPA repository interfaces.
11:48:08.545 [main] INFO  o.s.b.w.e.tomcat.TomcatWebServer - Tomcat initialized with port(s): 8080 (http)
11:48:08.554 [main] INFO  o.a.coyote.http11.Http11NioProtocol - Initializing ProtocolHandler ["http-nio-8080"]
11:48:08.555 [main] INFO  o.a.catalina.core.StandardService - Starting service [Tomcat]
11:48:08.556 [main] INFO  o.a.catalina.core.StandardEngine - Starting Servlet engine: [Apache Tomcat/9.0.65]
11:48:08.691 [main] INFO  o.a.c.c.C.[Tomcat].[localhost].[/] - Initializing Spring embedded WebApplicationContext
11:48:08.693 [main] INFO  o.s.b.w.s.c.ServletWebServerApplicationContext - Root WebApplicationContext: initialization completed in 1476 ms
11:48:08.988 [main] INFO  com.zaxxer.hikari.HikariDataSource - HikariPool-1 - Starting...
11:48:09.150 [main] INFO  com.zaxxer.hikari.HikariDataSource - HikariPool-1 - Start completed.
11:48:09.202 [main] INFO  o.h.jpa.internal.util.LogHelper - HHH000204: Processing PersistenceUnitInfo [name: default]
11:48:09.247 [main] INFO  org.hibernate.Version - HHH000412: Hibernate ORM core version 5.6.10.Final
11:48:09.389 [main] INFO  o.h.annotations.common.Version - HCANN000001: Hibernate Commons Annotations {5.1.2.Final}
11:48:09.515 [main] INFO  org.hibernate.dialect.Dialect - HHH000400: Using dialect: org.hibernate.dialect.H2Dialect
11:48:10.054 [main] INFO  o.h.e.t.j.p.i.JtaPlatformInitiator - HHH000490: Using JtaPlatform implementation: [org.hibernate.engine.transaction.jta.platform.internal.NoJtaPlatform]
11:48:10.060 [main] INFO  o.s.o.j.LocalContainerEntityManagerFactoryBean - Initialized JPA EntityManagerFactory for persistence unit 'default'
11:48:10.487 [main] WARN  o.s.b.a.o.j.JpaBaseConfiguration$JpaWebConfiguration - spring.jpa.open-in-view is enabled by default. Therefore, database queries may be performed during view rendering. Explicitly configure spring.jpa.open-in-view to disable this warning
11:48:10.929 [main] WARN  o.t.templatemode.TemplateMode - [THYMELEAF][main] Template Mode 'LEGACYHTML5' is deprecated. Using Template Mode 'HTML' instead.
11:48:11.161 [main] INFO  o.s.l.c.s.AbstractContextSource - Property 'userDn' not set - anonymous context will be used for read-write operations
11:48:11.417 [main] INFO  o.a.coyote.http11.Http11NioProtocol - Starting ProtocolHandler ["http-nio-8080"]
11:48:11.790 [main] INFO  o.s.b.w.e.tomcat.TomcatWebServer - Tomcat started on port(s): 8080 (http) with context path ''
11:48:11.867 [main] INFO  app.passwd.PasswdApplication - Started PasswdApplication in 5.275 seconds (JVM running for 5.85)
11:48:12.352 [main] INFO  a.p.PasswdApplication$$EnhancerBySpringCGLIB$$c2177eae - jws:
11:48:12.390 [main] INFO  a.p.PasswdApplication$$EnhancerBySpringCGLIB$$c2177eae - eyJhbGciOiJIUzI1NiJ9.eyJzdWIiOiJpZ29nbyJ9.mHm-r9I3E6wxe8X9XoPe06Rtb_ucY-Ag5sYzV0Vfp6I
11:48:12.390 [main] INFO  a.p.PasswdApplication$$EnhancerBySpringCGLIB$$c2177eae - working dir:/home/inono/Projects/school-passwd
11:48:12.925 [main] INFO  a.p.PasswdApplication$$EnhancerBySpringCGLIB$$c2177eae - 帳號整合服務成功啟動
11:48:29.916 [http-nio-8080-exec-1] INFO  o.a.c.c.C.[Tomcat].[localhost].[/] - Initializing Spring DispatcherServlet 'dispatcherServlet'
11:48:29.917 [http-nio-8080-exec-1] INFO  o.s.web.servlet.DispatcherServlet - Initializing Servlet 'dispatcherServlet'
11:48:29.920 [http-nio-8080-exec-1] INFO  o.s.web.servlet.DispatcherServlet - Completed initialization in 2 ms
11:48:30.156 [http-nio-8080-exec-2] INFO  a.passwd.controller.IndexController - 1.需請求取得認證授權,轉到 https://api.tc.edu.tw/school-oauth/authorize
11:48:34.694 [http-nio-8080-exec-3] INFO  a.p.controller.CallbackController - cxDqMowPKBuT+lU1rhXFztiIug/dW779SCIspU7TTSo=
11:48:34.695 [http-nio-8080-exec-3] INFO  a.p.controller.CallbackController - cxDqMowPKBuT lU1rhXFztiIug/dW779SCIspU7TTSo=
11:48:34.695 [http-nio-8080-exec-3] INFO  a.p.controller.CallbackController - 403 forbidden
11:51:52.430 [SpringApplicationShutdownHook] INFO  o.s.o.j.LocalContainerEntityManagerFactoryBean - Closing JPA EntityManagerFactory for persistence unit 'default'
11:51:52.433 [SpringApplicationShutdownHook] INFO  o.h.t.s.i.SchemaDropperImpl$DelayedDropActionImpl - HHH000477: Starting delayed evictData of schema as part of SessionFactory shut-down'
11:51:52.478 [SpringApplicationShutdownHook] INFO  com.zaxxer.hikari.HikariDataSource - HikariPool-1 - Shutdown initiated...
11:51:52.490 [SpringApplicationShutdownHook] INFO  com.zaxxer.hikari.HikariDataSource - HikariPool-1 - Shutdown completed.
11:52:03.698 [main] INFO  app.passwd.PasswdApplication - Starting PasswdApplication using Java 17.0.4 on smbldap with PID 7441 (/home/inono/Projects/school-passwd/target/classes started by inono in /home/inono/Projects/school-passwd)
11:52:03.700 [main] INFO  app.passwd.PasswdApplication - No active profile set, falling back to 1 default profile: "default"
11:52:04.504 [main] INFO  o.s.d.r.c.RepositoryConfigurationDelegate - Bootstrapping Spring Data JPA repositories in DEFAULT mode.
11:52:04.553 [main] INFO  o.s.d.r.c.RepositoryConfigurationDelegate - Finished Spring Data repository scanning in 40 ms. Found 2 JPA repository interfaces.
11:52:05.111 [main] INFO  o.s.b.w.e.tomcat.TomcatWebServer - Tomcat initialized with port(s): 8080 (http)
11:52:05.120 [main] INFO  o.a.coyote.http11.Http11NioProtocol - Initializing ProtocolHandler ["http-nio-8080"]
11:52:05.121 [main] INFO  o.a.catalina.core.StandardService - Starting service [Tomcat]
11:52:05.121 [main] INFO  o.a.catalina.core.StandardEngine - Starting Servlet engine: [Apache Tomcat/9.0.65]
11:52:05.279 [main] INFO  o.a.c.c.C.[Tomcat].[localhost].[/] - Initializing Spring embedded WebApplicationContext
11:52:05.279 [main] INFO  o.s.b.w.s.c.ServletWebServerApplicationContext - Root WebApplicationContext: initialization completed in 1501 ms
11:52:05.577 [main] INFO  com.zaxxer.hikari.HikariDataSource - HikariPool-1 - Starting...
11:52:05.737 [main] INFO  com.zaxxer.hikari.HikariDataSource - HikariPool-1 - Start completed.
11:52:05.790 [main] INFO  o.h.jpa.internal.util.LogHelper - HHH000204: Processing PersistenceUnitInfo [name: default]
11:52:05.835 [main] INFO  org.hibernate.Version - HHH000412: Hibernate ORM core version 5.6.10.Final
11:52:05.979 [main] INFO  o.h.annotations.common.Version - HCANN000001: Hibernate Commons Annotations {5.1.2.Final}
11:52:06.110 [main] INFO  org.hibernate.dialect.Dialect - HHH000400: Using dialect: org.hibernate.dialect.H2Dialect
11:52:06.642 [main] INFO  o.h.e.t.j.p.i.JtaPlatformInitiator - HHH000490: Using JtaPlatform implementation: [org.hibernate.engine.transaction.jta.platform.internal.NoJtaPlatform]
11:52:06.649 [main] INFO  o.s.o.j.LocalContainerEntityManagerFactoryBean - Initialized JPA EntityManagerFactory for persistence unit 'default'
11:52:07.059 [main] WARN  o.s.b.a.o.j.JpaBaseConfiguration$JpaWebConfiguration - spring.jpa.open-in-view is enabled by default. Therefore, database queries may be performed during view rendering. Explicitly configure spring.jpa.open-in-view to disable this warning
11:52:07.326 [main] WARN  o.t.templatemode.TemplateMode - [THYMELEAF][main] Template Mode 'LEGACYHTML5' is deprecated. Using Template Mode 'HTML' instead.
11:52:07.405 [main] INFO  o.s.l.c.s.AbstractContextSource - Property 'userDn' not set - anonymous context will be used for read-write operations
11:52:07.449 [main] INFO  o.a.coyote.http11.Http11NioProtocol - Starting ProtocolHandler ["http-nio-8080"]
11:52:07.465 [main] INFO  o.s.b.w.e.tomcat.TomcatWebServer - Tomcat started on port(s): 8080 (http) with context path ''
11:52:07.488 [main] INFO  app.passwd.PasswdApplication - Started PasswdApplication in 4.373 seconds (JVM running for 4.823)
11:52:07.493 [main] INFO  a.p.PasswdApplication$$EnhancerBySpringCGLIB$$c2177eae - RFsMzpX3GfggCXkGOglEQHftNWujLoQQlml7gkzAt6Q=
11:52:07.550 [main] INFO  a.p.PasswdApplication$$EnhancerBySpringCGLIB$$c2177eae - jws:
11:52:07.554 [main] INFO  a.p.PasswdApplication$$EnhancerBySpringCGLIB$$c2177eae - eyJhbGciOiJIUzI1NiJ9.eyJzdWIiOiJpZ29nbyJ9.Ux9BGhoB075QLmDCgKRnlWBUmVZH734jxg_Lvmqg-Fw
11:52:07.555 [main] INFO  a.p.PasswdApplication$$EnhancerBySpringCGLIB$$c2177eae - working dir:/home/inono/Projects/school-passwd
11:52:07.639 [main] INFO  a.p.PasswdApplication$$EnhancerBySpringCGLIB$$c2177eae - 帳號整合服務成功啟動
11:52:38.421 [SpringApplicationShutdownHook] INFO  o.s.o.j.LocalContainerEntityManagerFactoryBean - Closing JPA EntityManagerFactory for persistence unit 'default'
11:52:38.423 [SpringApplicationShutdownHook] INFO  o.h.t.s.i.SchemaDropperImpl$DelayedDropActionImpl - HHH000477: Starting delayed evictData of schema as part of SessionFactory shut-down'
11:52:38.490 [SpringApplicationShutdownHook] INFO  com.zaxxer.hikari.HikariDataSource - HikariPool-1 - Shutdown initiated...
11:52:38.496 [SpringApplicationShutdownHook] INFO  com.zaxxer.hikari.HikariDataSource - HikariPool-1 - Shutdown completed.
11:53:18.155 [main] INFO  app.passwd.PasswdApplication - Starting PasswdApplication using Java 17.0.4 on smbldap with PID 7575 (/home/inono/Projects/school-passwd/target/classes started by inono in /home/inono/Projects/school-passwd)
11:53:18.158 [main] INFO  app.passwd.PasswdApplication - No active profile set, falling back to 1 default profile: "default"
11:53:18.942 [main] INFO  o.s.d.r.c.RepositoryConfigurationDelegate - Bootstrapping Spring Data JPA repositories in DEFAULT mode.
11:53:18.996 [main] INFO  o.s.d.r.c.RepositoryConfigurationDelegate - Finished Spring Data repository scanning in 45 ms. Found 2 JPA repository interfaces.
11:53:19.557 [main] INFO  o.s.b.w.e.tomcat.TomcatWebServer - Tomcat initialized with port(s): 8080 (http)
11:53:19.572 [main] INFO  o.a.coyote.http11.Http11NioProtocol - Initializing ProtocolHandler ["http-nio-8080"]
11:53:19.573 [main] INFO  o.a.catalina.core.StandardService - Starting service [Tomcat]
11:53:19.573 [main] INFO  o.a.catalina.core.StandardEngine - Starting Servlet engine: [Apache Tomcat/9.0.65]
11:53:19.702 [main] INFO  o.a.c.c.C.[Tomcat].[localhost].[/] - Initializing Spring embedded WebApplicationContext
11:53:19.703 [main] INFO  o.s.b.w.s.c.ServletWebServerApplicationContext - Root WebApplicationContext: initialization completed in 1473 ms
11:53:19.977 [main] INFO  com.zaxxer.hikari.HikariDataSource - HikariPool-1 - Starting...
11:53:20.153 [main] INFO  com.zaxxer.hikari.HikariDataSource - HikariPool-1 - Start completed.
11:53:20.196 [main] INFO  o.h.jpa.internal.util.LogHelper - HHH000204: Processing PersistenceUnitInfo [name: default]
11:53:20.239 [main] INFO  org.hibernate.Version - HHH000412: Hibernate ORM core version 5.6.10.Final
11:53:20.372 [main] INFO  o.h.annotations.common.Version - HCANN000001: Hibernate Commons Annotations {5.1.2.Final}
11:53:20.504 [main] INFO  org.hibernate.dialect.Dialect - HHH000400: Using dialect: org.hibernate.dialect.H2Dialect
11:53:21.063 [main] INFO  o.h.e.t.j.p.i.JtaPlatformInitiator - HHH000490: Using JtaPlatform implementation: [org.hibernate.engine.transaction.jta.platform.internal.NoJtaPlatform]
11:53:21.069 [main] INFO  o.s.o.j.LocalContainerEntityManagerFactoryBean - Initialized JPA EntityManagerFactory for persistence unit 'default'
11:53:21.491 [main] WARN  o.s.b.a.o.j.JpaBaseConfiguration$JpaWebConfiguration - spring.jpa.open-in-view is enabled by default. Therefore, database queries may be performed during view rendering. Explicitly configure spring.jpa.open-in-view to disable this warning
11:53:21.768 [main] WARN  o.t.templatemode.TemplateMode - [THYMELEAF][main] Template Mode 'LEGACYHTML5' is deprecated. Using Template Mode 'HTML' instead.
11:53:21.828 [main] INFO  o.s.l.c.s.AbstractContextSource - Property 'userDn' not set - anonymous context will be used for read-write operations
11:53:21.879 [main] INFO  o.a.coyote.http11.Http11NioProtocol - Starting ProtocolHandler ["http-nio-8080"]
11:53:21.894 [main] INFO  o.s.b.w.e.tomcat.TomcatWebServer - Tomcat started on port(s): 8080 (http) with context path ''
11:53:21.916 [main] INFO  app.passwd.PasswdApplication - Started PasswdApplication in 4.327 seconds (JVM running for 4.745)
11:53:21.918 [main] INFO  a.p.PasswdApplication$$EnhancerBySpringCGLIB$$c2177eae - [B@5d957cf0
11:53:21.984 [main] INFO  a.p.PasswdApplication$$EnhancerBySpringCGLIB$$c2177eae - jws:
11:53:21.984 [main] INFO  a.p.PasswdApplication$$EnhancerBySpringCGLIB$$c2177eae - eyJhbGciOiJIUzI1NiJ9.eyJzdWIiOiJpZ29nbyJ9.9PiKcVfmaF4aMhna6rMVjFbfgo6qDSxgw_q4wkXraWE
11:53:21.985 [main] INFO  a.p.PasswdApplication$$EnhancerBySpringCGLIB$$c2177eae - working dir:/home/inono/Projects/school-passwd
11:53:22.078 [main] INFO  a.p.PasswdApplication$$EnhancerBySpringCGLIB$$c2177eae - 帳號整合服務成功啟動
11:53:57.772 [SpringApplicationShutdownHook] INFO  o.s.o.j.LocalContainerEntityManagerFactoryBean - Closing JPA EntityManagerFactory for persistence unit 'default'
11:53:57.774 [SpringApplicationShutdownHook] INFO  o.h.t.s.i.SchemaDropperImpl$DelayedDropActionImpl - HHH000477: Starting delayed evictData of schema as part of SessionFactory shut-down'
11:53:57.780 [SpringApplicationShutdownHook] INFO  com.zaxxer.hikari.HikariDataSource - HikariPool-1 - Shutdown initiated...
11:53:57.784 [SpringApplicationShutdownHook] INFO  com.zaxxer.hikari.HikariDataSource - HikariPool-1 - Shutdown completed.
11:54:08.308 [main] INFO  app.passwd.PasswdApplication - Starting PasswdApplication using Java 17.0.4 on smbldap with PID 7652 (/home/inono/Projects/school-passwd/target/classes started by inono in /home/inono/Projects/school-passwd)
11:54:08.311 [main] INFO  app.passwd.PasswdApplication - No active profile set, falling back to 1 default profile: "default"
11:54:09.093 [main] INFO  o.s.d.r.c.RepositoryConfigurationDelegate - Bootstrapping Spring Data JPA repositories in DEFAULT mode.
11:54:09.143 [main] INFO  o.s.d.r.c.RepositoryConfigurationDelegate - Finished Spring Data repository scanning in 39 ms. Found 2 JPA repository interfaces.
11:54:09.687 [main] INFO  o.s.b.w.e.tomcat.TomcatWebServer - Tomcat initialized with port(s): 8080 (http)
11:54:09.696 [main] INFO  o.a.coyote.http11.Http11NioProtocol - Initializing ProtocolHandler ["http-nio-8080"]
11:54:09.696 [main] INFO  o.a.catalina.core.StandardService - Starting service [Tomcat]
11:54:09.697 [main] INFO  o.a.catalina.core.StandardEngine - Starting Servlet engine: [Apache Tomcat/9.0.65]
11:54:09.820 [main] INFO  o.a.c.c.C.[Tomcat].[localhost].[/] - Initializing Spring embedded WebApplicationContext
11:54:09.821 [main] INFO  o.s.b.w.s.c.ServletWebServerApplicationContext - Root WebApplicationContext: initialization completed in 1432 ms
11:54:10.103 [main] INFO  com.zaxxer.hikari.HikariDataSource - HikariPool-1 - Starting...
11:54:10.262 [main] INFO  com.zaxxer.hikari.HikariDataSource - HikariPool-1 - Start completed.
11:54:10.312 [main] INFO  o.h.jpa.internal.util.LogHelper - HHH000204: Processing PersistenceUnitInfo [name: default]
11:54:10.355 [main] INFO  org.hibernate.Version - HHH000412: Hibernate ORM core version 5.6.10.Final
11:54:10.485 [main] INFO  o.h.annotations.common.Version - HCANN000001: Hibernate Commons Annotations {5.1.2.Final}
11:54:10.620 [main] INFO  org.hibernate.dialect.Dialect - HHH000400: Using dialect: org.hibernate.dialect.H2Dialect
11:54:11.143 [main] INFO  o.h.e.t.j.p.i.JtaPlatformInitiator - HHH000490: Using JtaPlatform implementation: [org.hibernate.engine.transaction.jta.platform.internal.NoJtaPlatform]
11:54:11.155 [main] INFO  o.s.o.j.LocalContainerEntityManagerFactoryBean - Initialized JPA EntityManagerFactory for persistence unit 'default'
11:54:11.570 [main] WARN  o.s.b.a.o.j.JpaBaseConfiguration$JpaWebConfiguration - spring.jpa.open-in-view is enabled by default. Therefore, database queries may be performed during view rendering. Explicitly configure spring.jpa.open-in-view to disable this warning
11:54:11.825 [main] WARN  o.t.templatemode.TemplateMode - [THYMELEAF][main] Template Mode 'LEGACYHTML5' is deprecated. Using Template Mode 'HTML' instead.
11:54:11.893 [main] INFO  o.s.l.c.s.AbstractContextSource - Property 'userDn' not set - anonymous context will be used for read-write operations
11:54:11.943 [main] INFO  o.a.coyote.http11.Http11NioProtocol - Starting ProtocolHandler ["http-nio-8080"]
11:54:11.970 [main] INFO  o.s.b.w.e.tomcat.TomcatWebServer - Tomcat started on port(s): 8080 (http) with context path ''
11:54:11.983 [main] INFO  app.passwd.PasswdApplication - Started PasswdApplication in 4.217 seconds (JVM running for 4.805)
11:54:12.042 [main] INFO  a.p.PasswdApplication$$EnhancerBySpringCGLIB$$c2177eae - jws:
11:54:12.047 [main] INFO  a.p.PasswdApplication$$EnhancerBySpringCGLIB$$c2177eae - eyJhbGciOiJIUzI1NiJ9.eyJzdWIiOiJpZ29nbyJ9.yfrOQ2as89Is3Ifljqz7aLk4QVQZ0dqfBnhwIVcTRLA
11:54:12.048 [main] INFO  a.p.PasswdApplication$$EnhancerBySpringCGLIB$$c2177eae - working dir:/home/inono/Projects/school-passwd
11:54:12.133 [main] INFO  a.p.PasswdApplication$$EnhancerBySpringCGLIB$$c2177eae - 帳號整合服務成功啟動
11:54:40.785 [http-nio-8080-exec-1] INFO  o.a.c.c.C.[Tomcat].[localhost].[/] - Initializing Spring DispatcherServlet 'dispatcherServlet'
11:54:40.785 [http-nio-8080-exec-1] INFO  o.s.web.servlet.DispatcherServlet - Initializing Servlet 'dispatcherServlet'
11:54:40.787 [http-nio-8080-exec-1] INFO  o.s.web.servlet.DispatcherServlet - Completed initialization in 1 ms
11:54:41.005 [http-nio-8080-exec-2] INFO  a.passwd.controller.IndexController - 1.需請求取得認證授權,轉到 https://api.tc.edu.tw/school-oauth/authorize
11:54:45.355 [http-nio-8080-exec-3] INFO  a.p.controller.CallbackController - 3.取得code:{"school_no":"064757","username":"igogo","role":"teacher","name":"\u5433\u5609\u7965","edu_key":"","title_name":"\u79d1\u4efb\u6559\u5e2b","title_kind":"\u5c08\u4efb\u6559\u5e2b"}
11:54:45.394 [http-nio-8080-exec-3] INFO  app.passwd.service.Oauth2Client - 4. 進行client_credientials flow 取得token.
11:54:46.044 [http-nio-8080-exec-4] INFO  a.p.controller.admin.AdminController - 吳嘉祥
11:54:46.051 [http-nio-8080-exec-4] INFO  a.p.controller.admin.AdminController - is sync to winad:false
11:54:46.052 [http-nio-8080-exec-4] INFO  a.p.controller.admin.AdminController - get all students
11:55:09.018 [SpringApplicationShutdownHook] INFO  o.s.o.j.LocalContainerEntityManagerFactoryBean - Closing JPA EntityManagerFactory for persistence unit 'default'
11:55:09.020 [SpringApplicationShutdownHook] INFO  o.h.t.s.i.SchemaDropperImpl$DelayedDropActionImpl - HHH000477: Starting delayed evictData of schema as part of SessionFactory shut-down'
11:55:09.029 [SpringApplicationShutdownHook] INFO  com.zaxxer.hikari.HikariDataSource - HikariPool-1 - Shutdown initiated...
11:55:09.033 [SpringApplicationShutdownHook] INFO  com.zaxxer.hikari.HikariDataSource - HikariPool-1 - Shutdown completed.
11:55:20.182 [main] INFO  app.passwd.PasswdApplication - Starting PasswdApplication using Java 17.0.4 on smbldap with PID 7762 (/home/inono/Projects/school-passwd/target/classes started by inono in /home/inono/Projects/school-passwd)
11:55:20.185 [main] INFO  app.passwd.PasswdApplication - No active profile set, falling back to 1 default profile: "default"
11:55:20.982 [main] INFO  o.s.d.r.c.RepositoryConfigurationDelegate - Bootstrapping Spring Data JPA repositories in DEFAULT mode.
11:55:21.031 [main] INFO  o.s.d.r.c.RepositoryConfigurationDelegate - Finished Spring Data repository scanning in 41 ms. Found 2 JPA repository interfaces.
11:55:21.591 [main] INFO  o.s.b.w.e.tomcat.TomcatWebServer - Tomcat initialized with port(s): 8080 (http)
11:55:21.599 [main] INFO  o.a.coyote.http11.Http11NioProtocol - Initializing ProtocolHandler ["http-nio-8080"]
11:55:21.600 [main] INFO  o.a.catalina.core.StandardService - Starting service [Tomcat]
11:55:21.600 [main] INFO  o.a.catalina.core.StandardEngine - Starting Servlet engine: [Apache Tomcat/9.0.65]
11:55:21.727 [main] INFO  o.a.c.c.C.[Tomcat].[localhost].[/] - Initializing Spring embedded WebApplicationContext
11:55:21.728 [main] INFO  o.s.b.w.s.c.ServletWebServerApplicationContext - Root WebApplicationContext: initialization completed in 1463 ms
11:55:22.015 [main] INFO  com.zaxxer.hikari.HikariDataSource - HikariPool-1 - Starting...
11:55:22.174 [main] INFO  com.zaxxer.hikari.HikariDataSource - HikariPool-1 - Start completed.
11:55:22.262 [main] INFO  o.h.jpa.internal.util.LogHelper - HHH000204: Processing PersistenceUnitInfo [name: default]
11:55:22.308 [main] INFO  org.hibernate.Version - HHH000412: Hibernate ORM core version 5.6.10.Final
11:55:22.429 [main] INFO  o.h.annotations.common.Version - HCANN000001: Hibernate Commons Annotations {5.1.2.Final}
11:55:22.560 [main] INFO  org.hibernate.dialect.Dialect - HHH000400: Using dialect: org.hibernate.dialect.H2Dialect
11:55:23.096 [main] INFO  o.h.e.t.j.p.i.JtaPlatformInitiator - HHH000490: Using JtaPlatform implementation: [org.hibernate.engine.transaction.jta.platform.internal.NoJtaPlatform]
11:55:23.109 [main] INFO  o.s.o.j.LocalContainerEntityManagerFactoryBean - Initialized JPA EntityManagerFactory for persistence unit 'default'
11:55:23.547 [main] WARN  o.s.b.a.o.j.JpaBaseConfiguration$JpaWebConfiguration - spring.jpa.open-in-view is enabled by default. Therefore, database queries may be performed during view rendering. Explicitly configure spring.jpa.open-in-view to disable this warning
11:55:23.824 [main] WARN  o.t.templatemode.TemplateMode - [THYMELEAF][main] Template Mode 'LEGACYHTML5' is deprecated. Using Template Mode 'HTML' instead.
11:55:23.887 [main] INFO  o.s.l.c.s.AbstractContextSource - Property 'userDn' not set - anonymous context will be used for read-write operations
11:55:23.943 [main] INFO  o.a.coyote.http11.Http11NioProtocol - Starting ProtocolHandler ["http-nio-8080"]
11:55:23.972 [main] INFO  o.s.b.w.e.tomcat.TomcatWebServer - Tomcat started on port(s): 8080 (http) with context path ''
11:55:23.983 [main] INFO  app.passwd.PasswdApplication - Started PasswdApplication in 4.366 seconds (JVM running for 4.905)
11:55:24.047 [main] INFO  a.p.PasswdApplication$$EnhancerBySpringCGLIB$$c2177eae - jws:
11:55:24.052 [main] INFO  a.p.PasswdApplication$$EnhancerBySpringCGLIB$$c2177eae - eyJhbGciOiJIUzI1NiJ9.eyJzdWIiOiJpZ29nbyJ9.CZeR-BRAe7ZFfBuP_quhxbFqsU-zUNmfJxCRq15a7CQ
11:55:24.053 [main] INFO  a.p.PasswdApplication$$EnhancerBySpringCGLIB$$c2177eae - working dir:/home/inono/Projects/school-passwd
11:55:24.143 [main] INFO  a.p.PasswdApplication$$EnhancerBySpringCGLIB$$c2177eae - 帳號整合服務成功啟動
11:56:09.129 [http-nio-8080-exec-1] INFO  o.a.c.c.C.[Tomcat].[localhost].[/] - Initializing Spring DispatcherServlet 'dispatcherServlet'
11:56:09.133 [http-nio-8080-exec-1] INFO  o.s.web.servlet.DispatcherServlet - Initializing Servlet 'dispatcherServlet'
11:56:09.135 [http-nio-8080-exec-1] INFO  o.s.web.servlet.DispatcherServlet - Completed initialization in 1 ms
11:56:09.371 [http-nio-8080-exec-2] INFO  a.passwd.controller.IndexController - 1.需請求取得認證授權,轉到 https://api.tc.edu.tw/school-oauth/authorize
11:56:13.512 [http-nio-8080-exec-3] INFO  a.p.controller.CallbackController - [B@2c97721e
11:56:13.551 [http-nio-8080-exec-3] INFO  a.p.controller.CallbackController - 3.取得code:{"school_no":"064757","username":"igogo","role":"teacher","name":"\u5433\u5609\u7965","edu_key":"","title_name":"\u79d1\u4efb\u6559\u5e2b","title_kind":"\u5c08\u4efb\u6559\u5e2b"}
11:56:13.608 [http-nio-8080-exec-3] INFO  app.passwd.service.Oauth2Client - 4. 進行client_credientials flow 取得token.
11:56:14.259 [http-nio-8080-exec-4] INFO  a.p.controller.admin.AdminController - 吳嘉祥
11:56:14.273 [http-nio-8080-exec-4] INFO  a.p.controller.admin.AdminController - is sync to winad:false
11:56:14.273 [http-nio-8080-exec-4] INFO  a.p.controller.admin.AdminController - get all students
12:06:10.357 [http-nio-8080-exec-9] INFO  a.passwd.controller.IndexController - 1.需請求取得認證授權,轉到 https://api.tc.edu.tw/school-oauth/authorize
12:17:16.398 [SpringApplicationShutdownHook] INFO  o.s.o.j.LocalContainerEntityManagerFactoryBean - Closing JPA EntityManagerFactory for persistence unit 'default'
12:17:16.408 [SpringApplicationShutdownHook] INFO  o.h.t.s.i.SchemaDropperImpl$DelayedDropActionImpl - HHH000477: Starting delayed evictData of schema as part of SessionFactory shut-down'
12:17:16.431 [SpringApplicationShutdownHook] INFO  com.zaxxer.hikari.HikariDataSource - HikariPool-1 - Shutdown initiated...
12:17:16.448 [SpringApplicationShutdownHook] INFO  com.zaxxer.hikari.HikariDataSource - HikariPool-1 - Shutdown completed.
12:17:28.401 [main] INFO  app.passwd.PasswdApplication - Starting PasswdApplication using Java 17.0.4 on smbldap with PID 8091 (/home/inono/Projects/school-passwd/target/classes started by inono in /home/inono/Projects/school-passwd)
12:17:28.406 [main] INFO  app.passwd.PasswdApplication - No active profile set, falling back to 1 default profile: "default"
12:17:29.203 [main] INFO  o.s.d.r.c.RepositoryConfigurationDelegate - Bootstrapping Spring Data JPA repositories in DEFAULT mode.
12:17:29.251 [main] INFO  o.s.d.r.c.RepositoryConfigurationDelegate - Finished Spring Data repository scanning in 40 ms. Found 2 JPA repository interfaces.
12:17:29.804 [main] INFO  o.s.b.w.e.tomcat.TomcatWebServer - Tomcat initialized with port(s): 8080 (http)
12:17:29.813 [main] INFO  o.a.coyote.http11.Http11NioProtocol - Initializing ProtocolHandler ["http-nio-8080"]
12:17:29.814 [main] INFO  o.a.catalina.core.StandardService - Starting service [Tomcat]
12:17:29.815 [main] INFO  o.a.catalina.core.StandardEngine - Starting Servlet engine: [Apache Tomcat/9.0.65]
12:17:29.939 [main] INFO  o.a.c.c.C.[Tomcat].[localhost].[/] - Initializing Spring embedded WebApplicationContext
12:17:29.940 [main] INFO  o.s.b.w.s.c.ServletWebServerApplicationContext - Root WebApplicationContext: initialization completed in 1452 ms
12:17:30.240 [main] INFO  com.zaxxer.hikari.HikariDataSource - HikariPool-1 - Starting...
12:17:30.399 [main] INFO  com.zaxxer.hikari.HikariDataSource - HikariPool-1 - Start completed.
12:17:30.455 [main] INFO  o.h.jpa.internal.util.LogHelper - HHH000204: Processing PersistenceUnitInfo [name: default]
12:17:30.506 [main] INFO  org.hibernate.Version - HHH000412: Hibernate ORM core version 5.6.10.Final
12:17:30.638 [main] INFO  o.h.annotations.common.Version - HCANN000001: Hibernate Commons Annotations {5.1.2.Final}
12:17:30.777 [main] INFO  org.hibernate.dialect.Dialect - HHH000400: Using dialect: org.hibernate.dialect.H2Dialect
12:17:31.313 [main] INFO  o.h.e.t.j.p.i.JtaPlatformInitiator - HHH000490: Using JtaPlatform implementation: [org.hibernate.engine.transaction.jta.platform.internal.NoJtaPlatform]
12:17:31.319 [main] INFO  o.s.o.j.LocalContainerEntityManagerFactoryBean - Initialized JPA EntityManagerFactory for persistence unit 'default'
12:17:31.758 [main] WARN  o.s.b.a.o.j.JpaBaseConfiguration$JpaWebConfiguration - spring.jpa.open-in-view is enabled by default. Therefore, database queries may be performed during view rendering. Explicitly configure spring.jpa.open-in-view to disable this warning
12:17:32.031 [main] WARN  o.t.templatemode.TemplateMode - [THYMELEAF][main] Template Mode 'LEGACYHTML5' is deprecated. Using Template Mode 'HTML' instead.
12:17:32.095 [main] INFO  o.s.l.c.s.AbstractContextSource - Property 'userDn' not set - anonymous context will be used for read-write operations
12:17:32.151 [main] INFO  o.a.coyote.http11.Http11NioProtocol - Starting ProtocolHandler ["http-nio-8080"]
12:17:32.179 [main] INFO  o.s.b.w.e.tomcat.TomcatWebServer - Tomcat started on port(s): 8080 (http) with context path ''
12:17:32.205 [main] INFO  app.passwd.PasswdApplication - Started PasswdApplication in 4.375 seconds (JVM running for 4.85)
12:17:32.231 [main] INFO  a.p.PasswdApplication$$EnhancerBySpringCGLIB$$c2177eae - d7190eb194ff9494625514b6d178c87f99c5973e28c398969d2233f2960a573e
12:17:32.297 [main] INFO  a.p.PasswdApplication$$EnhancerBySpringCGLIB$$c2177eae - jws:
12:17:32.297 [main] INFO  a.p.PasswdApplication$$EnhancerBySpringCGLIB$$c2177eae - eyJhbGciOiJIUzI1NiJ9.eyJzdWIiOiJpZ29nbyJ9.W_c9uHDn2ySzB4gT0yWJU0pj4SCbAUr8XPTiBwK8ifs
12:17:32.298 [main] INFO  a.p.PasswdApplication$$EnhancerBySpringCGLIB$$c2177eae - working dir:/home/inono/Projects/school-passwd
12:17:32.394 [main] INFO  a.p.PasswdApplication$$EnhancerBySpringCGLIB$$c2177eae - 帳號整合服務成功啟動
12:20:32.360 [SpringApplicationShutdownHook] INFO  o.s.o.j.LocalContainerEntityManagerFactoryBean - Closing JPA EntityManagerFactory for persistence unit 'default'
12:20:32.362 [SpringApplicationShutdownHook] INFO  o.h.t.s.i.SchemaDropperImpl$DelayedDropActionImpl - HHH000477: Starting delayed evictData of schema as part of SessionFactory shut-down'
12:20:32.367 [SpringApplicationShutdownHook] INFO  com.zaxxer.hikari.HikariDataSource - HikariPool-1 - Shutdown initiated...
12:20:32.371 [SpringApplicationShutdownHook] INFO  com.zaxxer.hikari.HikariDataSource - HikariPool-1 - Shutdown completed.
12:20:43.080 [main] INFO  app.passwd.PasswdApplication - Starting PasswdApplication using Java 17.0.4 on smbldap with PID 8189 (/home/inono/Projects/school-passwd/target/classes started by inono in /home/inono/Projects/school-passwd)
12:20:43.082 [main] INFO  app.passwd.PasswdApplication - No active profile set, falling back to 1 default profile: "default"
12:20:43.870 [main] INFO  o.s.d.r.c.RepositoryConfigurationDelegate - Bootstrapping Spring Data JPA repositories in DEFAULT mode.
12:20:43.925 [main] INFO  o.s.d.r.c.RepositoryConfigurationDelegate - Finished Spring Data repository scanning in 47 ms. Found 2 JPA repository interfaces.
12:20:44.499 [main] INFO  o.s.b.w.e.tomcat.TomcatWebServer - Tomcat initialized with port(s): 8080 (http)
12:20:44.508 [main] INFO  o.a.coyote.http11.Http11NioProtocol - Initializing ProtocolHandler ["http-nio-8080"]
12:20:44.509 [main] INFO  o.a.catalina.core.StandardService - Starting service [Tomcat]
12:20:44.509 [main] INFO  o.a.catalina.core.StandardEngine - Starting Servlet engine: [Apache Tomcat/9.0.65]
12:20:44.644 [main] INFO  o.a.c.c.C.[Tomcat].[localhost].[/] - Initializing Spring embedded WebApplicationContext
12:20:44.644 [main] INFO  o.s.b.w.s.c.ServletWebServerApplicationContext - Root WebApplicationContext: initialization completed in 1494 ms
12:20:44.920 [main] INFO  com.zaxxer.hikari.HikariDataSource - HikariPool-1 - Starting...
12:20:45.102 [main] INFO  com.zaxxer.hikari.HikariDataSource - HikariPool-1 - Start completed.
12:20:45.147 [main] INFO  o.h.jpa.internal.util.LogHelper - HHH000204: Processing PersistenceUnitInfo [name: default]
12:20:45.194 [main] INFO  org.hibernate.Version - HHH000412: Hibernate ORM core version 5.6.10.Final
12:20:45.330 [main] INFO  o.h.annotations.common.Version - HCANN000001: Hibernate Commons Annotations {5.1.2.Final}
12:20:45.465 [main] INFO  org.hibernate.dialect.Dialect - HHH000400: Using dialect: org.hibernate.dialect.H2Dialect
12:20:45.995 [main] INFO  o.h.e.t.j.p.i.JtaPlatformInitiator - HHH000490: Using JtaPlatform implementation: [org.hibernate.engine.transaction.jta.platform.internal.NoJtaPlatform]
12:20:46.010 [main] INFO  o.s.o.j.LocalContainerEntityManagerFactoryBean - Initialized JPA EntityManagerFactory for persistence unit 'default'
12:20:46.431 [main] WARN  o.s.b.a.o.j.JpaBaseConfiguration$JpaWebConfiguration - spring.jpa.open-in-view is enabled by default. Therefore, database queries may be performed during view rendering. Explicitly configure spring.jpa.open-in-view to disable this warning
12:20:46.684 [main] WARN  o.t.templatemode.TemplateMode - [THYMELEAF][main] Template Mode 'LEGACYHTML5' is deprecated. Using Template Mode 'HTML' instead.
12:20:46.755 [main] INFO  o.s.l.c.s.AbstractContextSource - Property 'userDn' not set - anonymous context will be used for read-write operations
12:20:46.797 [main] INFO  o.a.coyote.http11.Http11NioProtocol - Starting ProtocolHandler ["http-nio-8080"]
12:20:46.814 [main] INFO  o.s.b.w.e.tomcat.TomcatWebServer - Tomcat started on port(s): 8080 (http) with context path ''
12:20:46.844 [main] INFO  app.passwd.PasswdApplication - Started PasswdApplication in 4.333 seconds (JVM running for 4.891)
12:20:46.908 [main] INFO  a.p.PasswdApplication$$EnhancerBySpringCGLIB$$c2177eae - jws:
12:20:46.909 [main] INFO  a.p.PasswdApplication$$EnhancerBySpringCGLIB$$c2177eae - eyJhbGciOiJIUzI1NiJ9.eyJzdWIiOiJpZ29nbyJ9.MebiRlBdMCMLfHgMDG9OJWjUv869yAhtb_BpM4363Wk
12:20:46.914 [main] INFO  a.p.PasswdApplication$$EnhancerBySpringCGLIB$$c2177eae - working dir:/home/inono/Projects/school-passwd
12:20:47.007 [main] INFO  a.p.PasswdApplication$$EnhancerBySpringCGLIB$$c2177eae - 帳號整合服務成功啟動
12:27:55.905 [http-nio-8080-exec-1] INFO  o.a.c.c.C.[Tomcat].[localhost].[/] - Initializing Spring DispatcherServlet 'dispatcherServlet'
12:27:55.906 [http-nio-8080-exec-1] INFO  o.s.web.servlet.DispatcherServlet - Initializing Servlet 'dispatcherServlet'
12:27:55.909 [http-nio-8080-exec-1] INFO  o.s.web.servlet.DispatcherServlet - Completed initialization in 3 ms
12:27:56.114 [http-nio-8080-exec-2] INFO  a.passwd.controller.IndexController - 1.需請求取得認證授權,轉到 https://api.tc.edu.tw/school-oauth/authorize
12:28:45.132 [http-nio-8080-exec-3] INFO  a.p.controller.CallbackController - 1317d8ca9facb2250fb1a31fb5b230351808dc3a7a309aefa388ade659b11ea5
12:28:45.164 [http-nio-8080-exec-3] INFO  a.p.controller.CallbackController - 3.取得code:{"school_no":"064757","username":"igogo","role":"teacher","name":"\u5433\u5609\u7965","edu_key":"","title_name":"\u79d1\u4efb\u6559\u5e2b","title_kind":"\u5c08\u4efb\u6559\u5e2b"}
12:28:45.279 [http-nio-8080-exec-3] INFO  app.passwd.service.Oauth2Client - 4. 進行client_credientials flow 取得token.
12:28:46.091 [http-nio-8080-exec-4] INFO  a.p.controller.admin.AdminController - 吳嘉祥
12:28:46.098 [http-nio-8080-exec-4] INFO  a.p.controller.admin.AdminController - is sync to winad:false
12:28:46.099 [http-nio-8080-exec-4] INFO  a.p.controller.admin.AdminController - get all students
12:58:08.967 [http-nio-8080-exec-7] INFO  a.p.controller.admin.AdminController - 吳嘉祥
12:58:09.020 [http-nio-8080-exec-7] INFO  a.p.controller.admin.AdminController - is sync to winad:false
12:58:09.021 [http-nio-8080-exec-7] INFO  a.p.controller.admin.AdminController - get all students
14:51:11.255 [SpringApplicationShutdownHook] INFO  o.s.o.j.LocalContainerEntityManagerFactoryBean - Closing JPA EntityManagerFactory for persistence unit 'default'
14:51:11.256 [SpringApplicationShutdownHook] INFO  o.h.t.s.i.SchemaDropperImpl$DelayedDropActionImpl - HHH000477: Starting delayed evictData of schema as part of SessionFactory shut-down'
14:51:11.263 [SpringApplicationShutdownHook] INFO  com.zaxxer.hikari.HikariDataSource - HikariPool-1 - Shutdown initiated...
14:51:11.265 [SpringApplicationShutdownHook] INFO  com.zaxxer.hikari.HikariDataSource - HikariPool-1 - Shutdown completed.
