10:19:30.125 [main] INFO  app.passwd.PasswdApplication - Starting PasswdApplication using Java 17.0.5 on smbldap with PID 21464 (/home/inono/Projects/school-passwd/target/classes started by root in /home/inono/Projects/school-passwd)
10:19:30.156 [main] INFO  app.passwd.PasswdApplication - No active profile set, falling back to 1 default profile: "default"
10:19:32.603 [main] INFO  o.s.d.r.c.RepositoryConfigurationDelegate - Bootstrapping Spring Data JPA repositories in DEFAULT mode.
10:19:32.764 [main] INFO  o.s.d.r.c.RepositoryConfigurationDelegate - Finished Spring Data repository scanning in 135 ms. Found 2 JPA repository interfaces.
10:19:34.142 [main] INFO  o.s.b.w.e.tomcat.TomcatWebServer - Tomcat initialized with port(s): 80 (http)
10:19:34.157 [main] INFO  o.a.coyote.http11.Http11NioProtocol - Initializing ProtocolHandler ["http-nio-80"]
10:19:34.158 [main] INFO  o.a.catalina.core.StandardService - Starting service [Tomcat]
10:19:34.159 [main] INFO  o.a.catalina.core.StandardEngine - Starting Servlet engine: [Apache Tomcat/9.0.69]
10:19:34.483 [main] INFO  o.a.c.c.C.[Tomcat].[localhost].[/] - Initializing Spring embedded WebApplicationContext
10:19:34.484 [main] INFO  o.s.b.w.s.c.ServletWebServerApplicationContext - Root WebApplicationContext: initialization completed in 4148 ms
10:19:35.283 [main] INFO  com.zaxxer.hikari.HikariDataSource - HikariPool-1 - Starting...
10:19:35.641 [main] INFO  com.zaxxer.hikari.HikariDataSource - HikariPool-1 - Start completed.
10:19:35.835 [main] INFO  o.h.jpa.internal.util.LogHelper - HHH000204: Processing PersistenceUnitInfo [name: default]
10:19:35.971 [main] INFO  org.hibernate.Version - HHH000412: Hibernate ORM core version 5.6.14.Final
10:19:36.334 [main] INFO  o.h.annotations.common.Version - HCANN000001: Hibernate Commons Annotations {5.1.2.Final}
10:19:36.650 [main] INFO  org.hibernate.dialect.Dialect - HHH000400: Using dialect: org.hibernate.dialect.H2Dialect
10:19:38.132 [main] INFO  o.h.e.t.j.p.i.JtaPlatformInitiator - HHH000490: Using JtaPlatform implementation: [org.hibernate.engine.transaction.jta.platform.internal.NoJtaPlatform]
10:19:38.153 [main] INFO  o.s.o.j.LocalContainerEntityManagerFactoryBean - Initialized JPA EntityManagerFactory for persistence unit 'default'
10:19:38.779 [main] WARN  o.s.b.a.o.j.JpaBaseConfiguration$JpaWebConfiguration - spring.jpa.open-in-view is enabled by default. Therefore, database queries may be performed during view rendering. Explicitly configure spring.jpa.open-in-view to disable this warning
10:19:39.246 [main] WARN  o.t.templatemode.TemplateMode - [THYMELEAF][main] Template Mode 'LEGACYHTML5' is deprecated. Using Template Mode 'HTML' instead.
10:19:39.360 [main] INFO  o.s.l.c.s.AbstractContextSource - Property 'userDn' not set - anonymous context will be used for read-write operations
10:19:39.436 [main] INFO  o.a.coyote.http11.Http11NioProtocol - Starting ProtocolHandler ["http-nio-80"]
10:19:39.554 [main] INFO  o.s.b.w.e.tomcat.TomcatWebServer - Tomcat started on port(s): 80 (http) with context path ''
10:19:39.586 [main] INFO  app.passwd.PasswdApplication - Started PasswdApplication in 10.763 seconds (JVM running for 11.935)
10:19:39.595 [main] INFO  app.passwd.PasswdApplication - working dir:/home/inono/Projects/school-passwd
10:19:39.745 [main] INFO  app.passwd.PasswdApplication - 帳號整合服務成功啟動
10:22:38.422 [http-nio-80-exec-1] INFO  o.a.c.c.C.[Tomcat].[localhost].[/] - Initializing Spring DispatcherServlet 'dispatcherServlet'
10:22:38.424 [http-nio-80-exec-1] INFO  o.s.web.servlet.DispatcherServlet - Initializing Servlet 'dispatcherServlet'
10:22:38.445 [http-nio-80-exec-1] INFO  o.s.web.servlet.DispatcherServlet - Completed initialization in 0 ms
10:22:46.403 [http-nio-80-exec-2] INFO  a.passwd.controller.IndexController - 1.需請求取得認證授權,轉到 https://api.tc.edu.tw/school-oauth/authorize
10:22:54.541 [http-nio-80-exec-3] INFO  a.p.controller.CallbackController - c3aa781b670345fbf29d56fecdc9d8350a0ed5184dcf6c2f772523bf523f1ef7
10:22:54.553 [http-nio-80-exec-3] INFO  a.p.controller.CallbackController - 3.取得code:{"school_no":"064757","username":"igogo","role":"teacher","name":"\u5433\u5609\u7965","edu_key":"","title_name":"\u79d1\u4efb\u6559\u5e2b","title_kind":"\u5c08\u4efb\u6559\u5e2b"}
10:22:54.617 [http-nio-80-exec-3] INFO  a.p.controller.CallbackController - {"school_no":"064757","username":"igogo","role":"teacher","name":"吳嘉祥","edu_key":"","title_name":"科任教師","title_kind":"專任教師"}
10:22:54.673 [http-nio-80-exec-3] INFO  app.passwd.service.Oauth2Client - 4. 進行client_credientials flow 取得token.
10:22:56.105 [http-nio-80-exec-3] INFO  a.p.controller.admin.AdminController - {"school_no":"064757","username":"igogo","adusername":"igogo","role":"teacher","name":"吳嘉祥","edu_key":""}
10:23:04.876 [http-nio-80-exec-6] INFO  app.passwd.service.SemesterData - 取得semester data - endpoint:https://api.tc.edu.tw/semester-data
10:27:28.167 [SpringApplicationShutdownHook] INFO  o.s.o.j.LocalContainerEntityManagerFactoryBean - Closing JPA EntityManagerFactory for persistence unit 'default'
10:27:28.172 [SpringApplicationShutdownHook] INFO  o.h.t.s.i.SchemaDropperImpl$DelayedDropActionImpl - HHH000477: Starting delayed evictData of schema as part of SessionFactory shut-down'
10:27:28.228 [SpringApplicationShutdownHook] INFO  com.zaxxer.hikari.HikariDataSource - HikariPool-1 - Shutdown initiated...
10:27:28.288 [SpringApplicationShutdownHook] INFO  com.zaxxer.hikari.HikariDataSource - HikariPool-1 - Shutdown completed.
10:28:05.710 [main] INFO  app.passwd.PasswdApplication - Starting PasswdApplication using Java 17.0.5 on smbldap with PID 23152 (/home/inono/Projects/school-passwd/target/classes started by root in /home/inono/Projects/school-passwd)
10:28:05.714 [main] INFO  app.passwd.PasswdApplication - No active profile set, falling back to 1 default profile: "default"
10:28:06.761 [main] INFO  o.s.d.r.c.RepositoryConfigurationDelegate - Bootstrapping Spring Data JPA repositories in DEFAULT mode.
10:28:06.813 [main] INFO  o.s.d.r.c.RepositoryConfigurationDelegate - Finished Spring Data repository scanning in 40 ms. Found 2 JPA repository interfaces.
10:28:07.919 [main] INFO  o.s.b.w.e.tomcat.TomcatWebServer - Tomcat initialized with port(s): 80 (http)
10:28:07.944 [main] INFO  o.a.coyote.http11.Http11NioProtocol - Initializing ProtocolHandler ["http-nio-80"]
10:28:07.947 [main] INFO  o.a.catalina.core.StandardService - Starting service [Tomcat]
10:28:07.952 [main] INFO  o.a.catalina.core.StandardEngine - Starting Servlet engine: [Apache Tomcat/9.0.69]
10:28:08.108 [main] INFO  o.a.c.c.C.[Tomcat].[localhost].[/] - Initializing Spring embedded WebApplicationContext
10:28:08.109 [main] INFO  o.s.b.w.s.c.ServletWebServerApplicationContext - Root WebApplicationContext: initialization completed in 2303 ms
10:28:08.701 [main] INFO  com.zaxxer.hikari.HikariDataSource - HikariPool-1 - Starting...
10:28:08.910 [main] INFO  com.zaxxer.hikari.HikariDataSource - HikariPool-1 - Start completed.
10:28:08.989 [main] INFO  o.h.jpa.internal.util.LogHelper - HHH000204: Processing PersistenceUnitInfo [name: default]
10:28:09.061 [main] INFO  org.hibernate.Version - HHH000412: Hibernate ORM core version 5.6.14.Final
10:28:09.261 [main] INFO  o.h.annotations.common.Version - HCANN000001: Hibernate Commons Annotations {5.1.2.Final}
10:28:09.441 [main] INFO  org.hibernate.dialect.Dialect - HHH000400: Using dialect: org.hibernate.dialect.H2Dialect
10:28:10.257 [main] INFO  o.h.e.t.j.p.i.JtaPlatformInitiator - HHH000490: Using JtaPlatform implementation: [org.hibernate.engine.transaction.jta.platform.internal.NoJtaPlatform]
10:28:10.264 [main] INFO  o.s.o.j.LocalContainerEntityManagerFactoryBean - Initialized JPA EntityManagerFactory for persistence unit 'default'
10:28:10.778 [main] WARN  o.s.b.a.o.j.JpaBaseConfiguration$JpaWebConfiguration - spring.jpa.open-in-view is enabled by default. Therefore, database queries may be performed during view rendering. Explicitly configure spring.jpa.open-in-view to disable this warning
10:28:11.133 [main] WARN  o.t.templatemode.TemplateMode - [THYMELEAF][main] Template Mode 'LEGACYHTML5' is deprecated. Using Template Mode 'HTML' instead.
10:28:11.207 [main] INFO  o.s.l.c.s.AbstractContextSource - Property 'userDn' not set - anonymous context will be used for read-write operations
10:28:11.324 [main] INFO  o.a.coyote.http11.Http11NioProtocol - Starting ProtocolHandler ["http-nio-80"]
10:28:11.352 [main] INFO  o.s.b.w.e.tomcat.TomcatWebServer - Tomcat started on port(s): 80 (http) with context path ''
10:28:11.397 [main] INFO  app.passwd.PasswdApplication - Started PasswdApplication in 7.071 seconds (JVM running for 9.109)
10:28:11.411 [main] INFO  app.passwd.PasswdApplication - working dir:/home/inono/Projects/school-passwd
10:28:11.632 [main] INFO  app.passwd.PasswdApplication - 帳號整合服務成功啟動
10:28:34.522 [http-nio-80-exec-1] INFO  o.a.c.c.C.[Tomcat].[localhost].[/] - Initializing Spring DispatcherServlet 'dispatcherServlet'
10:28:34.531 [http-nio-80-exec-1] INFO  o.s.web.servlet.DispatcherServlet - Initializing Servlet 'dispatcherServlet'
10:28:34.538 [http-nio-80-exec-1] INFO  o.s.web.servlet.DispatcherServlet - Completed initialization in 6 ms
10:28:35.281 [http-nio-80-exec-3] INFO  a.passwd.controller.IndexController - 1.需請求取得認證授權,轉到 https://api.tc.edu.tw/school-oauth/authorize
10:30:45.217 [http-nio-80-exec-5] INFO  a.p.controller.CallbackController - 4c6d8ed93476b7828955375913b45f2bcc982da56301da7735ede8e640ba98e1
10:30:45.228 [http-nio-80-exec-5] INFO  a.p.controller.CallbackController - 3.取得code:{"school_no":"064757","username":"igogo","role":"teacher","name":"\u5433\u5609\u7965","edu_key":"","title_name":"\u79d1\u4efb\u6559\u5e2b","title_kind":"\u5c08\u4efb\u6559\u5e2b"}
10:30:45.258 [http-nio-80-exec-5] INFO  a.p.controller.CallbackController - {"school_no":"064757","username":"igogo","role":"teacher","name":"吳嘉祥","edu_key":"","title_name":"科任教師","title_kind":"專任教師"}
10:30:45.283 [http-nio-80-exec-5] INFO  app.passwd.service.Oauth2Client - 4. 進行client_credientials flow 取得token.
10:30:46.254 [http-nio-80-exec-6] INFO  a.p.controller.admin.AdminController - {"school_no":"064757","username":"igogo","adusername":"igogo","role":"teacher","name":"吳嘉祥","edu_key":""}
10:31:14.775 [http-nio-80-exec-10] INFO  app.passwd.service.SemesterData - 取得semester data - endpoint:https://api.tc.edu.tw/semester-data
10:33:01.137 [SpringApplicationShutdownHook] INFO  o.s.o.j.LocalContainerEntityManagerFactoryBean - Closing JPA EntityManagerFactory for persistence unit 'default'
10:33:01.140 [SpringApplicationShutdownHook] INFO  o.h.t.s.i.SchemaDropperImpl$DelayedDropActionImpl - HHH000477: Starting delayed evictData of schema as part of SessionFactory shut-down'
10:33:01.176 [SpringApplicationShutdownHook] INFO  com.zaxxer.hikari.HikariDataSource - HikariPool-1 - Shutdown initiated...
10:33:01.208 [SpringApplicationShutdownHook] INFO  com.zaxxer.hikari.HikariDataSource - HikariPool-1 - Shutdown completed.
10:33:25.478 [main] INFO  app.passwd.PasswdApplication - Starting PasswdApplication using Java 17.0.5 on smbldap with PID 24234 (/home/inono/Projects/school-passwd/target/classes started by root in /home/inono/Projects/school-passwd)
10:33:25.483 [main] INFO  app.passwd.PasswdApplication - No active profile set, falling back to 1 default profile: "default"
10:33:26.642 [main] INFO  o.s.d.r.c.RepositoryConfigurationDelegate - Bootstrapping Spring Data JPA repositories in DEFAULT mode.
10:33:26.710 [main] INFO  o.s.d.r.c.RepositoryConfigurationDelegate - Finished Spring Data repository scanning in 60 ms. Found 2 JPA repository interfaces.
10:33:27.790 [main] INFO  o.s.b.w.e.tomcat.TomcatWebServer - Tomcat initialized with port(s): 80 (http)
10:33:27.807 [main] INFO  o.a.coyote.http11.Http11NioProtocol - Initializing ProtocolHandler ["http-nio-80"]
10:33:27.808 [main] INFO  o.a.catalina.core.StandardService - Starting service [Tomcat]
10:33:27.809 [main] INFO  o.a.catalina.core.StandardEngine - Starting Servlet engine: [Apache Tomcat/9.0.69]
10:33:27.978 [main] INFO  o.a.c.c.C.[Tomcat].[localhost].[/] - Initializing Spring embedded WebApplicationContext
10:33:27.983 [main] INFO  o.s.b.w.s.c.ServletWebServerApplicationContext - Root WebApplicationContext: initialization completed in 2401 ms
10:33:28.493 [main] INFO  com.zaxxer.hikari.HikariDataSource - HikariPool-1 - Starting...
10:33:28.763 [main] INFO  com.zaxxer.hikari.HikariDataSource - HikariPool-1 - Start completed.
10:33:28.831 [main] INFO  o.h.jpa.internal.util.LogHelper - HHH000204: Processing PersistenceUnitInfo [name: default]
10:33:28.904 [main] INFO  org.hibernate.Version - HHH000412: Hibernate ORM core version 5.6.14.Final
10:33:29.087 [main] INFO  o.h.annotations.common.Version - HCANN000001: Hibernate Commons Annotations {5.1.2.Final}
10:33:29.249 [main] INFO  org.hibernate.dialect.Dialect - HHH000400: Using dialect: org.hibernate.dialect.H2Dialect
10:33:30.008 [main] INFO  o.h.e.t.j.p.i.JtaPlatformInitiator - HHH000490: Using JtaPlatform implementation: [org.hibernate.engine.transaction.jta.platform.internal.NoJtaPlatform]
10:33:30.016 [main] INFO  o.s.o.j.LocalContainerEntityManagerFactoryBean - Initialized JPA EntityManagerFactory for persistence unit 'default'
10:33:30.619 [main] WARN  o.s.b.a.o.j.JpaBaseConfiguration$JpaWebConfiguration - spring.jpa.open-in-view is enabled by default. Therefore, database queries may be performed during view rendering. Explicitly configure spring.jpa.open-in-view to disable this warning
10:33:30.983 [main] WARN  o.t.templatemode.TemplateMode - [THYMELEAF][main] Template Mode 'LEGACYHTML5' is deprecated. Using Template Mode 'HTML' instead.
10:33:31.079 [main] INFO  o.s.l.c.s.AbstractContextSource - Property 'userDn' not set - anonymous context will be used for read-write operations
10:33:31.147 [main] INFO  o.a.coyote.http11.Http11NioProtocol - Starting ProtocolHandler ["http-nio-80"]
10:33:31.178 [main] INFO  o.s.b.w.e.tomcat.TomcatWebServer - Tomcat started on port(s): 80 (http) with context path ''
10:33:31.192 [main] INFO  app.passwd.PasswdApplication - Started PasswdApplication in 6.594 seconds (JVM running for 7.368)
10:33:31.212 [main] INFO  app.passwd.PasswdApplication - working dir:/home/inono/Projects/school-passwd
10:33:31.351 [main] INFO  app.passwd.PasswdApplication - 帳號整合服務成功啟動
10:33:46.248 [http-nio-80-exec-1] INFO  o.a.c.c.C.[Tomcat].[localhost].[/] - Initializing Spring DispatcherServlet 'dispatcherServlet'
10:33:46.249 [http-nio-80-exec-1] INFO  o.s.web.servlet.DispatcherServlet - Initializing Servlet 'dispatcherServlet'
10:33:46.256 [http-nio-80-exec-1] INFO  o.s.web.servlet.DispatcherServlet - Completed initialization in 7 ms
10:33:48.082 [http-nio-80-exec-3] INFO  a.passwd.controller.IndexController - 1.需請求取得認證授權,轉到 https://api.tc.edu.tw/school-oauth/authorize
10:34:38.376 [http-nio-80-exec-4] INFO  a.p.controller.CallbackController - 4d5527e99f74583e0693de664b84022c7e4f0902e126f5c48764e7becd0834c0
10:34:38.391 [http-nio-80-exec-4] INFO  a.p.controller.CallbackController - 3.取得code:{"school_no":"064757","username":"igogo","role":"teacher","name":"\u5433\u5609\u7965","edu_key":"","title_name":"\u79d1\u4efb\u6559\u5e2b","title_kind":"\u5c08\u4efb\u6559\u5e2b"}
10:34:38.415 [http-nio-80-exec-4] INFO  a.p.controller.CallbackController - {"school_no":"064757","username":"igogo","role":"teacher","name":"吳嘉祥","edu_key":"","title_name":"科任教師","title_kind":"專任教師"}
10:34:38.437 [http-nio-80-exec-4] INFO  app.passwd.service.Oauth2Client - 4. 進行client_credientials flow 取得token.
10:34:39.783 [http-nio-80-exec-5] INFO  a.p.controller.admin.AdminController - {"school_no":"064757","username":"igogo","adusername":"igogo","role":"teacher","name":"吳嘉祥","edu_key":""}
10:34:44.653 [http-nio-80-exec-8] INFO  app.passwd.service.SemesterData - 取得semester data - endpoint:https://api.tc.edu.tw/semester-data
15:14:18.436 [SpringApplicationShutdownHook] INFO  o.s.o.j.LocalContainerEntityManagerFactoryBean - Closing JPA EntityManagerFactory for persistence unit 'default'
15:14:18.440 [SpringApplicationShutdownHook] INFO  o.h.t.s.i.SchemaDropperImpl$DelayedDropActionImpl - HHH000477: Starting delayed evictData of schema as part of SessionFactory shut-down'
15:14:18.471 [SpringApplicationShutdownHook] INFO  com.zaxxer.hikari.HikariDataSource - HikariPool-1 - Shutdown initiated...
15:14:18.487 [SpringApplicationShutdownHook] INFO  com.zaxxer.hikari.HikariDataSource - HikariPool-1 - Shutdown completed.
15:14:41.448 [main] INFO  app.passwd.PasswdApplication - Starting PasswdApplication using Java 17.0.5 on smbldap with PID 74088 (/home/inono/Projects/school-passwd/target/classes started by root in /home/inono/Projects/school-passwd)
15:14:41.451 [main] INFO  app.passwd.PasswdApplication - No active profile set, falling back to 1 default profile: "default"
15:14:42.376 [main] INFO  o.s.d.r.c.RepositoryConfigurationDelegate - Bootstrapping Spring Data JPA repositories in DEFAULT mode.
15:14:42.492 [main] INFO  o.s.d.r.c.RepositoryConfigurationDelegate - Finished Spring Data repository scanning in 108 ms. Found 2 JPA repository interfaces.
15:14:43.910 [main] INFO  o.s.b.w.e.tomcat.TomcatWebServer - Tomcat initialized with port(s): 80 (http)
15:14:43.920 [main] INFO  o.a.coyote.http11.Http11NioProtocol - Initializing ProtocolHandler ["http-nio-80"]
15:14:43.921 [main] INFO  o.a.catalina.core.StandardService - Starting service [Tomcat]
15:14:43.921 [main] INFO  o.a.catalina.core.StandardEngine - Starting Servlet engine: [Apache Tomcat/9.0.69]
15:14:44.071 [main] INFO  o.a.c.c.C.[Tomcat].[localhost].[/] - Initializing Spring embedded WebApplicationContext
15:14:44.071 [main] INFO  o.s.b.w.s.c.ServletWebServerApplicationContext - Root WebApplicationContext: initialization completed in 2548 ms
15:14:44.630 [main] INFO  com.zaxxer.hikari.HikariDataSource - HikariPool-1 - Starting...
15:14:44.961 [main] INFO  com.zaxxer.hikari.HikariDataSource - HikariPool-1 - Start completed.
15:14:45.035 [main] INFO  o.h.jpa.internal.util.LogHelper - HHH000204: Processing PersistenceUnitInfo [name: default]
15:14:45.122 [main] INFO  org.hibernate.Version - HHH000412: Hibernate ORM core version 5.6.14.Final
15:14:45.326 [main] INFO  o.h.annotations.common.Version - HCANN000001: Hibernate Commons Annotations {5.1.2.Final}
15:14:45.492 [main] INFO  org.hibernate.dialect.Dialect - HHH000400: Using dialect: org.hibernate.dialect.H2Dialect
15:14:46.398 [main] INFO  o.h.e.t.j.p.i.JtaPlatformInitiator - HHH000490: Using JtaPlatform implementation: [org.hibernate.engine.transaction.jta.platform.internal.NoJtaPlatform]
15:14:46.413 [main] INFO  o.s.o.j.LocalContainerEntityManagerFactoryBean - Initialized JPA EntityManagerFactory for persistence unit 'default'
15:14:47.301 [main] WARN  o.s.b.a.o.j.JpaBaseConfiguration$JpaWebConfiguration - spring.jpa.open-in-view is enabled by default. Therefore, database queries may be performed during view rendering. Explicitly configure spring.jpa.open-in-view to disable this warning
15:14:47.785 [main] WARN  o.t.templatemode.TemplateMode - [THYMELEAF][main] Template Mode 'LEGACYHTML5' is deprecated. Using Template Mode 'HTML' instead.
15:14:47.987 [main] INFO  o.s.l.c.s.AbstractContextSource - Property 'userDn' not set - anonymous context will be used for read-write operations
15:14:48.162 [main] INFO  o.a.coyote.http11.Http11NioProtocol - Starting ProtocolHandler ["http-nio-80"]
15:14:48.318 [main] INFO  o.s.b.w.e.tomcat.TomcatWebServer - Tomcat started on port(s): 80 (http) with context path ''
15:14:48.358 [main] INFO  app.passwd.PasswdApplication - Started PasswdApplication in 7.563 seconds (JVM running for 8.146)
15:14:48.367 [main] INFO  app.passwd.PasswdApplication - working dir:/home/inono/Projects/school-passwd
15:14:48.712 [main] INFO  app.passwd.PasswdApplication - 帳號整合服務成功啟動
15:15:17.388 [http-nio-80-exec-1] INFO  o.a.c.c.C.[Tomcat].[localhost].[/] - Initializing Spring DispatcherServlet 'dispatcherServlet'
15:15:17.395 [http-nio-80-exec-1] INFO  o.s.web.servlet.DispatcherServlet - Initializing Servlet 'dispatcherServlet'
15:15:17.398 [http-nio-80-exec-1] INFO  o.s.web.servlet.DispatcherServlet - Completed initialization in 1 ms
15:15:18.020 [http-nio-80-exec-1] INFO  a.passwd.controller.IndexController - 1.需請求取得認證授權,轉到 https://api.tc.edu.tw/school-oauth/authorize
15:15:47.105 [http-nio-80-exec-2] INFO  a.p.controller.CallbackController - 4b7955f290342929cc9ee70ce784ef57e4e134359010d86a6539f264ec892a3f
15:15:47.113 [http-nio-80-exec-2] INFO  a.p.controller.CallbackController - 3.取得code:{"school_no":"064757","username":"106-106079","role":"student","name":"\u5433\u5146\u8ed2","edu_key":"fdab9c763b0fca5dd7fee6fd62306cac5053b5ee024e78f6f681e73032503081","grade":6,"class_no":1,"number":"5"}
15:15:47.166 [http-nio-80-exec-2] INFO  a.p.controller.CallbackController - {"school_no":"064757","username":"106-106079","role":"student","name":"吳兆軒","edu_key":"fdab9c763b0fca5dd7fee6fd62306cac5053b5ee024e78f6f681e73032503081","grade":6,"class_no":1,"number":"5"}
15:15:47.225 [http-nio-80-exec-2] INFO  app.passwd.service.Oauth2Client - 4. 進行client_credientials flow 取得token.
15:16:03.372 [http-nio-80-exec-5] INFO  a.passwd.api.UpdatePasswdController - update user passwd
15:16:04.064 [http-nio-80-exec-5] INFO  a.passwd.api.UpdatePasswdController - {"_links":{"self":{"href":"https:\/\/api.tc.edu.tw\/change-password"}},"_embedded":{"change_password":[["106-106079 \u66f4\u6539\u4e86\u5bc6\u78bc{MD5}uKfe26r18b+mNJC1Pqhjfw=="]]},"total_items":1}
15:22:44.263 [http-nio-80-exec-9] INFO  a.passwd.controller.IndexController - 1.需請求取得認證授權,轉到 https://api.tc.edu.tw/school-oauth/authorize
15:22:58.839 [http-nio-80-exec-10] INFO  a.p.controller.CallbackController - c1d7e602c3cba142f1c44f1ace6b44e19c8d917b7c8b21081a7f828984cff56a
15:22:58.846 [http-nio-80-exec-10] INFO  a.p.controller.CallbackController - 3.取得code:{"school_no":"064757","username":"igogo","role":"teacher","name":"\u5433\u5609\u7965","edu_key":"","title_name":"\u79d1\u4efb\u6559\u5e2b","title_kind":"\u5c08\u4efb\u6559\u5e2b"}
15:22:58.848 [http-nio-80-exec-10] INFO  a.p.controller.CallbackController - {"school_no":"064757","username":"igogo","role":"teacher","name":"吳嘉祥","edu_key":"","title_name":"科任教師","title_kind":"專任教師"}
15:22:58.855 [http-nio-80-exec-10] INFO  app.passwd.service.Oauth2Client - 4. 進行client_credientials flow 取得token.
15:22:59.089 [http-nio-80-exec-1] INFO  a.p.controller.admin.AdminController - {"school_no":"064757","username":"igogo","adusername":"igogo","role":"teacher","name":"吳嘉祥","edu_key":""}
15:24:35.018 [http-nio-80-exec-5] INFO  app.passwd.service.SemesterData - 取得semester data - endpoint:https://api.tc.edu.tw/semester-data
15:31:36.905 [SpringApplicationShutdownHook] INFO  o.s.o.j.LocalContainerEntityManagerFactoryBean - Closing JPA EntityManagerFactory for persistence unit 'default'
15:31:36.981 [SpringApplicationShutdownHook] INFO  o.h.t.s.i.SchemaDropperImpl$DelayedDropActionImpl - HHH000477: Starting delayed evictData of schema as part of SessionFactory shut-down'
15:31:37.124 [SpringApplicationShutdownHook] INFO  com.zaxxer.hikari.HikariDataSource - HikariPool-1 - Shutdown initiated...
15:31:37.182 [SpringApplicationShutdownHook] INFO  com.zaxxer.hikari.HikariDataSource - HikariPool-1 - Shutdown completed.
15:41:32.309 [main] INFO  app.passwd.PasswdApplication - Starting PasswdApplication using Java 17.0.5 on smbldap with PID 79142 (/home/inono/Projects/school-passwd/target/classes started by root in /home/inono/Projects/school-passwd)
15:41:32.315 [main] INFO  app.passwd.PasswdApplication - No active profile set, falling back to 1 default profile: "default"
15:41:33.941 [main] INFO  o.s.d.r.c.RepositoryConfigurationDelegate - Bootstrapping Spring Data JPA repositories in DEFAULT mode.
15:41:34.020 [main] INFO  o.s.d.r.c.RepositoryConfigurationDelegate - Finished Spring Data repository scanning in 61 ms. Found 2 JPA repository interfaces.
15:41:35.242 [main] INFO  o.s.b.w.e.tomcat.TomcatWebServer - Tomcat initialized with port(s): 80 (http)
15:41:35.268 [main] INFO  o.a.coyote.http11.Http11NioProtocol - Initializing ProtocolHandler ["http-nio-80"]
15:41:35.272 [main] INFO  o.a.catalina.core.StandardService - Starting service [Tomcat]
15:41:35.273 [main] INFO  o.a.catalina.core.StandardEngine - Starting Servlet engine: [Apache Tomcat/9.0.69]
15:41:35.498 [main] INFO  o.a.c.c.C.[Tomcat].[localhost].[/] - Initializing Spring embedded WebApplicationContext
15:41:35.499 [main] INFO  o.s.b.w.s.c.ServletWebServerApplicationContext - Root WebApplicationContext: initialization completed in 3077 ms
15:41:36.082 [main] INFO  com.zaxxer.hikari.HikariDataSource - HikariPool-1 - Starting...
15:41:36.457 [main] INFO  com.zaxxer.hikari.HikariDataSource - HikariPool-1 - Start completed.
15:41:36.642 [main] INFO  o.h.jpa.internal.util.LogHelper - HHH000204: Processing PersistenceUnitInfo [name: default]
15:41:36.733 [main] INFO  org.hibernate.Version - HHH000412: Hibernate ORM core version 5.6.14.Final
15:41:36.961 [main] INFO  o.h.annotations.common.Version - HCANN000001: Hibernate Commons Annotations {5.1.2.Final}
15:41:37.197 [main] INFO  org.hibernate.dialect.Dialect - HHH000400: Using dialect: org.hibernate.dialect.H2Dialect
15:41:38.367 [main] INFO  o.h.e.t.j.p.i.JtaPlatformInitiator - HHH000490: Using JtaPlatform implementation: [org.hibernate.engine.transaction.jta.platform.internal.NoJtaPlatform]
15:41:38.393 [main] INFO  o.s.o.j.LocalContainerEntityManagerFactoryBean - Initialized JPA EntityManagerFactory for persistence unit 'default'
15:41:39.572 [main] WARN  o.s.b.a.o.j.JpaBaseConfiguration$JpaWebConfiguration - spring.jpa.open-in-view is enabled by default. Therefore, database queries may be performed during view rendering. Explicitly configure spring.jpa.open-in-view to disable this warning
15:41:40.175 [main] WARN  o.t.templatemode.TemplateMode - [THYMELEAF][main] Template Mode 'LEGACYHTML5' is deprecated. Using Template Mode 'HTML' instead.
15:41:40.333 [main] INFO  o.s.l.c.s.AbstractContextSource - Property 'userDn' not set - anonymous context will be used for read-write operations
15:41:40.427 [main] INFO  o.a.coyote.http11.Http11NioProtocol - Starting ProtocolHandler ["http-nio-80"]
15:41:40.483 [main] INFO  o.s.b.w.e.tomcat.TomcatWebServer - Tomcat started on port(s): 80 (http) with context path ''
15:41:40.516 [main] INFO  app.passwd.PasswdApplication - Started PasswdApplication in 9.029 seconds (JVM running for 9.791)
15:41:40.527 [main] INFO  app.passwd.PasswdApplication - working dir:/home/inono/Projects/school-passwd
15:41:40.677 [main] INFO  app.passwd.PasswdApplication - 帳號整合服務成功啟動
15:43:49.973 [http-nio-80-exec-1] INFO  o.a.c.c.C.[Tomcat].[localhost].[/] - Initializing Spring DispatcherServlet 'dispatcherServlet'
15:43:49.982 [http-nio-80-exec-1] INFO  o.s.web.servlet.DispatcherServlet - Initializing Servlet 'dispatcherServlet'
15:43:49.983 [http-nio-80-exec-1] INFO  o.s.web.servlet.DispatcherServlet - Completed initialization in 1 ms
15:43:51.229 [http-nio-80-exec-3] INFO  a.passwd.controller.IndexController - 1.需請求取得認證授權,轉到 https://api.tc.edu.tw/school-oauth/authorize
15:46:34.384 [http-nio-80-exec-5] INFO  a.p.controller.CallbackController - d0e42c21bf8e7207f19732582626dbd60cca8d96b9f49b7f9722c10bffe55f72
15:46:34.388 [http-nio-80-exec-5] INFO  a.p.controller.CallbackController - 3.取得code:{"school_no":"064757","username":"igogo","role":"teacher","name":"\u5433\u5609\u7965","edu_key":"","title_name":"\u79d1\u4efb\u6559\u5e2b","title_kind":"\u5c08\u4efb\u6559\u5e2b"}
15:46:34.486 [http-nio-80-exec-5] INFO  a.p.controller.CallbackController - {"school_no":"064757","username":"igogo","role":"teacher","name":"吳嘉祥","edu_key":"","title_name":"科任教師","title_kind":"專任教師"}
15:46:34.510 [http-nio-80-exec-5] INFO  app.passwd.service.Oauth2Client - 4. 進行client_credientials flow 取得token.
15:46:36.149 [http-nio-80-exec-6] INFO  a.p.controller.admin.AdminController - {"school_no":"064757","username":"igogo","adusername":"igogo","role":"teacher","name":"吳嘉祥","edu_key":""}
15:46:39.998 [http-nio-80-exec-9] INFO  app.passwd.service.SemesterData - 取得semester data - endpoint:https://api.tc.edu.tw/semester-data
15:47:38.955 [SpringApplicationShutdownHook] INFO  o.s.o.j.LocalContainerEntityManagerFactoryBean - Closing JPA EntityManagerFactory for persistence unit 'default'
15:47:38.957 [SpringApplicationShutdownHook] INFO  o.h.t.s.i.SchemaDropperImpl$DelayedDropActionImpl - HHH000477: Starting delayed evictData of schema as part of SessionFactory shut-down'
15:47:39.001 [SpringApplicationShutdownHook] INFO  com.zaxxer.hikari.HikariDataSource - HikariPool-1 - Shutdown initiated...
15:47:39.037 [SpringApplicationShutdownHook] INFO  com.zaxxer.hikari.HikariDataSource - HikariPool-1 - Shutdown completed.
