09:00:16.081 [main] INFO  app.passwd.PasswdApplication - Starting PasswdApplication using Java 17.0.2 on smbldap with PID 5196 (/home/inono/Projects/school-passwd/target/classes started by inono in /home/inono/Projects/school-passwd)
09:00:16.087 [main] INFO  app.passwd.PasswdApplication - No active profile set, falling back to default profiles: default
09:00:16.755 [main] INFO  o.s.d.r.c.RepositoryConfigurationDelegate - Multiple Spring Data modules found, entering strict repository configuration mode!
09:00:16.756 [main] INFO  o.s.d.r.c.RepositoryConfigurationDelegate - Bootstrapping Spring Data MongoDB repositories in DEFAULT mode.
09:00:16.793 [main] INFO  o.s.d.r.c.RepositoryConfigurationExtensionSupport - Spring Data MongoDB - Could not safely identify store assignment for repository candidate interface app.passwd.repository.SystemConfigRepository. If you want this repository to be a MongoDB repository, consider annotating your entities with one of these annotations: org.springframework.data.mongodb.core.mapping.Document (preferred), or consider extending one of the following types with your repository: org.springframework.data.mongodb.repository.MongoRepository.
09:00:16.830 [main] INFO  o.s.d.r.c.RepositoryConfigurationDelegate - Finished Spring Data repository scanning in 70 ms. Found 4 MongoDB repository interfaces.
09:00:17.054 [main] INFO  o.s.d.r.c.RepositoryConfigurationDelegate - Multiple Spring Data modules found, entering strict repository configuration mode!
09:00:17.056 [main] INFO  o.s.d.r.c.RepositoryConfigurationDelegate - Bootstrapping Spring Data JPA repositories in DEFAULT mode.
09:00:17.075 [main] INFO  o.s.d.r.c.RepositoryConfigurationExtensionSupport - Spring Data JPA - Could not safely identify store assignment for repository candidate interface app.passwd.repository.SyncUseritemRepository. If you want this repository to be a JPA repository, consider annotating your entities with one of these annotations: javax.persistence.Entity, javax.persistence.MappedSuperclass (preferred), or consider extending one of the following types with your repository: org.springframework.data.jpa.repository.JpaRepository.
09:00:17.083 [main] INFO  o.s.d.r.c.RepositoryConfigurationExtensionSupport - Spring Data JPA - Could not safely identify store assignment for repository candidate interface app.passwd.repository.UserAudioitemRepository. If you want this repository to be a JPA repository, consider annotating your entities with one of these annotations: javax.persistence.Entity, javax.persistence.MappedSuperclass (preferred), or consider extending one of the following types with your repository: org.springframework.data.jpa.repository.JpaRepository.
09:00:17.091 [main] INFO  o.s.d.r.c.RepositoryConfigurationExtensionSupport - Spring Data JPA - Could not safely identify store assignment for repository candidate interface app.passwd.repository.UserImageItemRepository. If you want this repository to be a JPA repository, consider annotating your entities with one of these annotations: javax.persistence.Entity, javax.persistence.MappedSuperclass (preferred), or consider extending one of the following types with your repository: org.springframework.data.jpa.repository.JpaRepository.
09:00:17.092 [main] INFO  o.s.d.r.c.RepositoryConfigurationExtensionSupport - Spring Data JPA - Could not safely identify store assignment for repository candidate interface app.passwd.repository.UserRepository. If you want this repository to be a JPA repository, consider annotating your entities with one of these annotations: javax.persistence.Entity, javax.persistence.MappedSuperclass (preferred), or consider extending one of the following types with your repository: org.springframework.data.jpa.repository.JpaRepository.
09:00:17.097 [main] INFO  o.s.d.r.c.RepositoryConfigurationDelegate - Finished Spring Data repository scanning in 34 ms. Found 1 JPA repository interfaces.
09:00:17.708 [main] INFO  o.s.b.w.e.tomcat.TomcatWebServer - Tomcat initialized with port(s): 8080 (http)
09:00:17.723 [main] INFO  o.a.coyote.http11.Http11NioProtocol - Initializing ProtocolHandler ["http-nio-8080"]
09:00:17.724 [main] INFO  o.a.catalina.core.StandardService - Starting service [Tomcat]
09:00:17.725 [main] INFO  o.a.catalina.core.StandardEngine - Starting Servlet engine: [Apache Tomcat/9.0.56]
09:00:17.881 [main] INFO  o.a.c.c.C.[Tomcat].[localhost].[/] - Initializing Spring embedded WebApplicationContext
09:00:17.882 [main] INFO  o.s.b.w.s.c.ServletWebServerApplicationContext - Root WebApplicationContext: initialization completed in 1714 ms
09:00:18.197 [main] INFO  com.zaxxer.hikari.HikariDataSource - HikariPool-1 - Starting...
09:00:18.334 [main] INFO  com.zaxxer.hikari.HikariDataSource - HikariPool-1 - Start completed.
09:00:18.383 [main] INFO  o.h.jpa.internal.util.LogHelper - HHH000204: Processing PersistenceUnitInfo [name: default]
09:00:18.430 [main] INFO  org.hibernate.Version - HHH000412: Hibernate ORM core version 5.6.4.Final
09:00:18.577 [main] INFO  o.h.annotations.common.Version - HCANN000001: Hibernate Commons Annotations {5.1.2.Final}
09:00:18.725 [main] INFO  org.hibernate.dialect.Dialect - HHH000400: Using dialect: org.hibernate.dialect.H2Dialect
09:00:19.160 [main] INFO  o.h.e.t.j.p.i.JtaPlatformInitiator - HHH000490: Using JtaPlatform implementation: [org.hibernate.engine.transaction.jta.platform.internal.NoJtaPlatform]
09:00:19.176 [main] INFO  o.s.o.j.LocalContainerEntityManagerFactoryBean - Initialized JPA EntityManagerFactory for persistence unit 'default'
09:00:19.656 [main] INFO  org.mongodb.driver.cluster - Cluster created with settings {hosts=[127.0.0.1:27017], mode=SINGLE, requiredClusterType=UNKNOWN, serverSelectionTimeout='30000 ms'}
09:00:19.758 [cluster-ClusterId{value='6237ce23c0ed36316af6edfd', description='null'}-127.0.0.1:27017] INFO  org.mongodb.driver.connection - Opened connection [connectionId{localValue:2, serverValue:9}] to 127.0.0.1:27017
09:00:19.759 [cluster-ClusterId{value='6237ce23c0ed36316af6edfd', description='null'}-127.0.0.1:27017] INFO  org.mongodb.driver.cluster - Monitor thread successfully connected to server with description ServerDescription{address=127.0.0.1:27017, type=STANDALONE, state=CONNECTED, ok=true, minWireVersion=0, maxWireVersion=8, maxDocumentSize=16777216, logicalSessionTimeoutMinutes=30, roundTripTimeNanos=29180068}
09:00:19.759 [cluster-rtt-ClusterId{value='6237ce23c0ed36316af6edfd', description='null'}-127.0.0.1:27017] INFO  org.mongodb.driver.connection - Opened connection [connectionId{localValue:1, serverValue:8}] to 127.0.0.1:27017
09:00:20.097 [main] WARN  o.s.b.a.o.j.JpaBaseConfiguration$JpaWebConfiguration - spring.jpa.open-in-view is enabled by default. Therefore, database queries may be performed during view rendering. Explicitly configure spring.jpa.open-in-view to disable this warning
09:00:20.400 [main] WARN  o.t.templatemode.TemplateMode - [THYMELEAF][main] Template Mode 'LEGACYHTML5' is deprecated. Using Template Mode 'HTML' instead.
09:00:20.509 [main] INFO  o.a.coyote.http11.Http11NioProtocol - Starting ProtocolHandler ["http-nio-8080"]
09:00:20.520 [main] INFO  o.s.b.w.e.tomcat.TomcatWebServer - Tomcat started on port(s): 8080 (http) with context path ''
09:00:20.537 [main] INFO  app.passwd.PasswdApplication - Started PasswdApplication in 5.031 seconds (JVM running for 5.591)
09:00:20.684 [main] INFO  app.passwd.PasswdApplication - 服務成功啟動
09:00:45.558 [http-nio-8080-exec-1] INFO  o.a.c.c.C.[Tomcat].[localhost].[/] - Initializing Spring DispatcherServlet 'dispatcherServlet'
09:00:45.560 [http-nio-8080-exec-1] INFO  o.s.web.servlet.DispatcherServlet - Initializing Servlet 'dispatcherServlet'
09:00:45.565 [http-nio-8080-exec-1] INFO  o.s.web.servlet.DispatcherServlet - Completed initialization in 1 ms
09:00:45.736 [http-nio-8080-exec-2] INFO  a.passwd.controller.IndexController - 1.需請求取得認證授權,轉到 https://api.tc.edu.tw/school-oauth/authorize
09:00:57.466 [SpringApplicationShutdownHook] INFO  o.s.o.j.LocalContainerEntityManagerFactoryBean - Closing JPA EntityManagerFactory for persistence unit 'default'
09:00:57.469 [SpringApplicationShutdownHook] INFO  o.h.t.s.i.SchemaDropperImpl$DelayedDropActionImpl - HHH000477: Starting delayed evictData of schema as part of SessionFactory shut-down'
09:00:57.513 [SpringApplicationShutdownHook] INFO  com.zaxxer.hikari.HikariDataSource - HikariPool-1 - Shutdown initiated...
09:00:57.528 [SpringApplicationShutdownHook] INFO  com.zaxxer.hikari.HikariDataSource - HikariPool-1 - Shutdown completed.
09:01:33.920 [main] INFO  app.passwd.PasswdApplication - Starting PasswdApplication using Java 17.0.2 on smbldap with PID 5329 (/home/inono/Projects/school-passwd/target/classes started by inono in /home/inono/Projects/school-passwd)
09:01:33.923 [main] INFO  app.passwd.PasswdApplication - No active profile set, falling back to default profiles: default
09:01:35.271 [main] INFO  o.s.d.r.c.RepositoryConfigurationDelegate - Multiple Spring Data modules found, entering strict repository configuration mode!
09:01:35.275 [main] INFO  o.s.d.r.c.RepositoryConfigurationDelegate - Bootstrapping Spring Data MongoDB repositories in DEFAULT mode.
09:01:35.346 [main] INFO  o.s.d.r.c.RepositoryConfigurationExtensionSupport - Spring Data MongoDB - Could not safely identify store assignment for repository candidate interface app.passwd.repository.SystemConfigRepository. If you want this repository to be a MongoDB repository, consider annotating your entities with one of these annotations: org.springframework.data.mongodb.core.mapping.Document (preferred), or consider extending one of the following types with your repository: org.springframework.data.mongodb.repository.MongoRepository.
09:01:35.381 [main] INFO  o.s.d.r.c.RepositoryConfigurationDelegate - Finished Spring Data repository scanning in 103 ms. Found 4 MongoDB repository interfaces.
09:01:35.670 [main] INFO  o.s.d.r.c.RepositoryConfigurationDelegate - Multiple Spring Data modules found, entering strict repository configuration mode!
09:01:35.672 [main] INFO  o.s.d.r.c.RepositoryConfigurationDelegate - Bootstrapping Spring Data JPA repositories in DEFAULT mode.
09:01:35.689 [main] INFO  o.s.d.r.c.RepositoryConfigurationExtensionSupport - Spring Data JPA - Could not safely identify store assignment for repository candidate interface app.passwd.repository.SyncUseritemRepository. If you want this repository to be a JPA repository, consider annotating your entities with one of these annotations: javax.persistence.Entity, javax.persistence.MappedSuperclass (preferred), or consider extending one of the following types with your repository: org.springframework.data.jpa.repository.JpaRepository.
09:01:35.693 [main] INFO  o.s.d.r.c.RepositoryConfigurationExtensionSupport - Spring Data JPA - Could not safely identify store assignment for repository candidate interface app.passwd.repository.UserAudioitemRepository. If you want this repository to be a JPA repository, consider annotating your entities with one of these annotations: javax.persistence.Entity, javax.persistence.MappedSuperclass (preferred), or consider extending one of the following types with your repository: org.springframework.data.jpa.repository.JpaRepository.
09:01:35.699 [main] INFO  o.s.d.r.c.RepositoryConfigurationExtensionSupport - Spring Data JPA - Could not safely identify store assignment for repository candidate interface app.passwd.repository.UserImageItemRepository. If you want this repository to be a JPA repository, consider annotating your entities with one of these annotations: javax.persistence.Entity, javax.persistence.MappedSuperclass (preferred), or consider extending one of the following types with your repository: org.springframework.data.jpa.repository.JpaRepository.
09:01:35.701 [main] INFO  o.s.d.r.c.RepositoryConfigurationExtensionSupport - Spring Data JPA - Could not safely identify store assignment for repository candidate interface app.passwd.repository.UserRepository. If you want this repository to be a JPA repository, consider annotating your entities with one of these annotations: javax.persistence.Entity, javax.persistence.MappedSuperclass (preferred), or consider extending one of the following types with your repository: org.springframework.data.jpa.repository.JpaRepository.
09:01:35.714 [main] INFO  o.s.d.r.c.RepositoryConfigurationDelegate - Finished Spring Data repository scanning in 38 ms. Found 1 JPA repository interfaces.
09:01:36.375 [main] INFO  o.s.b.w.e.tomcat.TomcatWebServer - Tomcat initialized with port(s): 8080 (http)
09:01:36.383 [main] INFO  o.a.coyote.http11.Http11NioProtocol - Initializing ProtocolHandler ["http-nio-8080"]
09:01:36.384 [main] INFO  o.a.catalina.core.StandardService - Starting service [Tomcat]
09:01:36.385 [main] INFO  o.a.catalina.core.StandardEngine - Starting Servlet engine: [Apache Tomcat/9.0.56]
09:01:36.568 [main] INFO  o.a.c.c.C.[Tomcat].[localhost].[/] - Initializing Spring embedded WebApplicationContext
09:01:36.569 [main] INFO  o.s.b.w.s.c.ServletWebServerApplicationContext - Root WebApplicationContext: initialization completed in 2520 ms
09:01:36.899 [main] INFO  com.zaxxer.hikari.HikariDataSource - HikariPool-1 - Starting...
09:01:37.057 [main] INFO  com.zaxxer.hikari.HikariDataSource - HikariPool-1 - Start completed.
09:01:37.104 [main] INFO  o.h.jpa.internal.util.LogHelper - HHH000204: Processing PersistenceUnitInfo [name: default]
09:01:37.143 [main] INFO  org.hibernate.Version - HHH000412: Hibernate ORM core version 5.6.4.Final
09:01:37.289 [main] INFO  o.h.annotations.common.Version - HCANN000001: Hibernate Commons Annotations {5.1.2.Final}
09:01:37.439 [main] INFO  org.hibernate.dialect.Dialect - HHH000400: Using dialect: org.hibernate.dialect.H2Dialect
09:01:37.894 [main] INFO  o.h.e.t.j.p.i.JtaPlatformInitiator - HHH000490: Using JtaPlatform implementation: [org.hibernate.engine.transaction.jta.platform.internal.NoJtaPlatform]
09:01:37.900 [main] INFO  o.s.o.j.LocalContainerEntityManagerFactoryBean - Initialized JPA EntityManagerFactory for persistence unit 'default'
09:01:38.409 [main] INFO  org.mongodb.driver.cluster - Cluster created with settings {hosts=[127.0.0.1:27017], mode=SINGLE, requiredClusterType=UNKNOWN, serverSelectionTimeout='30000 ms'}
09:01:38.501 [cluster-rtt-ClusterId{value='6237ce72db9fc30d427269ba', description='null'}-127.0.0.1:27017] INFO  org.mongodb.driver.connection - Opened connection [connectionId{localValue:1, serverValue:10}] to 127.0.0.1:27017
09:01:38.502 [cluster-ClusterId{value='6237ce72db9fc30d427269ba', description='null'}-127.0.0.1:27017] INFO  org.mongodb.driver.connection - Opened connection [connectionId{localValue:2, serverValue:11}] to 127.0.0.1:27017
09:01:38.502 [cluster-ClusterId{value='6237ce72db9fc30d427269ba', description='null'}-127.0.0.1:27017] INFO  org.mongodb.driver.cluster - Monitor thread successfully connected to server with description ServerDescription{address=127.0.0.1:27017, type=STANDALONE, state=CONNECTED, ok=true, minWireVersion=0, maxWireVersion=8, maxDocumentSize=16777216, logicalSessionTimeoutMinutes=30, roundTripTimeNanos=31481552}
09:01:38.871 [main] WARN  o.s.b.a.o.j.JpaBaseConfiguration$JpaWebConfiguration - spring.jpa.open-in-view is enabled by default. Therefore, database queries may be performed during view rendering. Explicitly configure spring.jpa.open-in-view to disable this warning
09:01:39.191 [main] WARN  o.t.templatemode.TemplateMode - [THYMELEAF][main] Template Mode 'LEGACYHTML5' is deprecated. Using Template Mode 'HTML' instead.
09:01:39.351 [main] INFO  o.a.coyote.http11.Http11NioProtocol - Starting ProtocolHandler ["http-nio-8080"]
09:01:39.378 [main] INFO  o.s.b.w.e.tomcat.TomcatWebServer - Tomcat started on port(s): 8080 (http) with context path ''
09:01:39.411 [main] INFO  app.passwd.PasswdApplication - Started PasswdApplication in 6.893 seconds (JVM running for 8.117)
09:01:39.545 [main] INFO  app.passwd.PasswdApplication - 服務成功啟動
09:01:57.132 [http-nio-8080-exec-1] INFO  o.a.c.c.C.[Tomcat].[localhost].[/] - Initializing Spring DispatcherServlet 'dispatcherServlet'
09:01:57.132 [http-nio-8080-exec-1] INFO  o.s.web.servlet.DispatcherServlet - Initializing Servlet 'dispatcherServlet'
09:01:57.134 [http-nio-8080-exec-1] INFO  o.s.web.servlet.DispatcherServlet - Completed initialization in 1 ms
09:01:57.297 [http-nio-8080-exec-2] INFO  a.passwd.controller.IndexController - 1.需請求取得認證授權,轉到 https://api.tc.edu.tw/school-oauth/authorize
09:02:05.823 [http-nio-8080-exec-3] INFO  a.p.controller.CallbackController - 3.取得code:{"school_no":"064757","username":"igogo","role":"teacher","name":"\u5433\u5609\u7965","edu_key":"","title_name":"\u79d1\u4efb\u6559\u5e2b","title_kind":"\u5c08\u4efb\u6559\u5e2b"}
09:02:05.838 [http-nio-8080-exec-3] INFO  a.p.controller.CallbackController - role: teacher
09:02:05.959 [http-nio-8080-exec-3] INFO  org.mongodb.driver.connection - Opened connection [connectionId{localValue:3, serverValue:12}] to 127.0.0.1:27017
09:02:06.066 [http-nio-8080-exec-3] INFO  app.passwd.service.Oauth2Client - 4. 進行client_credientials flow 取得token.
09:02:59.965 [SpringApplicationShutdownHook] INFO  o.s.o.j.LocalContainerEntityManagerFactoryBean - Closing JPA EntityManagerFactory for persistence unit 'default'
09:02:59.967 [SpringApplicationShutdownHook] INFO  o.h.t.s.i.SchemaDropperImpl$DelayedDropActionImpl - HHH000477: Starting delayed evictData of schema as part of SessionFactory shut-down'
09:02:59.988 [SpringApplicationShutdownHook] INFO  com.zaxxer.hikari.HikariDataSource - HikariPool-1 - Shutdown initiated...
09:03:00.006 [SpringApplicationShutdownHook] INFO  com.zaxxer.hikari.HikariDataSource - HikariPool-1 - Shutdown completed.
09:09:44.761 [main] INFO  app.passwd.PasswdApplication - Starting PasswdApplication using Java 17.0.2 on smbldap with PID 5771 (/home/inono/Projects/school-passwd/target/classes started by inono in /home/inono/Projects/school-passwd)
09:09:44.764 [main] INFO  app.passwd.PasswdApplication - No active profile set, falling back to 1 default profile: "default"
09:09:45.438 [main] INFO  o.s.d.r.c.RepositoryConfigurationDelegate - Multiple Spring Data modules found, entering strict repository configuration mode!
09:09:45.439 [main] INFO  o.s.d.r.c.RepositoryConfigurationDelegate - Bootstrapping Spring Data MongoDB repositories in DEFAULT mode.
09:09:45.475 [main] INFO  o.s.d.r.c.RepositoryConfigurationExtensionSupport - Spring Data MongoDB - Could not safely identify store assignment for repository candidate interface app.passwd.repository.SystemConfigRepository. If you want this repository to be a MongoDB repository, consider annotating your entities with one of these annotations: org.springframework.data.mongodb.core.mapping.Document (preferred), or consider extending one of the following types with your repository: org.springframework.data.mongodb.repository.MongoRepository.
09:09:45.503 [main] INFO  o.s.d.r.c.RepositoryConfigurationDelegate - Finished Spring Data repository scanning in 57 ms. Found 4 MongoDB repository interfaces.
09:09:45.722 [main] INFO  o.s.d.r.c.RepositoryConfigurationDelegate - Multiple Spring Data modules found, entering strict repository configuration mode!
09:09:45.727 [main] INFO  o.s.d.r.c.RepositoryConfigurationDelegate - Bootstrapping Spring Data JPA repositories in DEFAULT mode.
09:09:45.741 [main] INFO  o.s.d.r.c.RepositoryConfigurationExtensionSupport - Spring Data JPA - Could not safely identify store assignment for repository candidate interface app.passwd.repository.SyncUseritemRepository. If you want this repository to be a JPA repository, consider annotating your entities with one of these annotations: javax.persistence.Entity, javax.persistence.MappedSuperclass (preferred), or consider extending one of the following types with your repository: org.springframework.data.jpa.repository.JpaRepository.
09:09:45.749 [main] INFO  o.s.d.r.c.RepositoryConfigurationExtensionSupport - Spring Data JPA - Could not safely identify store assignment for repository candidate interface app.passwd.repository.UserAudioitemRepository. If you want this repository to be a JPA repository, consider annotating your entities with one of these annotations: javax.persistence.Entity, javax.persistence.MappedSuperclass (preferred), or consider extending one of the following types with your repository: org.springframework.data.jpa.repository.JpaRepository.
09:09:45.750 [main] INFO  o.s.d.r.c.RepositoryConfigurationExtensionSupport - Spring Data JPA - Could not safely identify store assignment for repository candidate interface app.passwd.repository.UserImageItemRepository. If you want this repository to be a JPA repository, consider annotating your entities with one of these annotations: javax.persistence.Entity, javax.persistence.MappedSuperclass (preferred), or consider extending one of the following types with your repository: org.springframework.data.jpa.repository.JpaRepository.
09:09:45.752 [main] INFO  o.s.d.r.c.RepositoryConfigurationExtensionSupport - Spring Data JPA - Could not safely identify store assignment for repository candidate interface app.passwd.repository.UserRepository. If you want this repository to be a JPA repository, consider annotating your entities with one of these annotations: javax.persistence.Entity, javax.persistence.MappedSuperclass (preferred), or consider extending one of the following types with your repository: org.springframework.data.jpa.repository.JpaRepository.
09:09:45.756 [main] INFO  o.s.d.r.c.RepositoryConfigurationDelegate - Finished Spring Data repository scanning in 24 ms. Found 1 JPA repository interfaces.
09:09:46.405 [main] INFO  o.s.b.w.e.tomcat.TomcatWebServer - Tomcat initialized with port(s): 8080 (http)
09:09:46.422 [main] INFO  o.a.coyote.http11.Http11NioProtocol - Initializing ProtocolHandler ["http-nio-8080"]
09:09:46.423 [main] INFO  o.a.catalina.core.StandardService - Starting service [Tomcat]
09:09:46.423 [main] INFO  o.a.catalina.core.StandardEngine - Starting Servlet engine: [Apache Tomcat/9.0.58]
09:09:46.564 [main] INFO  o.a.c.c.C.[Tomcat].[localhost].[/] - Initializing Spring embedded WebApplicationContext
09:09:46.565 [main] INFO  o.s.b.w.s.c.ServletWebServerApplicationContext - Root WebApplicationContext: initialization completed in 1723 ms
09:09:46.865 [main] INFO  com.zaxxer.hikari.HikariDataSource - HikariPool-1 - Starting...
09:09:47.014 [main] INFO  com.zaxxer.hikari.HikariDataSource - HikariPool-1 - Start completed.
09:09:47.064 [main] INFO  o.h.jpa.internal.util.LogHelper - HHH000204: Processing PersistenceUnitInfo [name: default]
09:09:47.110 [main] INFO  org.hibernate.Version - HHH000412: Hibernate ORM core version 5.6.5.Final
09:09:47.241 [main] INFO  o.h.annotations.common.Version - HCANN000001: Hibernate Commons Annotations {5.1.2.Final}
09:09:47.384 [main] INFO  org.hibernate.dialect.Dialect - HHH000400: Using dialect: org.hibernate.dialect.H2Dialect
09:09:47.851 [main] INFO  o.h.e.t.j.p.i.JtaPlatformInitiator - HHH000490: Using JtaPlatform implementation: [org.hibernate.engine.transaction.jta.platform.internal.NoJtaPlatform]
09:09:47.857 [main] INFO  o.s.o.j.LocalContainerEntityManagerFactoryBean - Initialized JPA EntityManagerFactory for persistence unit 'default'
09:09:48.337 [main] INFO  org.mongodb.driver.cluster - Cluster created with settings {hosts=[127.0.0.1:27017], mode=SINGLE, requiredClusterType=UNKNOWN, serverSelectionTimeout='30000 ms'}
09:09:48.432 [cluster-ClusterId{value='6237d05cb8a5232693f716e4', description='null'}-127.0.0.1:27017] INFO  org.mongodb.driver.connection - Opened connection [connectionId{localValue:2, serverValue:15}] to 127.0.0.1:27017
09:09:48.433 [cluster-rtt-ClusterId{value='6237d05cb8a5232693f716e4', description='null'}-127.0.0.1:27017] INFO  org.mongodb.driver.connection - Opened connection [connectionId{localValue:1, serverValue:16}] to 127.0.0.1:27017
09:09:48.434 [cluster-ClusterId{value='6237d05cb8a5232693f716e4', description='null'}-127.0.0.1:27017] INFO  org.mongodb.driver.cluster - Monitor thread successfully connected to server with description ServerDescription{address=127.0.0.1:27017, type=STANDALONE, state=CONNECTED, ok=true, minWireVersion=0, maxWireVersion=8, maxDocumentSize=16777216, logicalSessionTimeoutMinutes=30, roundTripTimeNanos=40657285}
09:09:48.797 [main] WARN  o.s.b.a.o.j.JpaBaseConfiguration$JpaWebConfiguration - spring.jpa.open-in-view is enabled by default. Therefore, database queries may be performed during view rendering. Explicitly configure spring.jpa.open-in-view to disable this warning
09:09:49.107 [main] WARN  o.t.templatemode.TemplateMode - [THYMELEAF][main] Template Mode 'LEGACYHTML5' is deprecated. Using Template Mode 'HTML' instead.
09:09:49.207 [main] INFO  o.a.coyote.http11.Http11NioProtocol - Starting ProtocolHandler ["http-nio-8080"]
09:09:49.220 [main] INFO  o.s.b.w.e.tomcat.TomcatWebServer - Tomcat started on port(s): 8080 (http) with context path ''
09:09:49.238 [main] INFO  app.passwd.PasswdApplication - Started PasswdApplication in 5.047 seconds (JVM running for 5.504)
09:09:49.314 [main] INFO  app.passwd.PasswdApplication - 服務成功啟動
09:10:12.057 [scheduling-1] INFO  org.mongodb.driver.connection - Opened connection [connectionId{localValue:3, serverValue:17}] to 127.0.0.1:27017
09:10:12.276 [scheduling-1] INFO  app.passwd.service.UseritemService - past items: 0
09:12:38.017 [SpringApplicationShutdownHook] INFO  o.s.o.j.LocalContainerEntityManagerFactoryBean - Closing JPA EntityManagerFactory for persistence unit 'default'
09:12:38.018 [SpringApplicationShutdownHook] INFO  o.h.t.s.i.SchemaDropperImpl$DelayedDropActionImpl - HHH000477: Starting delayed evictData of schema as part of SessionFactory shut-down'
09:12:38.051 [SpringApplicationShutdownHook] INFO  com.zaxxer.hikari.HikariDataSource - HikariPool-1 - Shutdown initiated...
09:12:38.066 [SpringApplicationShutdownHook] INFO  com.zaxxer.hikari.HikariDataSource - HikariPool-1 - Shutdown completed.
09:13:19.926 [main] INFO  app.passwd.PasswdApplication - Starting PasswdApplication using Java 17.0.2 on smbldap with PID 5939 (/home/inono/Projects/school-passwd/target/classes started by inono in /home/inono/Projects/school-passwd)
09:13:19.930 [main] INFO  app.passwd.PasswdApplication - No active profile set, falling back to 1 default profile: "default"
09:13:20.634 [main] INFO  o.s.d.r.c.RepositoryConfigurationDelegate - Multiple Spring Data modules found, entering strict repository configuration mode!
09:13:20.635 [main] INFO  o.s.d.r.c.RepositoryConfigurationDelegate - Bootstrapping Spring Data MongoDB repositories in DEFAULT mode.
09:13:20.670 [main] INFO  o.s.d.r.c.RepositoryConfigurationExtensionSupport - Spring Data MongoDB - Could not safely identify store assignment for repository candidate interface app.passwd.repository.SystemConfigRepository. If you want this repository to be a MongoDB repository, consider annotating your entities with one of these annotations: org.springframework.data.mongodb.core.mapping.Document (preferred), or consider extending one of the following types with your repository: org.springframework.data.mongodb.repository.MongoRepository.
09:13:20.700 [main] INFO  o.s.d.r.c.RepositoryConfigurationDelegate - Finished Spring Data repository scanning in 61 ms. Found 4 MongoDB repository interfaces.
09:13:20.914 [main] INFO  o.s.d.r.c.RepositoryConfigurationDelegate - Multiple Spring Data modules found, entering strict repository configuration mode!
09:13:20.915 [main] INFO  o.s.d.r.c.RepositoryConfigurationDelegate - Bootstrapping Spring Data JPA repositories in DEFAULT mode.
09:13:20.928 [main] INFO  o.s.d.r.c.RepositoryConfigurationExtensionSupport - Spring Data JPA - Could not safely identify store assignment for repository candidate interface app.passwd.repository.SyncUseritemRepository. If you want this repository to be a JPA repository, consider annotating your entities with one of these annotations: javax.persistence.Entity, javax.persistence.MappedSuperclass (preferred), or consider extending one of the following types with your repository: org.springframework.data.jpa.repository.JpaRepository.
09:13:20.937 [main] INFO  o.s.d.r.c.RepositoryConfigurationExtensionSupport - Spring Data JPA - Could not safely identify store assignment for repository candidate interface app.passwd.repository.UserAudioitemRepository. If you want this repository to be a JPA repository, consider annotating your entities with one of these annotations: javax.persistence.Entity, javax.persistence.MappedSuperclass (preferred), or consider extending one of the following types with your repository: org.springframework.data.jpa.repository.JpaRepository.
09:13:20.939 [main] INFO  o.s.d.r.c.RepositoryConfigurationExtensionSupport - Spring Data JPA - Could not safely identify store assignment for repository candidate interface app.passwd.repository.UserImageItemRepository. If you want this repository to be a JPA repository, consider annotating your entities with one of these annotations: javax.persistence.Entity, javax.persistence.MappedSuperclass (preferred), or consider extending one of the following types with your repository: org.springframework.data.jpa.repository.JpaRepository.
09:13:20.940 [main] INFO  o.s.d.r.c.RepositoryConfigurationExtensionSupport - Spring Data JPA - Could not safely identify store assignment for repository candidate interface app.passwd.repository.UserRepository. If you want this repository to be a JPA repository, consider annotating your entities with one of these annotations: javax.persistence.Entity, javax.persistence.MappedSuperclass (preferred), or consider extending one of the following types with your repository: org.springframework.data.jpa.repository.JpaRepository.
09:13:20.944 [main] INFO  o.s.d.r.c.RepositoryConfigurationDelegate - Finished Spring Data repository scanning in 25 ms. Found 1 JPA repository interfaces.
09:13:21.565 [main] INFO  o.s.b.w.e.tomcat.TomcatWebServer - Tomcat initialized with port(s): 8080 (http)
09:13:21.573 [main] INFO  o.a.coyote.http11.Http11NioProtocol - Initializing ProtocolHandler ["http-nio-8080"]
09:13:21.574 [main] INFO  o.a.catalina.core.StandardService - Starting service [Tomcat]
09:13:21.575 [main] INFO  o.a.catalina.core.StandardEngine - Starting Servlet engine: [Apache Tomcat/9.0.58]
09:13:21.713 [main] INFO  o.a.c.c.C.[Tomcat].[localhost].[/] - Initializing Spring embedded WebApplicationContext
09:13:21.713 [main] INFO  o.s.b.w.s.c.ServletWebServerApplicationContext - Root WebApplicationContext: initialization completed in 1701 ms
09:13:22.017 [main] INFO  com.zaxxer.hikari.HikariDataSource - HikariPool-1 - Starting...
09:13:22.161 [main] INFO  com.zaxxer.hikari.HikariDataSource - HikariPool-1 - Start completed.
09:13:22.209 [main] INFO  o.h.jpa.internal.util.LogHelper - HHH000204: Processing PersistenceUnitInfo [name: default]
09:13:22.258 [main] INFO  org.hibernate.Version - HHH000412: Hibernate ORM core version 5.6.5.Final
09:13:22.391 [main] INFO  o.h.annotations.common.Version - HCANN000001: Hibernate Commons Annotations {5.1.2.Final}
09:13:22.533 [main] INFO  org.hibernate.dialect.Dialect - HHH000400: Using dialect: org.hibernate.dialect.H2Dialect
09:13:22.990 [main] INFO  o.h.e.t.j.p.i.JtaPlatformInitiator - HHH000490: Using JtaPlatform implementation: [org.hibernate.engine.transaction.jta.platform.internal.NoJtaPlatform]
09:13:22.997 [main] INFO  o.s.o.j.LocalContainerEntityManagerFactoryBean - Initialized JPA EntityManagerFactory for persistence unit 'default'
09:13:23.480 [main] INFO  org.mongodb.driver.cluster - Cluster created with settings {hosts=[127.0.0.1:27017], mode=SINGLE, requiredClusterType=UNKNOWN, serverSelectionTimeout='30000 ms'}
09:13:23.640 [cluster-rtt-ClusterId{value='6237d133d2f6835f54ff5348', description='null'}-127.0.0.1:27017] INFO  org.mongodb.driver.connection - Opened connection [connectionId{localValue:1, serverValue:19}] to 127.0.0.1:27017
09:13:23.644 [cluster-ClusterId{value='6237d133d2f6835f54ff5348', description='null'}-127.0.0.1:27017] INFO  org.mongodb.driver.connection - Opened connection [connectionId{localValue:2, serverValue:18}] to 127.0.0.1:27017
09:13:23.644 [cluster-ClusterId{value='6237d133d2f6835f54ff5348', description='null'}-127.0.0.1:27017] INFO  org.mongodb.driver.cluster - Monitor thread successfully connected to server with description ServerDescription{address=127.0.0.1:27017, type=STANDALONE, state=CONNECTED, ok=true, minWireVersion=0, maxWireVersion=8, maxDocumentSize=16777216, logicalSessionTimeoutMinutes=30, roundTripTimeNanos=47843453}
09:13:23.915 [main] WARN  o.s.b.a.o.j.JpaBaseConfiguration$JpaWebConfiguration - spring.jpa.open-in-view is enabled by default. Therefore, database queries may be performed during view rendering. Explicitly configure spring.jpa.open-in-view to disable this warning
09:13:24.243 [main] WARN  o.t.templatemode.TemplateMode - [THYMELEAF][main] Template Mode 'LEGACYHTML5' is deprecated. Using Template Mode 'HTML' instead.
09:13:24.344 [main] INFO  o.a.coyote.http11.Http11NioProtocol - Starting ProtocolHandler ["http-nio-8080"]
09:13:24.362 [main] INFO  o.s.b.w.e.tomcat.TomcatWebServer - Tomcat started on port(s): 8080 (http) with context path ''
09:13:24.381 [main] INFO  app.passwd.PasswdApplication - Started PasswdApplication in 5.024 seconds (JVM running for 5.586)
09:13:24.473 [main] INFO  app.passwd.PasswdApplication - 服務成功啟動
09:13:39.957 [SpringApplicationShutdownHook] INFO  o.s.o.j.LocalContainerEntityManagerFactoryBean - Closing JPA EntityManagerFactory for persistence unit 'default'
09:13:39.961 [SpringApplicationShutdownHook] INFO  o.h.t.s.i.SchemaDropperImpl$DelayedDropActionImpl - HHH000477: Starting delayed evictData of schema as part of SessionFactory shut-down'
09:13:39.994 [SpringApplicationShutdownHook] INFO  com.zaxxer.hikari.HikariDataSource - HikariPool-1 - Shutdown initiated...
09:13:40.014 [SpringApplicationShutdownHook] INFO  com.zaxxer.hikari.HikariDataSource - HikariPool-1 - Shutdown completed.
09:13:51.923 [main] INFO  app.passwd.PasswdApplication - Starting PasswdApplication using Java 17.0.2 on smbldap with PID 6018 (/home/inono/Projects/school-passwd/target/classes started by inono in /home/inono/Projects/school-passwd)
09:13:51.929 [main] INFO  app.passwd.PasswdApplication - No active profile set, falling back to 1 default profile: "default"
09:13:52.581 [main] INFO  o.s.d.r.c.RepositoryConfigurationDelegate - Multiple Spring Data modules found, entering strict repository configuration mode!
09:13:52.581 [main] INFO  o.s.d.r.c.RepositoryConfigurationDelegate - Bootstrapping Spring Data MongoDB repositories in DEFAULT mode.
09:13:52.617 [main] INFO  o.s.d.r.c.RepositoryConfigurationExtensionSupport - Spring Data MongoDB - Could not safely identify store assignment for repository candidate interface app.passwd.repository.SystemConfigRepository. If you want this repository to be a MongoDB repository, consider annotating your entities with one of these annotations: org.springframework.data.mongodb.core.mapping.Document (preferred), or consider extending one of the following types with your repository: org.springframework.data.mongodb.repository.MongoRepository.
09:13:52.646 [main] INFO  o.s.d.r.c.RepositoryConfigurationDelegate - Finished Spring Data repository scanning in 61 ms. Found 4 MongoDB repository interfaces.
09:13:52.851 [main] INFO  o.s.d.r.c.RepositoryConfigurationDelegate - Multiple Spring Data modules found, entering strict repository configuration mode!
09:13:52.852 [main] INFO  o.s.d.r.c.RepositoryConfigurationDelegate - Bootstrapping Spring Data JPA repositories in DEFAULT mode.
09:13:52.868 [main] INFO  o.s.d.r.c.RepositoryConfigurationExtensionSupport - Spring Data JPA - Could not safely identify store assignment for repository candidate interface app.passwd.repository.SyncUseritemRepository. If you want this repository to be a JPA repository, consider annotating your entities with one of these annotations: javax.persistence.Entity, javax.persistence.MappedSuperclass (preferred), or consider extending one of the following types with your repository: org.springframework.data.jpa.repository.JpaRepository.
09:13:52.871 [main] INFO  o.s.d.r.c.RepositoryConfigurationExtensionSupport - Spring Data JPA - Could not safely identify store assignment for repository candidate interface app.passwd.repository.UserAudioitemRepository. If you want this repository to be a JPA repository, consider annotating your entities with one of these annotations: javax.persistence.Entity, javax.persistence.MappedSuperclass (preferred), or consider extending one of the following types with your repository: org.springframework.data.jpa.repository.JpaRepository.
09:13:52.873 [main] INFO  o.s.d.r.c.RepositoryConfigurationExtensionSupport - Spring Data JPA - Could not safely identify store assignment for repository candidate interface app.passwd.repository.UserImageItemRepository. If you want this repository to be a JPA repository, consider annotating your entities with one of these annotations: javax.persistence.Entity, javax.persistence.MappedSuperclass (preferred), or consider extending one of the following types with your repository: org.springframework.data.jpa.repository.JpaRepository.
09:13:52.874 [main] INFO  o.s.d.r.c.RepositoryConfigurationExtensionSupport - Spring Data JPA - Could not safely identify store assignment for repository candidate interface app.passwd.repository.UserRepository. If you want this repository to be a JPA repository, consider annotating your entities with one of these annotations: javax.persistence.Entity, javax.persistence.MappedSuperclass (preferred), or consider extending one of the following types with your repository: org.springframework.data.jpa.repository.JpaRepository.
09:13:52.882 [main] INFO  o.s.d.r.c.RepositoryConfigurationDelegate - Finished Spring Data repository scanning in 26 ms. Found 1 JPA repository interfaces.
09:13:53.489 [main] INFO  o.s.b.w.e.tomcat.TomcatWebServer - Tomcat initialized with port(s): 8080 (http)
09:13:53.497 [main] INFO  o.a.coyote.http11.Http11NioProtocol - Initializing ProtocolHandler ["http-nio-8080"]
09:13:53.498 [main] INFO  o.a.catalina.core.StandardService - Starting service [Tomcat]
09:13:53.498 [main] INFO  o.a.catalina.core.StandardEngine - Starting Servlet engine: [Apache Tomcat/9.0.58]
09:13:53.625 [main] INFO  o.a.c.c.C.[Tomcat].[localhost].[/] - Initializing Spring embedded WebApplicationContext
09:13:53.626 [main] INFO  o.s.b.w.s.c.ServletWebServerApplicationContext - Root WebApplicationContext: initialization completed in 1616 ms
09:13:53.936 [main] INFO  com.zaxxer.hikari.HikariDataSource - HikariPool-1 - Starting...
09:13:54.071 [main] INFO  com.zaxxer.hikari.HikariDataSource - HikariPool-1 - Start completed.
09:13:54.128 [main] INFO  o.h.jpa.internal.util.LogHelper - HHH000204: Processing PersistenceUnitInfo [name: default]
09:13:54.168 [main] INFO  org.hibernate.Version - HHH000412: Hibernate ORM core version 5.6.5.Final
09:13:54.308 [main] INFO  o.h.annotations.common.Version - HCANN000001: Hibernate Commons Annotations {5.1.2.Final}
09:13:54.438 [main] INFO  org.hibernate.dialect.Dialect - HHH000400: Using dialect: org.hibernate.dialect.H2Dialect
09:13:54.884 [main] INFO  o.h.e.t.j.p.i.JtaPlatformInitiator - HHH000490: Using JtaPlatform implementation: [org.hibernate.engine.transaction.jta.platform.internal.NoJtaPlatform]
09:13:54.895 [main] INFO  o.s.o.j.LocalContainerEntityManagerFactoryBean - Initialized JPA EntityManagerFactory for persistence unit 'default'
09:13:55.365 [main] INFO  org.mongodb.driver.cluster - Cluster created with settings {hosts=[127.0.0.1:27017], mode=SINGLE, requiredClusterType=UNKNOWN, serverSelectionTimeout='30000 ms'}
09:13:55.445 [cluster-rtt-ClusterId{value='6237d1537d6d842387c45a2c', description='null'}-127.0.0.1:27017] INFO  org.mongodb.driver.connection - Opened connection [connectionId{localValue:1, serverValue:21}] to 127.0.0.1:27017
09:13:55.447 [cluster-ClusterId{value='6237d1537d6d842387c45a2c', description='null'}-127.0.0.1:27017] INFO  org.mongodb.driver.connection - Opened connection [connectionId{localValue:2, serverValue:20}] to 127.0.0.1:27017
09:13:55.452 [cluster-ClusterId{value='6237d1537d6d842387c45a2c', description='null'}-127.0.0.1:27017] INFO  org.mongodb.driver.cluster - Monitor thread successfully connected to server with description ServerDescription{address=127.0.0.1:27017, type=STANDALONE, state=CONNECTED, ok=true, minWireVersion=0, maxWireVersion=8, maxDocumentSize=16777216, logicalSessionTimeoutMinutes=30, roundTripTimeNanos=31698477}
09:13:55.808 [main] WARN  o.s.b.a.o.j.JpaBaseConfiguration$JpaWebConfiguration - spring.jpa.open-in-view is enabled by default. Therefore, database queries may be performed during view rendering. Explicitly configure spring.jpa.open-in-view to disable this warning
09:13:56.097 [main] WARN  o.t.templatemode.TemplateMode - [THYMELEAF][main] Template Mode 'LEGACYHTML5' is deprecated. Using Template Mode 'HTML' instead.
09:13:56.208 [main] INFO  o.a.coyote.http11.Http11NioProtocol - Starting ProtocolHandler ["http-nio-8080"]
09:13:56.220 [main] INFO  o.s.b.w.e.tomcat.TomcatWebServer - Tomcat started on port(s): 8080 (http) with context path ''
09:13:56.239 [main] INFO  app.passwd.PasswdApplication - Started PasswdApplication in 4.861 seconds (JVM running for 5.367)
09:13:56.315 [main] INFO  app.passwd.PasswdApplication - 服務成功啟動
09:14:09.724 [SpringApplicationShutdownHook] INFO  o.s.o.j.LocalContainerEntityManagerFactoryBean - Closing JPA EntityManagerFactory for persistence unit 'default'
09:14:09.726 [SpringApplicationShutdownHook] INFO  o.h.t.s.i.SchemaDropperImpl$DelayedDropActionImpl - HHH000477: Starting delayed evictData of schema as part of SessionFactory shut-down'
09:14:09.733 [SpringApplicationShutdownHook] INFO  com.zaxxer.hikari.HikariDataSource - HikariPool-1 - Shutdown initiated...
09:14:09.737 [SpringApplicationShutdownHook] INFO  com.zaxxer.hikari.HikariDataSource - HikariPool-1 - Shutdown completed.
09:14:21.680 [main] INFO  app.passwd.PasswdApplication - Starting PasswdApplication using Java 17.0.2 on smbldap with PID 6108 (/home/inono/Projects/school-passwd/target/classes started by inono in /home/inono/Projects/school-passwd)
09:14:21.683 [main] INFO  app.passwd.PasswdApplication - No active profile set, falling back to 1 default profile: "default"
09:14:22.334 [main] INFO  o.s.d.r.c.RepositoryConfigurationDelegate - Multiple Spring Data modules found, entering strict repository configuration mode!
09:14:22.335 [main] INFO  o.s.d.r.c.RepositoryConfigurationDelegate - Bootstrapping Spring Data MongoDB repositories in DEFAULT mode.
09:14:22.369 [main] INFO  o.s.d.r.c.RepositoryConfigurationExtensionSupport - Spring Data MongoDB - Could not safely identify store assignment for repository candidate interface app.passwd.repository.SystemConfigRepository. If you want this repository to be a MongoDB repository, consider annotating your entities with one of these annotations: org.springframework.data.mongodb.core.mapping.Document (preferred), or consider extending one of the following types with your repository: org.springframework.data.mongodb.repository.MongoRepository.
09:14:22.405 [main] INFO  o.s.d.r.c.RepositoryConfigurationDelegate - Finished Spring Data repository scanning in 66 ms. Found 4 MongoDB repository interfaces.
09:14:22.606 [main] INFO  o.s.d.r.c.RepositoryConfigurationDelegate - Multiple Spring Data modules found, entering strict repository configuration mode!
09:14:22.607 [main] INFO  o.s.d.r.c.RepositoryConfigurationDelegate - Bootstrapping Spring Data JPA repositories in DEFAULT mode.
09:14:22.622 [main] INFO  o.s.d.r.c.RepositoryConfigurationExtensionSupport - Spring Data JPA - Could not safely identify store assignment for repository candidate interface app.passwd.repository.SyncUseritemRepository. If you want this repository to be a JPA repository, consider annotating your entities with one of these annotations: javax.persistence.Entity, javax.persistence.MappedSuperclass (preferred), or consider extending one of the following types with your repository: org.springframework.data.jpa.repository.JpaRepository.
09:14:22.626 [main] INFO  o.s.d.r.c.RepositoryConfigurationExtensionSupport - Spring Data JPA - Could not safely identify store assignment for repository candidate interface app.passwd.repository.UserAudioitemRepository. If you want this repository to be a JPA repository, consider annotating your entities with one of these annotations: javax.persistence.Entity, javax.persistence.MappedSuperclass (preferred), or consider extending one of the following types with your repository: org.springframework.data.jpa.repository.JpaRepository.
09:14:22.627 [main] INFO  o.s.d.r.c.RepositoryConfigurationExtensionSupport - Spring Data JPA - Could not safely identify store assignment for repository candidate interface app.passwd.repository.UserImageItemRepository. If you want this repository to be a JPA repository, consider annotating your entities with one of these annotations: javax.persistence.Entity, javax.persistence.MappedSuperclass (preferred), or consider extending one of the following types with your repository: org.springframework.data.jpa.repository.JpaRepository.
09:14:22.628 [main] INFO  o.s.d.r.c.RepositoryConfigurationExtensionSupport - Spring Data JPA - Could not safely identify store assignment for repository candidate interface app.passwd.repository.UserRepository. If you want this repository to be a JPA repository, consider annotating your entities with one of these annotations: javax.persistence.Entity, javax.persistence.MappedSuperclass (preferred), or consider extending one of the following types with your repository: org.springframework.data.jpa.repository.JpaRepository.
09:14:22.633 [main] INFO  o.s.d.r.c.RepositoryConfigurationDelegate - Finished Spring Data repository scanning in 22 ms. Found 1 JPA repository interfaces.
09:14:23.253 [main] INFO  o.s.b.w.e.tomcat.TomcatWebServer - Tomcat initialized with port(s): 8080 (http)
09:14:23.261 [main] INFO  o.a.coyote.http11.Http11NioProtocol - Initializing ProtocolHandler ["http-nio-8080"]
09:14:23.261 [main] INFO  o.a.catalina.core.StandardService - Starting service [Tomcat]
09:14:23.262 [main] INFO  o.a.catalina.core.StandardEngine - Starting Servlet engine: [Apache Tomcat/9.0.58]
09:14:23.395 [main] INFO  o.a.c.c.C.[Tomcat].[localhost].[/] - Initializing Spring embedded WebApplicationContext
09:14:23.396 [main] INFO  o.s.b.w.s.c.ServletWebServerApplicationContext - Root WebApplicationContext: initialization completed in 1640 ms
09:14:23.678 [main] INFO  com.zaxxer.hikari.HikariDataSource - HikariPool-1 - Starting...
09:14:23.822 [main] INFO  com.zaxxer.hikari.HikariDataSource - HikariPool-1 - Start completed.
09:14:23.876 [main] INFO  o.h.jpa.internal.util.LogHelper - HHH000204: Processing PersistenceUnitInfo [name: default]
09:14:23.915 [main] INFO  org.hibernate.Version - HHH000412: Hibernate ORM core version 5.6.5.Final
09:14:24.057 [main] INFO  o.h.annotations.common.Version - HCANN000001: Hibernate Commons Annotations {5.1.2.Final}
09:14:24.194 [main] INFO  org.hibernate.dialect.Dialect - HHH000400: Using dialect: org.hibernate.dialect.H2Dialect
09:14:24.631 [main] INFO  o.h.e.t.j.p.i.JtaPlatformInitiator - HHH000490: Using JtaPlatform implementation: [org.hibernate.engine.transaction.jta.platform.internal.NoJtaPlatform]
09:14:24.637 [main] INFO  o.s.o.j.LocalContainerEntityManagerFactoryBean - Initialized JPA EntityManagerFactory for persistence unit 'default'
09:14:25.113 [main] INFO  org.mongodb.driver.cluster - Cluster created with settings {hosts=[127.0.0.1:27017], mode=SINGLE, requiredClusterType=UNKNOWN, serverSelectionTimeout='30000 ms'}
09:14:25.194 [cluster-ClusterId{value='6237d171db1d425ee90e7a97', description='null'}-127.0.0.1:27017] INFO  org.mongodb.driver.connection - Opened connection [connectionId{localValue:2, serverValue:22}] to 127.0.0.1:27017
09:14:25.195 [cluster-rtt-ClusterId{value='6237d171db1d425ee90e7a97', description='null'}-127.0.0.1:27017] INFO  org.mongodb.driver.connection - Opened connection [connectionId{localValue:1, serverValue:23}] to 127.0.0.1:27017
09:14:25.199 [cluster-ClusterId{value='6237d171db1d425ee90e7a97', description='null'}-127.0.0.1:27017] INFO  org.mongodb.driver.cluster - Monitor thread successfully connected to server with description ServerDescription{address=127.0.0.1:27017, type=STANDALONE, state=CONNECTED, ok=true, minWireVersion=0, maxWireVersion=8, maxDocumentSize=16777216, logicalSessionTimeoutMinutes=30, roundTripTimeNanos=28558331}
09:14:25.559 [main] WARN  o.s.b.a.o.j.JpaBaseConfiguration$JpaWebConfiguration - spring.jpa.open-in-view is enabled by default. Therefore, database queries may be performed during view rendering. Explicitly configure spring.jpa.open-in-view to disable this warning
09:14:25.868 [main] WARN  o.t.templatemode.TemplateMode - [THYMELEAF][main] Template Mode 'LEGACYHTML5' is deprecated. Using Template Mode 'HTML' instead.
09:14:25.968 [main] INFO  o.a.coyote.http11.Http11NioProtocol - Starting ProtocolHandler ["http-nio-8080"]
09:14:25.981 [main] INFO  o.s.b.w.e.tomcat.TomcatWebServer - Tomcat started on port(s): 8080 (http) with context path ''
09:14:26.001 [main] INFO  app.passwd.PasswdApplication - Started PasswdApplication in 4.866 seconds (JVM running for 5.41)
09:14:26.084 [main] INFO  app.passwd.PasswdApplication - 服務成功啟動
09:15:12.056 [scheduling-1] INFO  org.mongodb.driver.connection - Opened connection [connectionId{localValue:3, serverValue:24}] to 127.0.0.1:27017
09:15:12.358 [scheduling-1] INFO  app.passwd.service.UseritemService - past items: 41
09:15:12.365 [scheduling-1] INFO  app.passwd.service.UseritemService - 2021-11-06 15:23-green-image-143479.jpg
09:15:12.366 [scheduling-1] INFO  app.passwd.service.UseritemService - 2021-11-06 15:23-green-image-LINE_ALBUM_110年度全國語文競賽臺中市第2區初賽_210907_1.jpg
09:15:12.366 [scheduling-1] INFO  app.passwd.service.UseritemService - 2021-11-06 15:23-green-image-LINE_ALBUM_110年度全國語文競賽臺中市第2區初賽_210907_3.jpg
09:15:12.367 [scheduling-1] INFO  app.passwd.service.UseritemService - 2021-11-06 15:23-green-image-LINE_ALBUM_110年度全國語文競賽臺中市第2區初賽_210907_6.jpg
09:15:12.367 [scheduling-1] INFO  app.passwd.service.UseritemService - 2021-11-06 15:23-green-image-LINE_ALBUM_110年度全國語文競賽臺中市第2區初賽_210907_12.jpg
09:15:12.368 [scheduling-1] INFO  app.passwd.service.UseritemService - 2021-09-23 12:33-ljm-image-20210901新生入學_210901_0.jpg
09:15:12.368 [scheduling-1] INFO  app.passwd.service.UseritemService - 2021-09-23 12:33-ljm-image-20210901新生入學_210901_26.jpg
09:15:12.368 [scheduling-1] INFO  app.passwd.service.UseritemService - 2021-09-23 12:33-ljm-image-20210901新生入學_210901_24.jpg
09:15:12.369 [scheduling-1] INFO  app.passwd.service.UseritemService - 2021-09-23 12:34-ljm-image-20210901新生入學_210901_55.jpg
09:15:12.369 [scheduling-1] INFO  app.passwd.service.UseritemService - 2021-10-10 10:11-chialun0706-image-有獎徵答5.jpg
09:15:12.369 [scheduling-1] INFO  app.passwd.service.UseritemService - 2021-10-15 10:59-tea41-video-年長者行路安全-國 (convert-video-online.com).mp4
09:15:12.370 [scheduling-1] INFO  app.passwd.service.UseritemService - 2021-10-15 10:59-tea41-video-行人穿越馬路注意事項-過路篇 (convert-video-online.com).mp4
09:15:12.370 [scheduling-1] INFO  app.passwd.service.UseritemService - 2021-10-15 11:05-natalie31-image-廚餘豬罰鍰.png
09:15:12.370 [scheduling-1] INFO  app.passwd.service.UseritemService - 2021-09-29 15:09-tea41-image-110年防災演練海報.JPG
09:15:12.371 [scheduling-1] INFO  app.passwd.service.UseritemService - 2021-11-16 11:33-natalie31-image-110.9.17潔淨市容四部曲.png
09:15:12.371 [scheduling-1] INFO  app.passwd.service.UseritemService - 2021-10-28 15:17-tea23-image-110市長盃射箭.png
09:15:12.372 [scheduling-1] INFO  app.passwd.service.UseritemService - 2021-09-28 15:14-tea23-image-110市長盃射箭.png
09:15:12.373 [scheduling-1] INFO  app.passwd.service.UseritemService - 2021-12-02 15:46-tea23-image-防溺10招.png
09:15:12.373 [scheduling-1] INFO  app.passwd.service.UseritemService - 2021-12-02 15:46-tea23-image-救溺五步.png
09:15:12.373 [scheduling-1] INFO  app.passwd.service.UseritemService - 2021-10-13 10:54-natalie31-video-新聞局防疫影片30秒.mp4
09:15:12.374 [scheduling-1] INFO  app.passwd.service.UseritemService - 2021-10-13 10:56-natalie31-image-2降級banner_5.jpeg
09:15:12.374 [scheduling-1] INFO  app.passwd.service.UseritemService - 2021-10-07 11:50-igogo-video-防疫宣導影片-快打市場 30秒.mp4
09:15:12.374 [scheduling-1] INFO  app.passwd.service.UseritemService - 2021-10-15 09:52-john-image-購物節.png
09:15:12.374 [scheduling-1] INFO  app.passwd.service.UseritemService - 2021-10-08 11:26-igogo-image-購物節.png
09:15:12.375 [scheduling-1] INFO  app.passwd.service.UseritemService - 2021-11-14 12:43-amauew-image-110.10.15為建立學生基本稅務常識，協助宣傳「穿越時空 稅務對決」網路闖關遊戲，鼓勵學生踴躍參加，附件。 .png
09:15:12.376 [scheduling-1] INFO  app.passwd.service.UseritemService - 2021-10-21 11:06-john-image-DM-01.jpg
09:15:12.377 [scheduling-1] INFO  app.passwd.service.UseritemService - 2021-10-21 11:06-john-image-DM-02.jpg
09:15:12.377 [scheduling-1] INFO  app.passwd.service.UseritemService - 2021-10-21 11:44-john-image-購物節.png
09:15:12.377 [scheduling-1] INFO  app.passwd.service.UseritemService - 2021-11-20 14:53-amauew-image-租稅小叮嚀-漫畫版-110學年度.png
09:15:12.377 [scheduling-1] INFO  app.passwd.service.UseritemService - 2021-12-02 15:45-tea23-image-110羽球比賽.png
09:15:12.377 [scheduling-1] INFO  app.passwd.service.UseritemService - 2021-11-04 14:30-amauew-image-嘉年華.png
09:15:12.378 [scheduling-1] INFO  app.passwd.service.UseritemService - 2021-11-04 14:37-chlong-image-1101030_仲夏嘉年華.png
09:15:12.379 [scheduling-1] INFO  app.passwd.service.UseritemService - 2021-12-02 15:55-tea23-image-泱郡1101108.png
09:15:12.379 [scheduling-1] INFO  app.passwd.service.UseritemService - 2021-11-16 15:36-amauew-image-110.11.16協助張貼海報，並利用網站、臉書、跑馬燈或電視牆等管道協助宣傳「稅藝驕點」線上閱讀抽獎活動，附件1。 .jpg
09:15:12.387 [scheduling-1] INFO  app.passwd.service.UseritemService - 2021-11-24 11:49-ljm-image-LINE_ALBUM_20211016志工期初大會_211019_7.jpg
09:15:12.387 [scheduling-1] INFO  app.passwd.service.UseritemService - 2021-11-24 11:50-ljm-image-216620.jpg
09:15:12.387 [scheduling-1] INFO  app.passwd.service.UseritemService - 2021-11-24 11:50-ljm-image-IMG_1845_0.JPG
09:15:12.387 [scheduling-1] INFO  app.passwd.service.UseritemService - 2021-11-24 11:50-ljm-image-IMG_1845_0.JPG
09:15:12.388 [scheduling-1] INFO  app.passwd.service.UseritemService - 2021-11-24 11:53-ljm-image-LINE_ALBUM_110.11.17校慶活動_211117.jpg
09:15:12.388 [scheduling-1] INFO  app.passwd.service.UseritemService - 2021-12-02 09:30-tea41-image-110愛心服務站.jpg
09:15:12.388 [scheduling-1] INFO  app.passwd.service.UseritemService - 2021-12-02 09:44-tea41-image-110愛心服務站.jpg
09:15:12.392 [scheduling-1] INFO  a.p.service.UserAudioitemService - past audio items: 0
09:15:12.394 [scheduling-1] INFO  app.passwd.config.ScheduleConfig - 143479.jpg
09:15:12.394 [scheduling-1] INFO  app.passwd.config.ScheduleConfig - LINE_ALBUM_110年度全國語文競賽臺中市第2區初賽_210907_1.jpg
09:15:12.395 [scheduling-1] INFO  app.passwd.config.ScheduleConfig - LINE_ALBUM_110年度全國語文競賽臺中市第2區初賽_210907_3.jpg
09:15:12.395 [scheduling-1] INFO  app.passwd.config.ScheduleConfig - LINE_ALBUM_110年度全國語文競賽臺中市第2區初賽_210907_6.jpg
09:15:12.395 [scheduling-1] INFO  app.passwd.config.ScheduleConfig - LINE_ALBUM_110年度全國語文競賽臺中市第2區初賽_210907_12.jpg
09:15:12.396 [scheduling-1] INFO  app.passwd.config.ScheduleConfig - 20210901新生入學_210901_0.jpg
09:15:12.396 [scheduling-1] INFO  app.passwd.config.ScheduleConfig - 20210901新生入學_210901_26.jpg
09:15:12.396 [scheduling-1] INFO  app.passwd.config.ScheduleConfig - 20210901新生入學_210901_24.jpg
09:15:12.396 [scheduling-1] INFO  app.passwd.config.ScheduleConfig - 20210901新生入學_210901_55.jpg
09:15:12.396 [scheduling-1] INFO  app.passwd.config.ScheduleConfig - 有獎徵答5.jpg
09:15:12.396 [scheduling-1] INFO  app.passwd.config.ScheduleConfig - 年長者行路安全-國 (convert-video-online.com).mp4
09:15:12.396 [scheduling-1] INFO  app.passwd.config.ScheduleConfig - 行人穿越馬路注意事項-過路篇 (convert-video-online.com).mp4
09:15:12.396 [scheduling-1] INFO  app.passwd.config.ScheduleConfig - 廚餘豬罰鍰.png
09:15:12.397 [scheduling-1] INFO  app.passwd.config.ScheduleConfig - 110年防災演練海報.JPG
09:15:12.397 [scheduling-1] INFO  app.passwd.config.ScheduleConfig - 110.9.17潔淨市容四部曲.png
09:15:12.397 [scheduling-1] INFO  app.passwd.config.ScheduleConfig - 110市長盃射箭.png
09:15:12.397 [scheduling-1] INFO  app.passwd.config.ScheduleConfig - 110市長盃射箭.png
09:15:12.397 [scheduling-1] INFO  app.passwd.config.ScheduleConfig - 防溺10招.png
09:15:12.397 [scheduling-1] INFO  app.passwd.config.ScheduleConfig - 救溺五步.png
09:15:12.397 [scheduling-1] INFO  app.passwd.config.ScheduleConfig - 新聞局防疫影片30秒.mp4
09:15:12.398 [scheduling-1] INFO  app.passwd.config.ScheduleConfig - 2降級banner_5.jpeg
09:15:12.398 [scheduling-1] INFO  app.passwd.config.ScheduleConfig - 防疫宣導影片-快打市場 30秒.mp4
09:15:12.398 [scheduling-1] INFO  app.passwd.config.ScheduleConfig - 購物節.png
09:15:12.398 [scheduling-1] INFO  app.passwd.config.ScheduleConfig - 購物節.png
09:15:12.398 [scheduling-1] INFO  app.passwd.config.ScheduleConfig - 110.10.15為建立學生基本稅務常識，協助宣傳「穿越時空 稅務對決」網路闖關遊戲，鼓勵學生踴躍參加，附件。 .png
09:15:12.398 [scheduling-1] INFO  app.passwd.config.ScheduleConfig - DM-01.jpg
09:15:12.398 [scheduling-1] INFO  app.passwd.config.ScheduleConfig - DM-02.jpg
09:15:12.398 [scheduling-1] INFO  app.passwd.config.ScheduleConfig - 購物節.png
09:15:12.398 [scheduling-1] INFO  app.passwd.config.ScheduleConfig - 租稅小叮嚀-漫畫版-110學年度.png
09:15:12.398 [scheduling-1] INFO  app.passwd.config.ScheduleConfig - 110羽球比賽.png
09:15:12.399 [scheduling-1] INFO  app.passwd.config.ScheduleConfig - 嘉年華.png
09:15:12.399 [scheduling-1] INFO  app.passwd.config.ScheduleConfig - 1101030_仲夏嘉年華.png
09:15:12.399 [scheduling-1] INFO  app.passwd.config.ScheduleConfig - 泱郡1101108.png
09:15:12.399 [scheduling-1] INFO  app.passwd.config.ScheduleConfig - 110.11.16協助張貼海報，並利用網站、臉書、跑馬燈或電視牆等管道協助宣傳「稅藝驕點」線上閱讀抽獎活動，附件1。 .jpg
09:15:12.399 [scheduling-1] INFO  app.passwd.config.ScheduleConfig - LINE_ALBUM_20211016志工期初大會_211019_7.jpg
09:15:12.399 [scheduling-1] INFO  app.passwd.config.ScheduleConfig - 216620.jpg
09:15:12.399 [scheduling-1] INFO  app.passwd.config.ScheduleConfig - IMG_1845_0.JPG
09:15:12.399 [scheduling-1] INFO  app.passwd.config.ScheduleConfig - IMG_1845_0.JPG
09:15:12.399 [scheduling-1] INFO  app.passwd.config.ScheduleConfig - LINE_ALBUM_110.11.17校慶活動_211117.jpg
09:15:12.399 [scheduling-1] INFO  app.passwd.config.ScheduleConfig - 110愛心服務站.jpg
09:15:12.399 [scheduling-1] INFO  app.passwd.config.ScheduleConfig - 110愛心服務站.jpg
09:19:28.749 [SpringApplicationShutdownHook] INFO  o.s.o.j.LocalContainerEntityManagerFactoryBean - Closing JPA EntityManagerFactory for persistence unit 'default'
09:19:28.763 [SpringApplicationShutdownHook] INFO  o.h.t.s.i.SchemaDropperImpl$DelayedDropActionImpl - HHH000477: Starting delayed evictData of schema as part of SessionFactory shut-down'
09:19:28.789 [SpringApplicationShutdownHook] INFO  com.zaxxer.hikari.HikariDataSource - HikariPool-1 - Shutdown initiated...
09:19:28.811 [SpringApplicationShutdownHook] INFO  com.zaxxer.hikari.HikariDataSource - HikariPool-1 - Shutdown completed.
